Seg_#  Arr_time  Del_Time  Stall_Dur  Rep_Level  Del_Rate  Act_Rate  Byte_Size  Buff_Level
    1      5822      5822          0       1002       350      1019     254750       2.000
    2      8644      2822          0       1002       787      1111     277826       4.000
    3     12964      4320        320       1002       437       945     236436       2.000
    4     14940      1975          0       1002      1133      1119     279808       2.025
    5     16900      1960          0       1002      1177      1154     288654       2.064
    6     18441      1540          0       1002      1319      1016     254082       2.523
    7     20005      1564          0       1002      1192       932     233115       2.959
    8     21314      1308          0       1002      1408       921     230404       3.650
    9     25241      3926        276       1002       397       779     194933       2.000
   10     26380      1139          0       1002      1391       793     198266       2.860
   11     26953       572          0       1002      2840       812     203169       4.288
   12     28475      1522          0       1002      1059       806     201716       4.766
   13     29683      1208          0       1002      1772      1070     267691       5.558
   14     34082      4398          0       1002       430       946     236530       3.159
   15     34741       658          0       1002      2465       811     202998       4.500
   16     35593       851          0       1002      2178       927     231991       5.648
   17     36212       618          0       1002      3399      1052     263035       7.029
   18     37130       918          0       1002      2410      1106     276603       8.111
   19     38031       900          0       1002      2472      1113     278375       9.210
   20     38924       893          0       1002      2737      1222     305651      10.317
   21     39995      1070          0       1002      2139      1145     286426      11.246
   22     40617       622          0       1002      3502      1090     272598      12.624
   23     43998      3380          0       1002       595      1006     251612      11.243
   24     44814       816          0       1002      2084       850     212723      12.427
   25     45589       774          0       1002      2370       917     229343      13.653
   26     46378       789          0       1002      2031       801     200468      14.863
   27     47053       675          0       1002      2427       819     204863      16.188
   28     47178       124          0       1002     15048       940     235088      18.063
   29     50444      3265          0       6002      4319      7052    1763135      16.797
   30     52749      2305          0       4002      3284      3785     946389      16.492
   31     61215      8465          0       4002       852      3608     902054      10.027
   32     62210       995          0       1002      2065      1028     257050      11.031
   33     73333     11122         91       1002       186      1034     258720       2.000
   34     81326      7992       5992       1002       271      1086     271582       2.000
   35     90709      9382       7382       1002       262      1229     307361       2.000
   36     95901      5191       3191       1002       462      1200     300176       2.000
   37    108021     12120      10120       1002       173      1049     262322       2.000
   38    115994      7972       5972       1002       239       954     238656       2.000
   39    118208      2213        213       1002       833       922     230537       2.000
   40    119976      1768          0       1002      1021       903     225791       2.231
   41    126351      6374       4143       1002       264       842     210560       2.000
   42    130606      4255       2255       1002       363       773     193322       2.000
   43    134946      4339       2339       1002       401       871     217898       2.000
   44    138215      3268       1268       1002       680      1112     278194       2.000
   45    159018     20802      18802       1002        84       877     219280       2.000
   46    169969     10950       8950       1002       157       860     215102       2.000
   47    176797      6827       4827       1002       295      1007     251815       2.000
   48    180836      4039       2039       1002       504      1019     254855       2.000
   49    185111      4274       2274       1002       528      1129     282290       2.000
   50    192793      7681       5681       1002       319      1226     306522       2.000
   51    217004     24211      22211       1002        94      1145     286359       2.000
   52    225960      8955       6955       1002       242      1087     271950       2.000
   53    227873      1913          0       1002      1060      1014     253536       2.087
   54    231535      3661       1575       1002       563      1032     258063       2.000
   55    240130      8595       6595       1002       201       866     216653       2.000
   56    247436      7306       5306       1002       230       841     210472       2.000
   57    250116      2679        679       1002       603       808     202110       2.000
   58    251816      1699          0       1002       934       793     198453       2.300
   59    261172      9356       7056       1002       251      1178     294537       2.000
   60    269192      8020       6020       1002       232       933     233429       2.000
   61    284013     14820      12820       1002        99       738     184579       2.000
   62    297149     13136      11136       1002       139       913     228462       2.000
   63    301149      3999       1999       1002       539      1078     269699       2.000
   64    304130      2980        980       1002       683      1018     254745       2.000
   65    305428      1298          0       1002      1828      1187     296877       2.701
   66    307233      1804          0       1002      1267      1143     285901       2.897
   67    309319      2086          0       1002      1080      1127     281936       2.811
   68    310899      1580          0       1002      1328      1049     262483       3.230
   69    311824       924          0       1002      2266      1048     262019       4.306
   70    319471      7647       3341       1002       221       846     211534       2.000
   71    320792      1320          0       1002      1287       850     212505       2.680
   72    322355      1562          0       1002      1063       831     207755       3.117
   73    324583      2228          0       1002       739       823     205946       2.888
   74    327538      2954         67       1002       741      1095     273908       2.000
   75    331428      3889       1889       1002       481       936     234233       2.000
   76    332748      1320          0       1002      1130       746     186629       2.680
   77    333909      1160          0       1002      1556       903     225923       3.519
   78    334952      1042          0       1002      2046      1067     266807       4.476
   79    343301      8348       3872       1002       246      1028     257247       2.000
   80    347325      4023       2023       1002       558      1122     280708       2.000
   81    350781      3456       1456       1002       713      1233     308258       2.000
   82    352857      2075         75       1002      1104      1146     286630       2.000
   83    353950      1093          0       1002      2018      1103     275824       2.907
   84    354397       446          0       1002      4705      1051     262827       4.460
   85    354838       441          0       1002      3799       838     209712       6.019
   86    355495       657          0       1002      2776       912     228045       7.362
   87    355871       375          0       1002      4457       836     209238       8.986
   88    356200       329          0       1002      4944       813     203406      10.657
   89    356657       456          0       1002      4192       957     239452      12.200
   90    359602      2945          0       1002       704      1037     259385      11.255
   91    360428       825          0       1002      2144       885     221335      12.429
   92    361147       719          0       1002      2276       818     204612      13.710
   93    362089       941          0       1002      2063       971     242863      14.768
   94    365959      3869          0       1002       517      1001     250359      12.898
   95    369546      3586          0       1002       597      1070     267709      11.311
   96    372642      3096          0       1002       795      1232     308044      10.215
   97    375561      2919          0       1002       813      1186     296743       9.296
   98    383292      7730          0       1002       283      1095     273829       3.565
   99    385726      2434          0       1002       809       985     246352       3.131
New connection was opened
  100    391824      6097       2966       1002       304       927     231867       2.000
  101    395480      3656       1656       1002       522       954     238675       2.000
  102    403186      7706       5706       1002       219       847     211800       2.000
  103    405347      2160        160       1002       721       779     194798       2.000
  104    407178      1831          0       1002       971       889     222463       2.168
  105    411642      4463       2295       1002       494      1102     275691       2.000
  106    416832      5190       3190       1002       333       865     216312       2.000
  107    419319      2487        487       1002       673       837     209296       2.000
  108    422785      3466       1466       1002       552       956     239197       2.000
  109    424705      1920          0       1002      1047      1005     251312       2.080
  110    425942      1236          0       1002      1694      1047     261945       2.843
  111    426829       887          0       1002      2790      1238     309607       3.956
  112    428305      1475          0       1002      1572      1159     289996       4.481
  113    429395      1090          0       1002      2019      1100     275122       5.391
  114    430102       707          0       1002      2951      1043     260948       6.683
  115    431770      1667          0       1002      1255      1047     261834       7.015
  116    435341      3570          0       1002       491       876     219248       5.445
  117    436042       701          0       1002      2393       839     209811       6.743
  118    436699       656          0       1002      2493       818     204739       8.086
  119    437178       478          0       1002      3339       799     199847       9.608
  120    438320      1142          0       1002      2050      1170     292674      10.466
  121    439498      1178          0       1002      1548       912     228003      11.287
  122    440194       696          0       1002      2173       756     189170      12.591
  123    440990       795          0       1002      2191       871     217963      13.795
  124    441641       650          0       1002      3237      1053     263410      15.144
  125    442424       783          0       1002      2655      1040     260016      16.361
  126    443201       776          0       1002      3061      1189     297258      17.584
  127    443731       529          0       1002      4228      1120     280031      19.054
  128    444350       618          0       1002      3751      1160     290002      20.436
  129    444839       488          0       1002      4351      1063     265919      21.947
  130    445457       617          0       1002      3588      1108     277200      23.329
  131    446049       592          0       1002      3022       895     223847      24.737
  132    446668       618          0       1002      2689       832     208034      26.118
  133    447077       408          0       1002      4003       818     204674      27.709
  134    447746       668          0       1002      2454       820     205171      29.040
  135    448919      1172          0       1002      1856      1088     272093      29.868
  136    450251      1332          0       1002      1417       944     236114      30.535
  137    451713      1462          0       1002      1043       763     190885      31.073
  138    452495       781          0       1002      2186       854     213630      32.291
  139    453501      1005          0       1002      2121      1066     266678      33.285
  140    454371       870          0       1002      2248       978     244617      34.415
  141    454684       312          0       1002      7378      1153     288278      36.102
  142    455647       963          0       1002      2500      1204     301019      37.139
  143    459426      3778          0       1002       610      1152     288207      35.360
  144    459977       551          0       1002      4073      1123     280760      36.809
  145    460555       578          0       1002      3730      1078     269678      38.231
  146    460961       406          0       1002      4327       878     219667      39.825
  147    461487       525          0       1002      3420       898     224679      41.299
  148    461816       328          0       1002      4930       810     202613      42.971
  149    462217       401          0       1002      4122       827     206855      44.569
  150    463203       985          0       1002      1947       960     240000      45.583
