Seg_#  Arr_time  Del_Time  Stall_Dur  Rep_Level  Del_Rate  Act_Rate  Byte_Size  Buff_Level
    1      7149      7149          0       1002       285      1019     254750       2.000
    2     23870     16721          0       1002       132      1111     277826       4.000
    3     36597     12727       8727       1002       148       945     236436       2.000
    4     40170      3572       1572       1002       626      1119     279808       2.000
    5     43560      3390       1390       1002       681      1154     288654       2.000
    6     49107      5546       3546       1002       366      1016     254082       2.000
    7     58768      9661       7661       1002       193       932     233115       2.000
    8     66487      7719       5719       1002       238       921     230404       2.000
    9     80161     13673      11673       1002       114       779     194933       2.000
   10     86520      6358       4358       1002       249       793     198266       2.000
   11     96812     10291       8291       1002       157       812     203169       2.000
   12    100394      3582       1582       1002       450       806     201716       2.000
   13    112945     12550      10550       1002       170      1070     267691       2.000
   14    125271     12326      10326       1002       153       946     236530       2.000
   15    128139      2867        867       1002       566       811     202998       2.000
   16    130624      2485        485       1002       746       927     231991       2.000
   17    132651      2026         26       1002      1038      1052     263035       2.000
   18    134547      1896          0       1002      1166      1106     276603       2.104
   19    145393     10845       8742       1002       205      1113     278375       2.000
   20    160687     15294      13294       1002       159      1222     305651       2.000
   21    168411      7723       5723       1002       296      1145     286426       2.000
   22    171902      3491       1491       1002       624      1090     272598       2.000
   23    182732     10829       8829       1002       185      1006     251612       2.000
   24    192526      9794       7794       1002       173       850     212723       2.000
   25    195422      2896        896       1002       633       917     229343       2.000
   26    199687      4264       2264       1002       376       801     200468       2.000
   27    205828      6141       4141       1002       266       819     204863       2.000
   28    211120      5291       3291       1002       355       940     235088       2.000
   29    221758     10637       8637       1002       198      1056     264170       2.000
   30    224283      2525        525       1002       694       877     219390       2.000
   31    227169      2886        886       1002       596       860     215151       2.000
   32    233886      6716       4716       1002       306      1028     257050       2.000
   33    243554      9667       7667       1002       214      1034     258720       2.000
   34    253435      9881       7881       1002       219      1086     271582       2.000
   35    264404     10968       8968       1002       224      1229     307361       2.000
   36    276239     11835       9835       1002       202      1200     300176       2.000
   37    287542     11303       9303       1002       185      1049     262322       2.000
   38    293425      5882       3882       1002       324       954     238656       2.000
   39    305509     12084      10084       1002       152       922     230537       2.000
   40    315221      9711       7711       1002       185       903     225791       2.000
   41    321426      6204       4204       1002       271       842     210560       2.000
   42    327492      6066       4066       1002       254       773     193322       2.000
   43    329847      2355        355       1002       740       871     217898       2.000
   44    341592     11744       9744       1002       189      1112     278194       2.000
   45    348366      6773       4773       1002       258       877     219280       2.000
   46    349297       931          0       1002      1848       860     215102       3.069
   47    350506      1209          0       1002      1665      1007     251815       3.859
   48    363903     13396       9536       1002       152      1019     254855       2.000
   49    366896      2993        993       1002       754      1129     282290       2.000
   50    368725      1829          0       1002      1340      1226     306522       2.171
   51    376226      7500       5329       1002       305      1145     286359       2.000
   52    381820      5594       3594       1002       388      1087     271950       2.000
   53    389107      7286       5286       1002       278      1014     253536       2.000
   54    392001      2894        894       1002       713      1032     258063       2.000
   55    393679      1678          0       1002      1032       866     216653       2.322
   56    395051      1372          0       1002      1227       841     210472       2.949
   57    399939      4887       1938       1002       330       808     202110       2.000
   58    402060      2120        120       1002       748       793     198453       2.000
   59    403761      1701          0       1002      1384      1178     294537       2.299
   60    405416      1654          0       1002      1128       933     233429       2.644
   61    406317       901          0       1002      1637       738     184579       3.743
   62    413031      6713       2970       1002       272       913     228462       2.000
   63    414240      1209          0       1002      1784      1078     269699       2.791
   64    415637      1396          0       1002      1458      1018     254745       3.394
   65    417329      1692          0       1002      1403      1187     296877       3.701
   66    417899       569          0       1002      4018      1143     285901       5.132
   67    422324      4425          0       1002       509      1127     281936       2.707
   68    422838       513          0       1002      4087      1049     262483       4.193
   69    423848      1009          0       1002      2075      1048     262019       5.183
   70    426426      2577          0       1002       656       846     211534       4.605
   71    427488      1062          0       1002      1600       850     212505       5.543
   72    428432       943          0       1002      1761       831     207755       6.599
   73    429503      1071          0       1002      1537       823     205946       7.528
   74    433492      3989          0       1002       549      1095     273908       5.539
   75    435083      1591          0       1002      1177       936     234233       5.948
   76    436085      1001          0       1002      1490       746     186629       6.946
   77    436420       334          0       1002      5399       903     225923       8.611
   78    437322       901          0       1002      2366      1067     266807       9.709
   79    438402      1080          0       1002      1904      1028     257247      10.628
   80    439046       643          0       1002      3491      1122     280708      11.985
   81    440268      1222          0       1002      2016      1233     308258      12.763
   82    440682       413          0       1002      5544      1146     286630      14.349
   83    441210       528          0       1002      4176      1103     275824      15.821
   84    445065      3855          0       1002       545      1051     262827      13.966
   85    446109      1043          0       1002      1608       838     209712      14.922
   86    450352      4243          0       1002       429       912     228045      12.679
   87    452550      2198          0       1002       761       836     209238      12.481
   88    453403       852          0       1002      1908       813     203406      13.628
   89    454341       937          0       1002      2043       957     239452      14.690
   90    455246       905          0       1002      2291      1037     259385      15.785
   91    457540      2293          0       1002       771       885     221335      15.491
   92    458543      1002          0       1002      1632       818     204612      16.488
   93    462851      4307          0       1002       451       971     242863      14.180
   94    464885      2034          0       1002       984      1001     250359      14.146
   95    466632      1746          0       1002      1225      1070     267709      14.399
   96    468775      2142          0       1002      1150      1232     308044      14.256
   97    470583      1808          0       1002      1312      1186     296743      14.448
   98    472796      2212          0       1002       989      1095     273829      14.235
   99    474335      1539          0       1002      1280       985     246352      14.696
New connection was opened
  100    476851      2515          0       1002       737       927     231867      14.180
  101    477663       811          0       1002      2351       954     238675      15.368
  102    480743      3080          0       1002       550       847     211800      14.288
  103    486060      5317          0       1002       293       779     194798      10.971
  104    490121      4060          0       1002       438       889     222463       8.911
  105    493377      3256          0       1002       677      1102     275691       7.655
  106    495385      2008          0       1002       861       865     216312       7.646
  107    496745      1360          0       1002      1230       837     209296       8.286
  108    498661      1916          0       1002       998       956     239197       8.370
  109    501880      3218          0       1002       624      1005     251312       7.151
  110    503966      2085          0       1002      1004      1047     261945       7.066
  111    506894      2928          0       1002       845      1238     309607       6.137
  112    508899      2004          0       1002      1157      1159     289996       6.133
  113    511108      2209          0       1002       996      1100     275122       5.923
  114    512793      1685          0       1002      1238      1043     260948       6.238
  115    515619      2825          0       1002       741      1047     261834       5.413
  116    517234      1615          0       1002      1086       876     219248       5.798
  117    519002      1768          0       1002       949       839     209811       6.029
  118    519580       578          0       1002      2833       818     204739       7.451
  119    521287      1706          0       1002       936       799     199847       7.745
  120    523027      1740          0       1002      1345      1170     292674       8.004
  121    524254      1226          0       1002      1486       912     228003       8.777
  122    527160      2905          0       1002       520       756     189170       7.872
  123    528277      1117          0       1002      1560       871     217963       8.755
  124    529700      1423          0       1002      1480      1053     263410       9.331
  125    531049      1348          0       1002      1542      1040     260016       9.983
  126    531427       378          0       1002      6288      1189     297258      11.605
  127    532400       973          0       1002      2301      1120     280031      12.631
  128    536864      4464          0       1002       519      1160     290002      10.167
  129    537904      1039          0       1002      2045      1063     265919      11.127
  130    538987      1082          0       1002      2048      1108     277200      12.045
  131    540161      1174          0       1002      1524       895     223847      12.871
  132    541669      1508          0       1002      1103       832     208034      13.362
  133    541955       285          0       1002      5735       818     204674      15.077
  134    543168      1213          0       1002      1353       820     205171      15.864
  135    546974      3806          0       1002       571      1088     272093      14.058
  136    548340      1366          0       1002      1382       944     236114      14.692
  137    549084       743          0       1002      2054       763     190885      15.948
  138    549940       856          0       1002      1994       854     213630      17.091
  139    553304      3364          0       1002       634      1066     266678      15.727
  140    553828       523          0       1002      3738       978     244617      17.204
  141    562569      8740          0       1002       263      1153     288278      10.463
  142    565782      3212          0       1002       749      1204     301019       9.250
  143    567716      1934          0       1002      1192      1152     288207       9.316
  144    573535      5819          0       1002       385      1123     280760       5.497
  145    575755      2219          0       1002       971      1078     269678       5.277
  146    576739       983          0       1002      1786       878     219667       6.293
  147    577661       921          0       1002      1949       898     224679       7.371
  148    578695      1034          0       1002      1567       810     202613       8.337
  149    578965       270          0       1002      6121       827     206855      10.067
  150    579480       514          0       1002      3731       960     240000      11.552
