Seg_#  Arr_time  Del_Time  Stall_Dur  Rep_Level  Del_Rate  Act_Rate  Byte_Size  Buff_Level
    1      1767      1767          0       1002      1152      1019     254750       2.000
    2      3338      1570          0       1002      1415      1111     277826       4.000
    3      4316       978          0       1002      1934       945     236436       5.022
    4      5218       902          0       1002      2480      1119     279808       6.120
    5     10850      5631          0       1002       410      1154     288654       2.488
    6     12297      1447          0       1002      1404      1016     254082       3.040
    7     18676      6378       3337       1002       292       932     233115       2.000
    8     23463      4787       2787       1002       384       921     230404       2.000
    9     24893      1429          0       1002      1090       779     194933       2.570
   10     29652      4759       2188       1002       333       793     198266       2.000
   11     48531     18878      16878       1002        86       812     203169       2.000
   12     57651      9120       7120       1002       176       806     201716       2.000
   13     61706      4054       2054       1002       528      1070     267691       2.000
   14     74401     12695      10695       1002       149       946     236530       2.000
   15     80283      5881       3881       1002       276       811     202998       2.000
   16     88122      7839       5839       1002       236       927     231991       2.000
   17     91721      3599       1599       1002       584      1052     263035       2.000
   18     96599      4877       2877       1002       453      1106     276603       2.000
   19    123170     26570      24570       1002        83      1113     278375       2.000
   20    144624     21453      19453       1002       113      1222     305651       2.000
   21    151278      6654       4654       1002       344      1145     286426       2.000
   22    157392      6113       4113       1002       356      1090     272598       2.000
   23    159147      1754          0       1002      1147      1006     251612       2.245
   24    161034      1887          0       1002       901       850     212723       2.358
   25    164035      3000        642       1002       611       917     229343       2.000
   26    174965     10929       8929       1002       146       801     200468       2.000
   27    176923      1957          0       1002       837       819     204863       2.042
   28    185856      8933       6891       1002       210       940     235088       2.000
   29    208059     22202      20202       1002        95      1056     264170       2.000
   30    212084      4025       2025       1002       435       877     219390       2.000
   31    214370      2286        286       1002       752       860     215151       2.000
   32    216956      2585        585       1002       795      1028     257050       2.000
   33    225633      8676       6676       1002       238      1034     258720       2.000
   34    233043      7410       5410       1002       293      1086     271582       2.000
   35    236900      3856       1856       1002       637      1229     307361       2.000
   36    257661     20760      18760       1002       115      1200     300176       2.000
   37    264584      6923       4923       1002       303      1049     262322       2.000
   38    277449     12864      10864       1002       148       954     238656       2.000
   39    279759      2310        310       1002       798       922     230537       2.000
   40    281093      1334          0       1002      1353       903     225791       2.666
   41    287212      6118       3452       1002       275       842     210560       2.000
   42    298231     11019       9019       1002       140       773     193322       2.000
   43    305909      7677       5677       1002       227       871     217898       2.000
   44    310453      4544       2544       1002       489      1112     278194       2.000
   45    315295      4841       2841       1002       362       877     219280       2.000
   46    317259      1964          0       1002       875       860     215102       2.035
   47    318935      1676          0       1002      1201      1007     251815       2.359
   48    321265      2330          0       1002       875      1019     254855       2.029
   49    325568      4302       2273       1002       524      1129     282290       2.000
   50    342151     16582      14582       1002       147      1226     306522       2.000
   51    348094      5942       3942       1002       385      1145     286359       2.000
   52    350932      2837        837       1002       766      1087     271950       2.000
   53    352345      1413          0       1002      1434      1014     253536       2.586
   54    355405      3059        473       1002       674      1032     258063       2.000
   55    362826      7421       5421       1002       233       866     216653       2.000
   56    363640       813          0       1002      2068       841     210472       3.186
   57    364821      1181          0       1002      1368       808     202110       4.005
   58    369592      4771        766       1002       332       793     198453       2.000
   59    370933      1340          0       1002      1758      1178     294537       2.660
   60    371680       747          0       1002      2499       933     233429       3.913
   61    374663      2983          0       1002       494       738     184579       2.930
   62    375832      1168          0       1002      1563       913     228462       3.761
   63    379180      3348          0       1002       644      1078     269699       2.412
   64    380107       926          0       1002      2199      1018     254745       3.486
   65    381603      1496          0       1002      1586      1187     296877       3.989
   66    396112     14508      10518       1002       157      1143     285901       2.000
   67    399271      3159       1159       1002       713      1127     281936       2.000
   68    405492      6221       4221       1002       337      1049     262483       2.000
   69    410104      4611       2611       1002       454      1048     262019       2.000
   70    413859      3755       1755       1002       450       846     211534       2.000
   71    420731      6871       4871       1002       247       850     212505       2.000
   72    422807      2076         76       1002       800       831     207755       2.000
   73    423964      1156          0       1002      1424       823     205946       2.843
   74    425601      1636          0       1002      1338      1095     273908       3.206
   75    427325      1723          0       1002      1087       936     234233       3.483
   76    431263      3938        455       1002       379       746     186629       2.000
   77    433309      2045         45       1002       883       903     225923       2.000
   78    435766      2457        457       1002       868      1067     266807       2.000
   79    438257      2491        491       1002       826      1028     257247       2.000
   80    444845      6588       4588       1002       340      1122     280708       2.000
   81    450339      5493       3493       1002       448      1233     308258       2.000
   82    452676      2337        337       1002       980      1146     286630       2.000
   83    454107      1430          0       1002      1542      1103     275824       2.569
   84    455246      1139          0       1002      1845      1051     262827       3.430
   85    455767       521          0       1002      3220       838     209712       4.909
   86    459609      3841          0       1002       474       912     228045       3.068
   87    460127       518          0       1002      3227       836     209238       4.549
   88    460784       656          0       1002      2479       813     203406       5.893
   89    461287       503          0       1002      3804       957     239452       7.389
   90    461976       689          0       1002      3011      1037     259385       8.700
   91    462759       783          0       1002      2261       885     221335       9.917
   92    463333       573          0       1002      2852       818     204612      11.343
   93    463940       607          0       1002      3199       971     242863      12.736
   94    464343       402          0       1002      4979      1001     250359      14.334
   95    464922       579          0       1002      3694      1070     267709      15.754
   96    468792      3869          0       1002       636      1232     308044      13.885
   97    473164      4372          0       1002       542      1186     296743      11.512
   98    474496      1332          0       1002      1644      1095     273829      12.180
   99    475643      1147          0       1002      1718       985     246352      13.033
New connection was opened
  100    478244      2600          0       1002       713       927     231867      12.433
  101    479927      1683          0       1002      1134       954     238675      12.750
  102    481101      1174          0       1002      1443       847     211800      13.575
  103    483811      2709          0       1002       575       779     194798      12.866
  104    484991      1180          0       1002      1507       889     222463      13.685
  105    486598      1607          0       1002      1372      1102     275691      14.078
  106    487929      1330          0       1002      1300       865     216312      14.748
  107    488667       738          0       1002      2266       837     209296      16.009
  108    489977      1309          0       1002      1461       956     239197      16.700
  109    491331      1354          0       1002      1484      1005     251312      17.345
  110    492581      1249          0       1002      1676      1047     261945      18.095
  111    493989      1407          0       1002      1759      1238     309607      18.687
  112    494540       550          0       1002      4216      1159     289996      20.137
  113    499691      5151          0       1002       427      1100     275122      16.986
  114    502579      2888          0       1002       722      1043     260948      16.098
  115    507112      4532          0       1002       462      1047     261834      13.565
  116    508194      1082          0       1002      1620       876     219248      14.483
  117    509790      1595          0       1002      1052       839     209811      14.887
  118    510756       966          0       1002      1695       818     204739      15.921
  119    511409       653          0       1002      2446       799     199847      17.267
  120    513716      2307          0       1002      1014      1170     292674      16.960
  121    515528      1811          0       1002      1006       912     228003      17.149
  122    517106      1577          0       1002       959       756     189170      17.571
  123    518711      1605          0       1002      1085       871     217963      17.965
  124    520408      1696          0       1002      1242      1053     263410      18.269
  125    522163      1755          0       1002      1185      1040     260016      18.514
  126    524218      2054          0       1002      1157      1189     297258      18.459
  127    525548      1330          0       1002      1684      1120     280031      19.129
  128    529027      3479          0       1002       666      1160     290002      17.650
  129    530897      1869          0       1002      1137      1063     265919      17.780
  130    532833      1935          0       1002      1145      1108     277200      17.844
  131    534085      1252          0       1002      1429       895     223847      18.592
  132    534867       781          0       1002      2130       832     208034      19.810
  133    535922      1055          0       1002      1551       818     204674      20.755
  134    536928      1005          0       1002      1632       820     205171      21.749
  135    537789       861          0       1002      2526      1088     272093      22.888
  136    538268       478          0       1002      3946       944     236114      24.409
  137    538721       452          0       1002      3373       763     190885      25.957
  138    539587       866          0       1002      1973       854     213630      27.090
  139    540614      1027          0       1002      2077      1066     266678      28.063
  140    541128       514          0       1002      3805       978     244617      29.549
  141    541806       677          0       1002      3402      1153     288278      30.871
  142    542474       668          0       1002      3602      1204     301019      32.203
  143    542911       436          0       1002      5279      1152     288207      33.766
  144    543041       130          0       1002     17244      1123     280760      35.636
  145    544448      1406          0       6002      8747      6154    1538507      36.229
  146    546236      1787          0       6002      5161      4612    1153198      36.442
  147    548506      2270          0       6002      4503      5113    1278437      36.171
  148    549473       966          0       4002      6996      3379     844886      37.205
  149    551143      1670          0       4002      4011      3351     837767      37.534
  150    553134      1990          0       4002      3954      3936     984150      37.543
