Seg_#  Arr_time  Del_Time  Stall_Dur  Rep_Level  Del_Rate  Act_Rate  Byte_Size  Buff_Level
    1       993       993          0       1002      2052      1019     254750       2.000
    2      1715       722          0       1002      3075      1111     277826       4.000
    3      2113       398          0       1002      4752       945     236436       5.602
    4      3935      1822          0       4002      4329      3944     986166       5.780
    5      4468       532          0       1002      4340      1154     288654       7.248
    6      4924       456          0       1002      4455      1016     254082       8.791
    7      5656       731          0       1002      2548       932     233115      10.060
    8      7857      2200          0       1002       837       921     230404       9.859
    9      8333       476          0       1002      3272       779     194933      11.382
   10      8888       555          0       1002      2856       793     198266      12.827
   11      9534       645          0       1002      2517       812     203169      14.181
   12      9987       452          0       1002      3563       806     201716      15.728
   13     10346       359          0       1002      5956      1070     267691      17.369
   14     10857       510          0       1002      3708       946     236530      18.859
   15     11306       449          0       1002      3610       811     202998      20.409
   16     12970      1663          0       1002      1115       927     231991      20.745
   17     13562       592          0       1002      3554      1052     263035      22.153
   18     14031       468          0       1002      4719      1106     276603      23.684
   19     15890      1858          0       1002      1198      1113     278375      23.826
   20     16602       711          0       1002      3434      1222     305651      25.114
   21     17429       827          0       1002      2769      1145     286426      26.286
   22     18377       947          0       1002      2301      1090     272598      27.339
   23     18857       479          0       1002      4193      1006     251612      28.859
   24     19086       229          0       1002      7428       850     212723      30.630
   25     20798      1712          0       4002      3931      3365     841470      30.918
   26     21078       280          0       1002      5719       801     200468      32.637
   27     23030      1951          0       4002      3684      3595     898821      32.686
   28     23560       530          0       1002      3545       940     235088      34.155
   29     24193       632          0       1002      3340      1056     264170      35.522
   30     24522       328          0       1002      5338       877     219390      37.194
   31     24995       472          0       1002      3641       860     215151      38.721
   32     25516       521          0       1002      3942      1028     257050      40.199
   33     25970       453          0       1002      4565      1034     258720      41.746
   34     26584       614          0       1002      3537      1086     271582      43.132
   35     27283       699          0       1002      3514      1229     307361      44.432
   36     28003       719          0       1002      3336      1200     300176      45.712
   37     28444       441          0       1002      4758      1049     262322      47.271
   38     28670       226          0       1002      8445       954     238656      49.045
   39     30002      1331          0       4002      4977      3314     828734      49.713
   40     31648      1645          0       4002      4382      3606     901541      50.068
   41     32939      1290          0       4002      5043      3255     813809      50.777
   42     34147      1208          0       4002      5861      3541     885399      51.568
   43     35063       915          0       4002      7424      3398     849584      52.653
   44     36009       945          0       4002     10558      4993    1248370      53.707
   45     37207      1198          0       6002      9471      5677    1419250      54.508
   46     38162       954          0       6002     10892      5197    1299363      55.554
   47     42513      4351          0       6002      3091      6726    1681600      53.203
   48     44121      1607          0       4002      5327      4282    1070711      53.595
   49     47357      3235          0       4002      3105      5024    1256176      52.359
   50     51912      4555          0       4002      2051      4673    1168410      49.803
   51     52283       370          0       1002      6180      1145     286359      51.433
   52     56301      4018          0       4002      2128      4275    1068947      49.414
   53     56790       488          0       1002      4150      1014     253536      50.926
   54     57467       676          0       1002      3050      1032     258063      52.249
   55     57929       462          0       1002      3747       866     216653      53.787
   56     58434       505          0       1002      3333       841     210472      55.282
   57     58948       513          0       1002      3146       808     202110      56.768
   58     59583       634          0       1002      2501       793     198453      58.133
   59     60628       844          0       1002      2788      1178     294537      59.088
   60     63012      1282          0       1002      1456       933     233429      58.705
   61     64668       854          0       1002      1727       738     184579      59.051
   62     66890      1120          0       1002      1631       913     228462      58.831
   63     71806      4014          0       1002       537      1078     269699      55.916
   64     75018      3212          0       1002       634      1018     254745      54.704
   65     76777      1759          0       1002      1349      1187     296877      54.944
   66     78705      1927          0       1002      1186      1143     285901      55.017
   67     80452      1746          0       1002      1291      1127     281936      55.270
   68     82647      2195          0       1002       956      1049     262483      55.075
   69     83996      1349          0       1002      1553      1048     262019      55.726
   70     84845       848          0       1002      1994       846     211534      56.877
   71     88662      3817          0       1002       445       850     212505      55.060
   72     93805      5142          0       1002       323       831     207755      51.917
   73    100192      6387          0       1002       257       823     205946      47.530
   74    106434      6241          0       1002       351      1095     273908      43.288
   75    111450      5015          0       1002       373       936     234233      40.272
   76    113473      2023          0       1002       737       746     186629      40.249
   77    114670      1196          0       1002      1510       903     225923      41.052
   78    118054      3383          0       1002       630      1067     266807      39.668
   79    122593      4539          0       1002       453      1028     257247      37.129
   80    123391       797          0       1002      2814      1122     280708      38.331
   81    123681       290          0       1002      8486      1233     308258      40.041
   82    123732        50          0       1002     45116      1146     286630      41.990
   83    139959     16227          0       6002       749      6085    1521277      27.763
   84    156470     16510          0       6002       715      5903    1475951      13.252
   85    158592      2122          0       6002      4338      4603    1150792      13.130
   86    161644      3052          0       4002      2202      3360     840119      12.078
   87    165462      3817          0       4002      1720      3284     821014      10.260
   88    166638      1175          0       1002      1383       813     203406      11.084
   89    168128      1489          0       1002      1285       957     239452      11.594
   90    169276      1148          0       1002      1806      1037     259385      12.446
   91    170166       889          0       1002      1990       885     221335      13.556
   92    170887       720          0       1002      2271       818     204612      14.836
   93    171754       867          0       1002      2240       971     242863      15.968
   94    172493       739          0       1002      2709      1001     250359      17.229
   95    173401       908          0       1002      2358      1070     267709      18.321
   96    174580      1178          0       1002      2091      1232     308044      19.143
   97    175621      1040          0       1002      2280      1186     296743      20.102
   98    177120      1499          0       1002      1460      1095     273829      20.602
   99    178336      1215          0       1002      1620       985     246352      21.386
New connection was opened
  100    179518      1181          0       1002      1569       927     231867      22.205
  101    180905      1387          0       1002      1376       954     238675      22.817
  102    181583       678          0       1002      2497       847     211800      24.139
  103    182961      1377          0       1002      1131       779     194798      24.762
  104    187624      4663          0       1002       381       889     222463      22.098
  105    189953      2328          0       1002       947      1102     275691      21.770
  106    191379      1425          0       1002      1213       865     216312      22.344
  107    193085      1706          0       1002       981       837     209296      22.638
  108    198067      4982          0       1002       384       956     239197      19.655
  109    204324      6257          0       1002       321      1005     251312      15.398
  110    214764     10439          0       1002       200      1047     261945       6.959
  111    218017      3252          0       1002       761      1238     309607       5.706
  112    219737      1720          0       1002      1348      1159     289996       5.985
  113    220506       768          0       1002      2863      1100     275122       7.217
  114    223179      2672          0       1002       781      1043     260948       6.544
  115    224026       847          0       1002      2471      1047     261834       7.696
  116    224102        75          0       1002     23175       876     219248       9.621
  117    226509      2406          0       6002      3975      4784    1196199       9.214
  118    238096     11587       2373       6002       909      5272    1318012       2.000
  119    241910      3813       1813       4002      1707      3256     814087       2.000
  120    242911      1001          0       1002      2337      1170     292674       2.999
  121    243663       751          0       1002      2427       912     228003       4.247
  122    244330       667          0       1002      2268       756     189170       5.580
  123    245142       812          0       1002      2145       871     217963       6.767
  124    245748       605          0       1002      3481      1053     263410       8.162
  125    246650       902          0       1002      2306      1040     260016       9.260
  126    247296       646          0       1002      3680      1189     297258      10.614
  127    248092       796          0       1002      2813      1120     280031      11.818
  128    249010       917          0       1002      2529      1160     290002      12.900
  129    251172      2162          0       1002       983      1063     265919      12.738
  130    252107       935          0       1002      2370      1108     277200      13.803
  131    252243       135          0       1002     13187       895     223847      15.667
  132    254357      2113          0       4002      2955      3124     781034      15.553
  133    270733     16376        823       4002       405      3320     830065       2.000
  134    272225      1491          0       1002      1100       820     205171       2.508
  135    273233      1007          0       1002      2160      1088     272093       3.501
  136    273752       519          0       1002      3639       944     236114       4.982
  137    274245       493          0       1002      3097       763     190885       6.489
  138    274976       731          0       1002      2336       854     213630       7.757
  139    277077      2100          0       1002      1015      1066     266678       7.656
  140    279502      2424          0       1002       807       978     244617       7.232
  141    280580      1077          0       1002      2139      1153     288278       8.154
  142    281395       815          0       1002      2953      1204     301019       9.339
  143    282033       637          0       1002      3614      1152     288207      10.701
  144    282588       554          0       1002      4048      1123     280760      12.146
  145    285705      3117          0       1002       692      1078     269678      11.028
  146    286392       686          0       1002      2560       878     219667      12.342
  147    288100      1708          0       1002      1052       898     224679      12.634
  148    288884       784          0       1002      2067       810     202613      13.849
  149    288965        80          0       1002     20591       827     206855      15.769
  150    297989      9024          0       6002      1274      5750    1437696       8.745
