Seg_#  Arr_time  Del_Time  Stall_Dur  Rep_Level  Del_Rate  Act_Rate  Byte_Size  Buff_Level
    1      1273      1273          0       1002      1599      1019     254750       2.000
    2      3216      1942          0       1002      1144      1111     277826       4.000
    3      4690      1473          0       1002      1283       945     236436       4.526
    4      6020      1330          0       1002      1682      1119     279808       5.196
    5      7637      1616          0       1002      1428      1154     288654       5.579
    6     10123      2485          0       1002       817      1016     254082       5.093
    7     21419     11296       6203       1002       165       932     233115       2.000
    8     25418      3999       1999       1002       460       921     230404       2.000
    9     33558      8139       6139       1002       191       779     194933       2.000
   10     43683     10124       8124       1002       156       793     198266       2.000
   11     49731      6048       4048       1002       268       812     203169       2.000
   12     56678      6947       4947       1002       232       806     201716       2.000
   13     59553      2874        874       1002       745      1070     267691       2.000
   14     61565      2012         12       1002       940       946     236530       2.000
   15     62601      1036          0       1002      1567       811     202998       2.964
   16     63222       620          0       1002      2990       927     231991       4.343
   17     66705      3483          0       1002       604      1052     263035       2.860
   18     67726      1020          0       1002      2167      1106     276603       3.839
   19     68722       996          0       1002      2235      1113     278375       4.843
   20     69855      1132          0       1002      2158      1222     305651       5.711
   21     70555       700          0       1002      3271      1145     286426       7.010
   22     71446       890          0       1002      2447      1090     272598       8.119
   23     72310       864          0       1002      2329      1006     251612       9.255
   24     72935       625          0       1002      2722       850     212723      10.630
   25     73772       836          0       1002      2192       917     229343      11.793
   26     75032      1259          0       1002      1273       801     200468      12.533
   27     75822       789          0       1002      2074       819     204863      13.743
   28     76918      1096          0       1002      1715       940     235088      14.647
   29     77745       827          0       1002      2554      1056     264170      15.820
   30     78309       563          0       1002      3114       877     219390      17.256
   31     81395      3086          0       1002       557       860     215151      16.170
   32     82975      1579          0       1002      1301      1028     257050      16.590
   33     84470      1495          0       1002      1384      1034     258720      17.095
   34     85498      1027          0       1002      2114      1086     271582      18.067
   35     86441       942          0       1002      2608      1229     307361      19.124
   36     89304      2862          0       1002       838      1200     300176      18.261
   37     93499      4195          0       1002       500      1049     262322      16.066
   38     95018      1518          0       1002      1256       954     238656      16.547
   39     96239      1221          0       1002      1510       922     230537      17.326
   40     97666      1427          0       1002      1265       903     225791      17.899
   41     98444       777          0       1002      2165       842     210560      19.121
   42    102192      3747          0       1002       412       773     193322      17.374
   43    103184       991          0       1002      1757       871     217898      18.382
   44    104681      1497          0       1002      1486      1112     278194      18.884
   45    105843      1161          0       1002      1510       877     219280      19.723
   46    111400      5556          0       1002       309       860     215102      16.166
   47    119227      7827          0       1002       257      1007     251815      10.338
   48    128103      8876          0       1002       229      1019     254855       3.462
   49    132383      4279        817       1002       527      1129     282290       2.000
   50    135746      3362       1362       1002       729      1226     306522       2.000
   51    141142      5396       3396       1002       424      1145     286359       2.000
   52    148186      7044       5044       1002       308      1087     271950       2.000
   53    149801      1614          0       1002      1256      1014     253536       2.385
   54    152000      2199          0       1002       938      1032     258063       2.186
   55    153650      1649          0       1002      1050       866     216653       2.536
   56    156004      2354          0       1002       715       841     210472       2.182
   57    166807     10802       8620       1002       149       808     202110       2.000
   58    169380      2572        572       1002       617       793     198453       2.000
   59    171808      2427        427       1002       970      1178     294537       2.000
   60    173114      1305          0       1002      1430       933     233429       2.694
   61    173882       768          0       1002      1920       738     184579       3.925
   62    177663      3780          0       1002       483       913     228462       2.145
   63    182864      5201       3056       1002       414      1078     269699       2.000
   64    184473      1608          0       1002      1266      1018     254745       2.391
   65    192281      7807       5415       1002       304      1187     296877       2.000
   66    196544      4263       2263       1002       536      1143     285901       2.000
   67    198490      1946          0       1002      1159      1127     281936       2.054
   68    200609      2119         65       1002       990      1049     262483       2.000
   69    201794      1184          0       1002      1769      1048     262019       2.816
   70    202592       798          0       1002      2120       846     211534       4.017
   71    203635      1042          0       1002      1630       850     212505       4.975
   72    204668      1033          0       1002      1607       831     207755       5.941
   73    205123       454          0       1002      3626       823     205946       7.487
   74    206478      1355          0       1002      1616      1095     273908       8.132
   75    213339      6861          0       1002       273       936     234233       3.270
   76    214888      1548          0       1002       963       746     186629       3.721
   77    229207     14318      10597       1002       126       903     225923       2.000
   78    239927     10719       8719       1002       199      1067     266807       2.000
   79    245037      5110       3110       1002       402      1028     257247       2.000
   80    252739      7701       5701       1002       291      1122     280708       2.000
   81    268360     15621      13621       1002       157      1233     308258       2.000
   82    277134      8774       6774       1002       261      1146     286630       2.000
   83    289606     12471      10471       1002       176      1103     275824       2.000
   84    293672      4065       2065       1002       517      1051     262827       2.000
   85    295681      2009          9       1002       835       838     209712       2.000
   86    298643      2962        962       1002       615       912     228045       2.000
   87    301028      2385        385       1002       701       836     209238       2.000
   88    302661      1632          0       1002       996       813     203406       2.367
   89    308557      5895       3528       1002       324       957     239452       2.000
   90    313160      4602       2602       1002       450      1037     259385       2.000
   91    322624      9464       7464       1002       187       885     221335       2.000
   92    327977      5352       3352       1002       305       818     204612       2.000
   93    335466      7489       5489       1002       259       971     242863       2.000
   94    338724      3257       1257       1002       614      1001     250359       2.000
   95    343596      4871       2871       1002       439      1070     267709       2.000
   96    347747      4151       2151       1002       593      1232     308044       2.000
   97    361089     13341      11341       1002       177      1186     296743       2.000
   98    363826      2736        736       1002       800      1095     273829       2.000
   99    365825      1998          0       1002       985       985     246352       2.001
New connection was opened
  100    369595      3770       1769       1002       491       927     231867       2.000
  101    376713      7117       5117       1002       268       954     238675       2.000
  102    384093      7379       5379       1002       229       847     211800       2.000
  103    390182      6088       4088       1002       255       779     194798       2.000
  104    395342      5159       3159       1002       344       889     222463       2.000
  105    400021      4679       2679       1002       471      1102     275691       2.000
  106    401864      1842          0       1002       939       865     216312       2.157
  107    403328      1463          0       1002      1143       837     209296       2.693
  108    404545      1216          0       1002      1572       956     239197       3.477
  109    405753      1208          0       1002      1663      1005     251312       4.268
  110    406259       505          0       1002      4145      1047     261945       5.762
  111    407474      1215          0       1002      2038      1238     309607       6.547
  112    408342       868          0       1002      2672      1159     289996       7.679
  113    408861       518          0       1002      4241      1100     275122       9.160
  114    409384       523          0       1002      3990      1043     260948      10.637
  115    409913       528          0       1002      3960      1047     261834      12.108
  116    410640       726          0       1002      2413       876     219248      13.381
  117    414494      3854          0       1002       435       839     209811      11.527
  118    414746       251          0       1002      6515       818     204739      13.276
  119    415314       568          0       1002      2811       799     199847      14.707
  120    415799       484          0       1002      4835      1170     292674      16.223
  121    416248       449          0       1002      4059       912     228003      17.774
  122    416669       421          0       1002      3591       756     189170      19.352
  123    416970       300          0       1002      5803       871     217963      21.052
  124    417433       462          0       1002      4551      1053     263410      22.589
  125    418333       900          0       1002      2310      1040     260016      23.689
  126    419134       800          0       1002      2969      1189     297258      24.888
  127    419459       325          0       1002      6877      1120     280031      26.562
  128    433815     14355          0       4002       619      4445    1111255      14.207
  129    437579      3764          0       1002       565      1063     265919      12.443
  130    438864      1284          0       1002      1726      1108     277200      13.158
  131    439866      1001          0       1002      1787       895     223847      14.156
  132    440667       801          0       1002      2077       832     208034      15.355
  133    444722      4055          0       1002       403       818     204674      13.300
  134    444790        68          0       1002     24117       820     205171      15.232
  135    460262     15471        239       6002       857      6636    1659183       2.000
  136    463272      3010       1010       4002      2861      4307    1076855       2.000
  137    465718      2445        445       4002      2425      2966     741545       2.000
  138    469258      3539       1539       1002       482       854     213630       2.000
  139    472444      3186       1186       1002       669      1066     266678       2.000
  140    473394       949          0       1002      2061       978     244617       3.051
  141    480669      7275       4225       1002       316      1153     288278       2.000
  142    482368      1699          0       1002      1417      1204     301019       2.301
  143    483380      1011          0       1002      2279      1152     288207       3.290
  144    488407      5026       1737       1002       446      1123     280760       2.000
  145    499775     11368       9368       1002       189      1078     269678       2.000
  146    506977      7201       5201       1002       244       878     219667       2.000
  147    509842      2864        864       1002       627       898     224679       2.000
  148    514253      4411       2411       1002       367       810     202613       2.000
  149    516019      1766          0       1002       936       827     206855       2.234
  150    516688       668          0       1002      2872       960     240000       3.565
