Seg_#  Arr_time  Del_Time  Stall_Dur  Rep_Level  Del_Rate  Act_Rate  Byte_Size  Buff_Level
    1      5567      5567          0       1002       366      1019     254750       2.000
    2     15887     10320          0       1002       215      1111     277826       4.000
    3     34391     18503      14503       1002       102       945     236436       2.000
    4     44220      9829       7829       1002       227      1119     279808       2.000
    5     47968      3747       1747       1002       616      1154     288654       2.000
    6     49985      2016         16       1002      1007      1016     254082       2.000
    7     51417      1431          0       1002      1302       932     233115       2.568
    8     53488      2070          0       1002       890       921     230404       2.497
    9     58956      5467       2970       1002       285       779     194933       2.000
   10     66339      7383       5383       1002       214       793     198266       2.000
   11     71947      5608       3608       1002       289       812     203169       2.000
   12     73635      1687          0       1002       956       806     201716       2.312
   13     76352      2716        404       1002       788      1070     267691       2.000
   14     78689      2337        337       1002       809       946     236530       2.000
   15     82937      4247       2247       1002       382       811     202998       2.000
   16     88220      5283       3283       1002       351       927     231991       2.000
   17     97265      9044       7044       1002       232      1052     263035       2.000
   18     99073      1808          0       1002      1223      1106     276603       2.191
   19    104976      5902       3711       1002       377      1113     278375       2.000
   20    113985      9009       7009       1002       271      1222     305651       2.000
   21    119976      5990       3990       1002       382      1145     286426       2.000
   22    127173      7197       5197       1002       302      1090     272598       2.000
   23    140443     13269      11269       1002       151      1006     251612       2.000
   24    142845      2401        401       1002       708       850     212723       2.000
   25    147571      4725       2725       1002       388       917     229343       2.000
   26    163134     15563      13563       1002       103       801     200468       2.000
   27    172232      9097       7097       1002       180       819     204863       2.000
   28    175887      3654       1654       1002       514       940     235088       2.000
   29    178213      2326        326       1002       908      1056     264170       2.000
   30    185280      7066       5066       1002       248       877     219390       2.000
   31    187574      2294        294       1002       750       860     215151       2.000
   32    195321      7746       5746       1002       265      1028     257050       2.000
   33    218366     23045      21045       1002        89      1034     258720       2.000
   34    225710      7343       5343       1002       295      1086     271582       2.000
   35    237127     11416       9416       1002       215      1229     307361       2.000
   36    240769      3642       1642       1002       659      1200     300176       2.000
   37    244702      3933       1933       1002       533      1049     262322       2.000
   38    249089      4386       2386       1002       435       954     238656       2.000
   39    256023      6934       4934       1002       265       922     230537       2.000
   40    260828      4805       2805       1002       375       903     225791       2.000
   41    262800      1971          0       1002       854       842     210560       2.028
   42    264385      1584          0       1002       975       773     193322       2.443
   43    265480      1094          0       1002      1592       871     217898       3.349
   44    266681      1201          0       1002      1852      1112     278194       4.147
   45    267650       969          0       1002      1809       877     219280       5.178
   46    267894       243          0       1002      7070       860     215102       6.935
   47    268352       457          0       1002      4398      1007     251815       8.477
   48    269092       740          0       1002      2753      1019     254855       9.736
   49    270040       947          0       1002      2382      1129     282290      10.788
   50    270782       742          0       1002      3302      1226     306522      12.046
   51    271471       688          0       1002      3329      1145     286359      13.358
   52    286338     14867       1509       1002       146      1087     271950       2.000
   53    291181      4842       2842       1002       418      1014     253536       2.000
   54    297476      6295       4295       1002       327      1032     258063       2.000
   55    299702      2225        225       1002       778       866     216653       2.000
   56    304548      4846       2846       1002       347       841     210472       2.000
   57    307942      3394       1394       1002       476       808     202110       2.000
   58    309023      1080          0       1002      1469       793     198453       2.919
   59    319835     10812       7892       1002       217      1178     294537       2.000
   60    323030      3194       1194       1002       584       933     233429       2.000
   61    329136      6106       4106       1002       241       738     184579       2.000
   62    333716      4579       2579       1002       399       913     228462       2.000
   63    345428     11712       9712       1002       184      1078     269699       2.000
   64    365114     19685      17685       1002       103      1018     254745       2.000
   65    377645     12531      10531       1002       189      1187     296877       2.000
   66    380620      2974        974       1002       768      1143     285901       2.000
   67    383366      2745        745       1002       821      1127     281936       2.000
   68    389117      5751       3751       1002       365      1049     262483       2.000
   69    398199      9081       7081       1002       230      1048     262019       2.000
   70    403228      5029       3029       1002       336       846     211534       2.000
   71    409104      5875       3875       1002       289       850     212505       2.000
   72    414661      5557       3557       1002       299       831     207755       2.000
   73    415866      1204          0       1002      1367       823     205946       2.796
   74    417857      1991          0       1002      1100      1095     273908       2.804
   75    419628      1770          0       1002      1058       936     234233       3.033
   76    420519       891          0       1002      1674       746     186629       4.142
   77    421805      1285          0       1002      1406       903     225923       4.857
   78    423935      2130          0       1002      1001      1067     266807       4.726
   79    430802      6866       2140       1002       299      1028     257247       2.000
   80    431719       916          0       1002      2449      1122     280708       3.083
   81    432291       572          0       1002      4310      1233     308258       4.511
   82    434180      1888          0       1002      1214      1146     286630       4.623
   83    435455      1275          0       1002      1730      1103     275824       5.347
   84    435845       389          0       1002      5395      1051     262827       6.958
   85    437127      1282          0       1002      1308       838     209712       7.675
   86    439461      2333          0       1002       781       912     228045       7.342
   87    440377       916          0       1002      1826       836     209238       8.425
   88    441329       951          0       1002      1710       813     203406       9.474
   89    442671      1342          0       1002      1427       957     239452      10.132
   90    444116      1445          0       1002      1435      1037     259385      10.686
   91    445292      1175          0       1002      1505       885     221335      11.510
   92    447031      1739          0       1002       941       818     204612      11.771
   93    448664      1632          0       1002      1190       971     242863      12.139
   94    452110      3446          0       1002       581      1001     250359      10.692
   95    453740      1629          0       1002      1314      1070     267709      11.063
   96    456340      2600          0       1002       947      1232     308044      10.462
   97    460004      3663          0       1002       647      1186     296743       8.798
   98    461453      1448          0       1002      1512      1095     273829       9.350
   99    462514      1061          0       1002      1856       985     246352      10.288
New connection was opened
  100    465735      3220          0       1002       575       927     231867       9.068
  101    470561      4825          0       1002       395       954     238675       6.242
  102    472436      1874          0       1002       903       847     211800       6.367
  103    475525      3089          0       1002       504       779     194798       5.278
  104    477556      2031          0       1002       876       889     222463       5.247
  105    481852      4296          0       1002       513      1102     275691       2.950
  106    483713      1860          0       1002       930       865     216312       3.090
  107    485525      1811          0       1002       924       837     209296       3.278
  108    486711      1185          0       1002      1613       956     239197       4.092
  109    488300      1589          0       1002      1265      1005     251312       4.503
  110    490370      2069          0       1002      1012      1047     261945       4.433
  111    495558      5188        755       1002       477      1238     309607       2.000
  112    498093      2534        534       1002       915      1159     289996       2.000
  113    499314      1221          0       1002      1801      1100     275122       2.778
  114    500566      1251          0       1002      1668      1043     260948       3.527
  115    501766      1200          0       1002      1745      1047     261834       4.327
  116    502438       671          0       1002      2611       876     219248       5.655
  117    502843       405          0       1002      4139       839     209811       7.249
  118    502975       131          0       1002     12436       818     204739       9.118
  119    505447      2472          0       4002      2634      3256     814087       8.645
  120    507463      2015          0       4002      4817      4855    1213773       8.630
  121    508916      1453          0       4002      5197      3777     944299       9.177
  122    511225      2308          0       4002      2857      3297     824425       8.868
  123    511670       445          0       1002      3917       871     217963      10.423
  124    512304       634          0       1002      3323      1053     263410      11.789
  125    512664       359          0       1002      5778      1040     260016      13.429
  126    513266       602          0       1002      3948      1189     297258      14.827
  127    514086       819          0       1002      2733      1120     280031      16.007
  128    514770       683          0       1002      3392      1160     290002      17.323
  129    515594       824          0       1002      2580      1063     265919      18.499
  130    516045       450          0       1002      4925      1108     277200      20.048
  131    521358      5313          0       1002       337       895     223847      16.735
  132    521792       433          0       1002      3834       832     208034      18.301
  133    522248       455          0       1002      3591       818     204674      19.845
  134    522968       719          0       1002      2280       820     205171      21.125
  135    523832       863          0       1002      2519      1088     272093      22.262
  136    524154       322          0       1002      5856       944     236114      23.939
  137    524562       407          0       1002      3745       763     190885      25.531
  138    524879       317          0       1002      5387       854     213630      27.214
  139    525280       400          0       1002      5324      1066     266678      28.814
  140    527841      2560          0       4002      3456      4425    1106371      28.253
  141    529242      1401          0       1002      1645      1153     288278      28.851
  142    529941       698          0       1002      3447      1204     301019      30.152
  143    531881      1940          0       1002      1188      1152     288207      30.212
  144    534044      2162          0       1002      1038      1123     280760      30.049
  145    535493      1449          0       1002      1488      1078     269678      30.600
  146    536634      1141          0       1002      1539       878     219667      31.459
  147    537750      1115          0       1002      1611       898     224679      32.344
  148    539010      1260          0       1002      1285       810     202613      33.083
  149    539941       931          0       1002      1777       827     206855      34.152
  150    540799       857          0       1002      2239       960     240000      35.295
