Seg_#  Arr_time  Del_Time  Stall_Dur  Rep_Level  Del_Rate  Act_Rate  Byte_Size  Buff_Level
    1      5465      5465          0       1002       372      1019     254750       2.000
    2      9800      4334          0       1002       512      1111     277826       4.000
    3     11689      1889          0       1002      1001       945     236436       4.111
    4     13739      2049          0       1002      1091      1119     279808       4.061
    5     18928      5189       1128       1002       445      1154     288654       2.000
    6     20604      1675          0       1002      1212      1016     254082       2.324
    7     21856      1251          0       1002      1490       932     233115       3.073
    8     30665      8808       5736       1002       209       921     230404       2.000
    9     34536      3871       1871       1002       402       779     194933       2.000
   10     42450      7914       5914       1002       200       793     198266       2.000
   11     49444      6993       4993       1002       232       812     203169       2.000
   12     54326      4882       2882       1002       330       806     201716       2.000
   13     69507     15180      13180       1002       141      1070     267691       2.000
   14     78925      9417       7417       1002       200       946     236530       2.000
   15     86343      7418       5418       1002       218       811     202998       2.000
   16     87612      1269          0       1002      1462       927     231991       2.731
   17     98968     11356       8625       1002       185      1052     263035       2.000
   18    100088      1119          0       1002      1976      1106     276603       2.880
   19    101830      1741          0       1002      1278      1113     278375       3.139
   20    107144      5314       2175       1002       460      1222     305651       2.000
   21    116834      9689       7689       1002       236      1145     286426       2.000
   22    118599      1764          0       1002      1235      1090     272598       2.235
   23    122448      3849       1614       1002       522      1006     251612       2.000
   24    123968      1519          0       1002      1120       850     212723       2.481
   25    127653      3685       1205       1002       497       917     229343       2.000
   26    129472      1818          0       1002       881       801     200468       2.181
   27    131032      1559          0       1002      1050       819     204863       2.621
   28    132151      1119          0       1002      1680       940     235088       3.502
   29    134058      1906          0       1002      1108      1056     264170       3.595
   30    135050       991          0       1002      1769       877     219390       4.603
   31    136283      1232          0       1002      1396       860     215151       5.371
   32    138469      2186          0       1002       940      1028     257050       5.185
   33    139795      1325          0       1002      1560      1034     258720       5.859
   34    141827      2031          0       1002      1069      1086     271582       5.827
   35    144229      2402          0       1002      1023      1229     307361       5.425
   36    154126      9897       4472       1002       242      1200     300176       2.000
   37    162969      8842       6842       1002       237      1049     262322       2.000
   38    166048      3079       1079       1002       620       954     238656       2.000
   39    172526      6478       4478       1002       284       922     230537       2.000
   40    175688      3161       1161       1002       571       903     225791       2.000
   41    178329      2641        641       1002       637       842     210560       2.000
   42    179262       932          0       1002      1657       773     193322       3.067
   43    185547      6285       3218       1002       277       871     217898       2.000
   44    188792      3244       1244       1002       686      1112     278194       2.000
   45    189960      1168          0       1002      1501       877     219280       2.832
   46    191397      1436          0       1002      1198       860     215102       3.395
   47    192378       981          0       1002      2053      1007     251815       4.414
   48    195227      2849          0       1002       715      1019     254855       3.565
   49    196773      1546          0       1002      1460      1129     282290       4.019
   50    201766      4992        973       1002       491      1226     306522       2.000
   51    210598      8832       6832       1002       259      1145     286359       2.000
   52    213291      2692        692       1002       807      1087     271950       2.000
   53    214891      1599          0       1002      1268      1014     253536       2.400
   54    222294      7403       5003       1002       278      1032     258063       2.000
   55    223283       988          0       1002      1753       866     216653       3.012
   56    224411      1127          0       1002      1492       841     210472       3.884
   57    225359       948          0       1002      1704       808     202110       4.935
   58    225974       614          0       1002      2582       793     198453       6.321
   59    227285      1311          0       1002      1797      1178     294537       7.009
   60    228553      1267          0       1002      1472       933     233429       7.742
   61    229236       683          0       1002      2161       738     184579       9.059
   62    230006       770          0       1002      2373       913     228462      10.288
   63    231247      1240          0       1002      1738      1078     269699      11.048
   64    231944       697          0       1002      2923      1018     254745      12.350
   65    232952      1007          0       1002      2356      1187     296877      13.343
   66    241240      8288          0       1002       275      1143     285901       7.054
   67    246730      5489          0       1002       410      1127     281936       3.565
   68    251164      4434        869       1002       473      1049     262483       2.000
   69    265751     14587      12587       1002       143      1048     262019       2.000
   70    274204      8452       6452       1002       200       846     211534       2.000
   71    277007      2803        803       1002       606       850     212505       2.000
   72    278595      1587          0       1002      1046       831     207755       2.412
   73    279778      1182          0       1002      1392       823     205946       3.229
   74    280583       804          0       1002      2722      1095     273908       4.424
   75    284914      4331          0       1002       432       936     234233       2.093
   76    291073      6158       4065       1002       242       746     186629       2.000
   77    294928      3854       1854       1002       468       903     225923       2.000
   78    297727      2798        798       1002       762      1067     266807       2.000
   79    311395     13667      11667       1002       150      1028     257247       2.000
   80    317396      6001       4001       1002       374      1122     280708       2.000
   81    320940      3544       1544       1002       695      1233     308258       2.000
   82    324030      3089       1089       1002       742      1146     286630       2.000
   83    334686     10655       8655       1002       207      1103     275824       2.000
   84    346172     11485       9485       1002       183      1051     262827       2.000
   85    347324      1152          0       1002      1455       838     209712       2.848
   86    348427      1103          0       1002      1653       912     228045       3.744
   87    349477      1049          0       1002      1594       836     209238       4.695
   88    350811      1333          0       1002      1220       813     203406       5.361
   89    352365      1554          0       1002      1232       957     239452       5.807
   90    354502      2136          0       1002       971      1037     259385       5.670
   91    359172      4670          0       1002       379       885     221335       2.999
   92    362387      3215        215       1002       509       818     204612       2.000
   93    370034      7646       5646       1002       254       971     242863       2.000
   94    373047      3013       1013       1002       664      1001     250359       2.000
   95    374707      1659          0       1002      1290      1070     267709       2.340
   96    382241      7533       5193       1002       327      1232     308044       2.000
   97    393388     11147       9147       1002       212      1186     296743       2.000
   98    399524      6135       4135       1002       357      1095     273829       2.000
   99    409602     10078       8078       1002       195       985     246352       2.000
New connection was opened
  100    412151      2549        549       1002       727       927     231867       2.000
  101    413264      1113          0       1002      1715       954     238675       2.887
  102    414863      1599          0       1002      1059       847     211800       3.288
  103    415642       778          0       1002      2002       779     194798       4.509
  104    419141      3499          0       1002       508       889     222463       3.010
  105    421470      2329          0       1002       946      1102     275691       2.681
  106    422631      1160          0       1002      1490       865     216312       3.520
  107    423707      1076          0       1002      1555       837     209296       4.444
  108    424632       924          0       1002      2070       956     239197       5.519
  109    425952      1320          0       1002      1522      1005     251312       6.199
  110    431078      5125          0       1002       408      1047     261945       3.073
  111    434448      3369        297       1002       734      1238     309607       2.000
  112    436221      1772          0       1002      1308      1159     289996       2.228
  113    437545      1324          0       1002      1662      1100     275122       2.904
  114    439369      1824          0       1002      1144      1043     260948       3.079
  115    440610      1240          0       1002      1688      1047     261834       3.839
  116    442147      1536          0       1002      1141       876     219248       4.302
  117    443091       944          0       1002      1776       839     209811       5.357
  118    444172      1080          0       1002      1516       818     204739       6.277
  119    445105       933          0       1002      1712       799     199847       7.343
  120    446180      1074          0       1002      2178      1170     292674       8.268
  121    446738       558          0       1002      3267       912     228003       9.710
  122    447243       505          0       1002      2995       756     189170      11.205
  123    449038      1794          0       1002       971       871     217963      11.411
  124    449775       737          0       1002      2858      1053     263410      12.673
  125    450482       706          0       1002      2942      1040     260016      13.966
  126    450749       266          0       1002      8915      1189     297258      15.700
  127    452203      1454          0       4002      6238      4536    1134165      16.245
  128    457100      4896          0       4002      1815      4445    1111255      13.349
  129    457900       800          0       1002      2657      1063     265919      14.548
  130    464128      6227          0       1002       356      1108     277200      10.321
  131    466731      2603          0       1002       687       895     223847       9.718
  132    469094      2362          0       1002       704       832     208034       9.355
  133    470976      1882          0       1002       869       818     204674       9.473
  134    472393      1416          0       1002      1158       820     205171      10.056
  135    478659      6266          0       1002       347      1088     272093       5.789
  136    481321      2661          0       1002       709       944     236114       5.128
  137    482669      1348          0       1002      1132       763     190885       5.779
  138    486549      3879          0       1002       440       854     213630       3.900
  139    488737      2187          0       1002       975      1066     266678       3.712
  140    489529       792          0       1002      2468       978     244617       4.919
  141    492095      2565          0       1002       898      1153     288278       4.354
  142    493406      1311          0       1002      1835      1204     301019       5.042
  143    496014      2607          0       1002       884      1152     288207       4.435
  144    500011      3996          0       1002       561      1123     280760       2.438
  145    501982      1971          0       1002      1094      1078     269678       2.466
  146    503202      1219          0       1002      1441       878     219667       3.247
  147    503623       421          0       1002      4263       898     224679       4.825
  148    504547       924          0       1002      1754       810     202613       5.901
  149    505159       611          0       1002      2705       827     206855       7.290
  150    506377      1217          0       1002      1576       960     240000       8.072
