Seg_#  Arr_time  Del_Time  Stall_Dur  Rep_Level  Del_Rate  Act_Rate  Byte_Size  Buff_Level
    1      4224      4224          0       1002       482      1019     254750       2.000
    2      6247      2023          0       1002      1098      1111     277826       4.000
    3      7619      1372          0       1002      1378       945     236436       4.627
    4     13952      6332       1705       1002       353      1119     279808       2.000
    5     16561      2608        608       1002       885      1154     288654       2.000
    6     18813      2252        252       1002       902      1016     254082       2.000
    7     22646      3832       1832       1002       486       932     233115       2.000
    8     25717      3070       1070       1002       600       921     230404       2.000
    9     28739      3022       1022       1002       515       779     194933       2.000
   10     36415      7675       5675       1002       206       793     198266       2.000
   11     53284     16868      14868       1002        96       812     203169       2.000
   12     59695      6411       4411       1002       251       806     201716       2.000
   13     69364      9668       7668       1002       221      1070     267691       2.000
   14     75737      6373       4373       1002       296       946     236530       2.000
   15     80381      4644       2644       1002       349       811     202998       2.000
   16     85578      5196       3196       1002       357       927     231991       2.000
   17     87510      1932          0       1002      1088      1052     263035       2.067
   18     89466      1955          0       1002      1131      1106     276603       2.112
   19     95166      5700       3588       1002       390      1113     278375       2.000
   20     97651      2484        484       1002       984      1222     305651       2.000
   21     98840      1189          0       1002      1926      1145     286426       2.811
   22    101463      2622          0       1002       831      1090     272598       2.188
   23    103426      1962          0       1002      1025      1006     251612       2.226
   24    105290      1864          0       1002       912       850     212723       2.361
   25    106988      1697          0       1002      1080       917     229343       2.664
   26    108263      1275          0       1002      1257       801     200468       3.388
   27    109904      1640          0       1002       998       819     204863       3.747
   28    111325      1421          0       1002      1322       940     235088       4.326
   29    112984      1658          0       1002      1274      1056     264170       4.667
   30    113604       619          0       1002      2830       877     219390       6.047
   31    122117      8512       2465       1002       202       860     215151       2.000
   32    128271      6154       4154       1002       334      1028     257050       2.000
   33    132520      4249       2249       1002       487      1034     258720       2.000
   34    145085     12564      10564       1002       172      1086     271582       2.000
   35    152134      7049       5049       1002       348      1229     307361       2.000
   36    158547      6413       4413       1002       374      1200     300176       2.000
   37    163058      4511       2511       1002       465      1049     262322       2.000
   38    165845      2786        786       1002       685       954     238656       2.000
   39    168049      2203        203       1002       836       922     230537       2.000
   40    175425      7376       5376       1002       244       903     225791       2.000
   41    176717      1292          0       1002      1303       842     210560       2.708
   42    178004      1286          0       1002      1202       773     193322       3.422
   43    178494       490          0       1002      3556       871     217898       4.931
   44    181828      3334          0       1002       667      1112     278194       3.597
   45    186814      4985       1388       1002       351       877     219280       2.000
   46    191028      4214       2214       1002       408       860     215102       2.000
   47    197920      6892       4892       1002       292      1007     251815       2.000
   48    207352      9431       7431       1002       216      1019     254855       2.000
   49    212892      5539       3539       1002       407      1129     282290       2.000
   50    223491     10599       8599       1002       231      1226     306522       2.000
   51    236471     12980      10980       1002       176      1145     286359       2.000
   52    245725      9254       7254       1002       235      1087     271950       2.000
   53    248723      2997        997       1002       676      1014     253536       2.000
   54    254761      6038       4038       1002       341      1032     258063       2.000
   55    259727      4966       2966       1002       349       866     216653       2.000
   56    265681      5954       3954       1002       282       841     210472       2.000
   57    272332      6650       4650       1002       243       808     202110       2.000
   58    279100      6767       4767       1002       234       793     198453       2.000
   59    288693      9593       7593       1002       245      1178     294537       2.000
   60    291622      2928        928       1002       637       933     233429       2.000
   61    292812      1189          0       1002      1241       738     184579       2.810
   62    297277      4465       1655       1002       409       913     228462       2.000
   63    298032       754          0       1002      2859      1078     269699       3.245
   64    298877       844          0       1002      2412      1018     254745       4.401
   65    300121      1244          0       1002      1908      1187     296877       5.156
   66    300709       587          0       1002      3891      1143     285901       6.568
   67    301194       485          0       1002      4649      1127     281936       8.083
   68    302115       921          0       1002      2279      1049     262483       9.162
   69    303069       953          0       1002      2197      1048     262019      10.208
   70    303784       715          0       1002      2366       846     211534      11.493
   71    304363       578          0       1002      2937       850     212505      12.915
   72    304971       607          0       1002      2733       831     207755      14.307
   73    306145      1174          0       1002      1403       823     205946      15.133
   74    311302      5157          0       1002       424      1095     273908      11.975
   75    320325      9023          0       1002       207       936     234233       4.952
   76    325327      5001         49       1002       298       746     186629       2.000
   77    334943      9615       7615       1002       187       903     225923       2.000
   78    350171     15228      13228       1002       140      1067     266807       2.000
   79    360547     10375       8375       1002       198      1028     257247       2.000
   80    367315      6768       4768       1002       331      1122     280708       2.000
   81    371085      3769       1769       1002       654      1233     308258       2.000
   82    372954      1868          0       1002      1226      1146     286630       2.131
   83    377944      4990       2859       1002       442      1103     275824       2.000
   84    379325      1380          0       1002      1522      1051     262827       2.619
   85    380328      1003          0       1002      1671       838     209712       3.616
   86    380567       238          0       1002      7646       912     228045       5.377
   87    383731      3164          0       1002       528       836     209238       4.213
   88    384368       636          0       1002      2557       813     203406       5.576
   89    385005       636          0       1002      3007       957     239452       6.940
   90    386097      1092          0       1002      1900      1037     259385       7.847
   91    386789       692          0       1002      2557       885     221335       9.155
   92    387260       470          0       1002      3476       818     204612      10.684
   93    387825       565          0       1002      3436       971     242863      12.119
   94    388793       967          0       1002      2070      1001     250359      13.152
   95    393984      5191          0       1002       412      1070     267709       9.960
   96    395059      1075          0       1002      2291      1232     308044      10.885
   97    396466      1406          0       1002      1687      1186     296743      11.478
   98    397864      1397          0       1002      1567      1095     273829      12.080
   99    402925      5061          0       1002       389       985     246352       9.019
New connection was opened
  100    407221      4295          0       1002       431       927     231867       6.724
  101    412136      4915          0       1002       388       954     238675       3.808
  102    414660      2523          0       1002       671       847     211800       3.284
  103    415949      1289          0       1002      1208       779     194798       3.995
  104    425165      9215       5220       1002       193       889     222463       2.000
  105    426246      1081          0       1002      2038      1102     275691       2.918
  106    431509      5262       2344       1002       328       865     216312       2.000
  107    432389       880          0       1002      1902       837     209296       3.120
  108    433545      1156          0       1002      1655       956     239197       3.964
  109    436421      2876          0       1002       698      1005     251312       3.087
  110    437302       880          0       1002      2380      1047     261945       4.207
  111    438429      1127          0       1002      2197      1238     309607       5.080
  112    442708      4278          0       1002       542      1159     289996       2.801
  113    444611      1902          0       1002      1156      1100     275122       2.898
  114    450338      5727       2829       1002       364      1043     260948       2.000
  115    455491      5153       3153       1002       406      1047     261834       2.000
  116    457964      2472        472       1002       709       876     219248       2.000
  117    459982      2018         18       1002       831       839     209811       2.000
  118    462233      2250        250       1002       727       818     204739       2.000
  119    466423      4190       2190       1002       381       799     199847       2.000
  120    468946      2522        522       1002       928      1170     292674       2.000
  121    473425      4479       2479       1002       407       912     228003       2.000
  122    476078      2652        652       1002       570       756     189170       2.000
  123    478814      2736        736       1002       637       871     217963       2.000
  124    487526      8712       6712       1002       241      1053     263410       2.000
  125    489072      1545          0       1002      1346      1040     260016       2.455
  126    491719      2647        192       1002       898      1189     297258       2.000
  127    493708      1988          0       1002      1126      1120     280031       2.011
  128    496044      2335        324       1002       993      1160     290002       2.000
  129    496944       900          0       1002      2362      1063     265919       3.100
  130    498242      1298          0       1002      1708      1108     277200       3.802
  131    499793      1550          0       1002      1154       895     223847       4.251
  132    502343      2550          0       1002       652       832     208034       3.701
  133    503672      1328          0       1002      1232       818     204674       4.372
  134    504804      1132          0       1002      1449       820     205171       5.240
  135    506951      2146          0       1002      1013      1088     272093       5.093
  136    510779      3828          0       1002       493       944     236114       3.265
  137    512259      1479          0       1002      1031       763     190885       3.785
  138    513411      1151          0       1002      1483       854     213630       4.633
  139    520071      6660       2027       1002       320      1066     266678       2.000
  140    521741      1669          0       1002      1171       978     244617       2.330
  141    524342      2600        270       1002       886      1153     288278       2.000
  142    526107      1765          0       1002      1364      1204     301019       2.235
  143    528467      2360        125       1002       976      1152     288207       2.000
  144    529894      1426          0       1002      1574      1123     280760       2.574
  145    531073      1179          0       1002      1829      1078     269678       3.394
  146    532200      1126          0       1002      1559       878     219667       4.268
  147    532860       659          0       1002      2723       898     224679       5.608
  148    533683       823          0       1002      1968       810     202613       6.785
  149    534624       941          0       1002      1757       827     206855       7.843
  150    535375       750          0       1002      2558       960     240000       9.093
