Seg_#  Arr_time  Del_Time  Stall_Dur  Rep_Level  Del_Rate  Act_Rate  Byte_Size  Buff_Level
    1      1860      1860          0       1002      1095      1019     254750       2.000
    2     13795     11934          0       1002       186      1111     277826       4.000
    3     26742     12947       8947       1002       146       945     236436       2.000
    4     28944      2201        201       1002      1016      1119     279808       2.000
    5     30286      1342          0       1002      1720      1154     288654       2.658
    6     30912       626          0       1002      3245      1016     254082       4.031
    7     31692       779          0       1002      2392       932     233115       5.252
    8     32107       415          0       1002      4437       921     230404       6.836
    9     32479       371          0       1002      4195       779     194933       8.465
   10     32997       518          0       1002      3060       793     198266       9.946
   11     33787       790          0       1002      2057       812     203169      11.156
   12     34843      1055          0       1002      1528       806     201716      12.100
   13     35722       878          0       1002      2437      1070     267691      13.222
   14     36460       737          0       1002      2565       946     236530      14.484
   15     36907       447          0       1002      3629       811     202998      16.037
   16     39567      2659          0       1002       697       927     231991      15.377
   17     40246       679          0       1002      3096      1052     263035      16.697
   18     49372      9125          0       1002       242      1106     276603       9.572
   19     60007     10634       1063       1002       209      1113     278375       2.000
   20     68548      8541       6541       1002       286      1222     305651       2.000
   21     77225      8676       6676       1002       264      1145     286426       2.000
   22     79248      2023         23       1002      1077      1090     272598       2.000
   23     80756      1507          0       1002      1334      1006     251612       2.492
   24     84307      3550       1058       1002       479       850     212723       2.000
   25     85502      1194          0       1002      1536       917     229343       2.806
   26     86408       906          0       1002      1768       801     200468       3.899
   27     88269      1860          0       1002       881       819     204863       4.038
   28     89798      1529          0       1002      1230       940     235088       4.509
   29     91062      1264          0       1002      1671      1056     264170       5.245
   30     91818       756          0       1002      2320       877     219390       6.489
   31     92285       467          0       1002      3685       860     215151       8.022
   32     94208      1922          0       1002      1069      1028     257050       8.099
   33     96210      2001          0       1002      1034      1034     258720       8.098
   34     97373      1163          0       1002      1867      1086     271582       8.934
   35    100738      3364          0       1002       730      1229     307361       7.570
   36    103019      2281          0       1002      1052      1200     300176       7.288
   37    104764      1744          0       1002      1202      1049     262322       7.544
   38    108400      3636          0       1002       525       954     238656       5.907
   39    131512     23111      17204       1002        79       922     230537       2.000
   40    136447      4935       2935       1002       366       903     225791       2.000
   41    140136      3689       1689       1002       456       842     210560       2.000
   42    142747      2610        610       1002       592       773     193322       2.000
   43    150156      7409       5409       1002       235       871     217898       2.000
   44    153929      3773       1773       1002       589      1112     278194       2.000
   45    156129      2199        199       1002       797       877     219280       2.000
   46    157948      1819          0       1002       945       860     215102       2.181
   47    160226      2277         97       1002       884      1007     251815       2.000
   48    162495      2269        269       1002       898      1019     254855       2.000
   49    164068      1572          0       1002      1436      1129     282290       2.428
   50    165970      1902          0       1002      1288      1226     306522       2.525
   51    167077      1107          0       1002      2068      1145     286359       3.418
   52    168528      1450          0       1002      1500      1087     271950       3.968
   53    174053      5525       1557       1002       367      1014     253536       2.000
   54    188677     14624      12624       1002       141      1032     258063       2.000
   55    203272     14594      12594       1002       118       866     216653       2.000
   56    205671      2398        398       1002       702       841     210472       2.000
   57    216446     10775       8775       1002       150       808     202110       2.000
   58    216782       335          0       1002      4734       793     198453       3.665
   59    226632      9850       6185       1002       239      1178     294537       2.000
   60    232740      6107       4107       1002       305       933     233429       2.000
   61    235003      2262        262       1002       652       738     184579       2.000
   62    240629      5625       3625       1002       324       913     228462       2.000
   63    250681     10052       8052       1002       214      1078     269699       2.000
   64    262085     11403       9403       1002       178      1018     254745       2.000
   65    264849      2763        763       1002       859      1187     296877       2.000
   66    268472      3623       1623       1002       631      1143     285901       2.000
   67    274051      5579       3579       1002       404      1127     281936       2.000
   68    277626      3574       1574       1002       587      1049     262483       2.000
   69    280132      2506        506       1002       836      1048     262019       2.000
   70    281909      1776          0       1002       952       846     211534       2.223
   71    282745       836          0       1002      2033       850     212505       3.387
   72    283985      1239          0       1002      1340       831     207755       4.148
   73    285833      1847          0       1002       891       823     205946       4.300
   74    292119      6286       1986       1002       348      1095     273908       2.000
   75    296308      4188       2188       1002       447       936     234233       2.000
   76    297684      1376          0       1002      1084       746     186629       2.624
   77    305670      7985       5362       1002       226       903     225923       2.000
   78    310888      5217       3217       1002       409      1067     266807       2.000
   79    312836      1947          0       1002      1056      1028     257247       2.052
   80    314248      1412          0       1002      1589      1122     280708       2.640
   81    316081      1832          0       1002      1345      1233     308258       2.807
   82    319412      3331        524       1002       688      1146     286630       2.000
   83    320205       793          0       1002      2782      1103     275824       3.207
   84    334226     14020      10813       1002       149      1051     262827       2.000
   85    336122      1895          0       1002       884       838     209712       2.104
   86    338832      2710        606       1002       673       912     228045       2.000
   87    340489      1657          0       1002      1010       836     209238       2.343
   88    341321       831          0       1002      1956       813     203406       3.511
   89    342503      1182          0       1002      1619       957     239452       4.329
   90    343661      1157          0       1002      1792      1037     259385       5.171
   91    344583       921          0       1002      1920       885     221335       6.249
   92    345432       849          0       1002      1926       818     204612       7.400
   93    346198       766          0       1002      2536       971     242863       8.634
   94    346821       622          0       1002      3215      1001     250359      10.011
   95    358222     11400       1389       1002       187      1070     267709       2.000
   96    361648      3425       1425       1002       719      1232     308044       2.000
   97    364560      2911        911       1002       815      1186     296743       2.000
   98    366614      2054         54       1002      1066      1095     273829       2.000
   99    367996      1381          0       1002      1426       985     246352       2.618
New connection was opened
  100    370404      2407          0       1002       770       927     231867       2.210
  101    372118      1714          0       1002      1113       954     238675       2.496
  102    373696      1577          0       1002      1073       847     211800       2.918
  103    374827      1131          0       1002      1377       779     194798       3.787
  104    375780       952          0       1002      1868       889     222463       4.834
  105    379859      4079          0       1002       540      1102     275691       2.755
  106    381654      1795          0       1002       964       865     216312       2.960
  107    387995      6340       3381       1002       264       837     209296       2.000
  108    391772      3776       1776       1002       506       956     239197       2.000
  109    396574      4802       2802       1002       418      1005     251312       2.000
  110    399746      3171       1171       1002       660      1047     261945       2.000
  111    404629      4883       2883       1002       507      1238     309607       2.000
  112    406563      1933          0       1002      1199      1159     289996       2.066
  113    407712      1148          0       1002      1916      1100     275122       2.918
  114    408585       872          0       1002      2391      1043     260948       4.045
  115    409691      1106          0       1002      1893      1047     261834       4.939
  116    410644       953          0       1002      1839       876     219248       5.985
  117    411358       713          0       1002      2351       839     209811       7.271
  118    411990       631          0       1002      2592       818     204739       8.639
  119    412587       596          0       1002      2678       799     199847      10.043
  120    413574       987          0       1002      2370      1170     292674      11.055
  121    413820       245          0       1002      7416       912     228003      12.809
  122    414217       397          0       1002      3811       756     189170      14.412
  123    414710       493          0       1002      3535       871     217963      15.919
  124    415240       529          0       1002      3982      1053     263410      17.390
  125    415735       494          0       1002      4203      1040     260016      18.895
  126    416241       506          0       1002      4694      1189     297258      20.388
  127    416673       431          0       1002      5190      1120     280031      21.957
  128    417097       424          0       1002      5468      1160     290002      23.533
  129    422807      5710          0       4002      1421      4058    1014520      19.822
  130    423810      1002          0       1002      2212      1108     277200      20.820
  131    424089       279          0       1002      6408       895     223847      22.540
  132    424310       221          0       1002      7525       832     208034      24.319
  133    431364      7053          0       4002       941      3320     830065      19.265
  134    433037      1672          0       1002       981       820     205171      19.592
  135    434249      1212          0       1002      1795      1088     272093      20.380
  136    437111      2861          0       1002       660       944     236114      19.519
  137    438817      1706          0       1002       895       763     190885      19.813
  138    446280      7462          0       1002       229       854     213630      14.350
  139    451714      5433          0       1002       392      1066     266678      10.916
  140    454435      2721          0       1002       719       978     244617      10.195
  141    456819      2383          0       1002       967      1153     288278       9.811
  142    462156      5336          0       1002       451      1204     301019       6.474
  143    463936      1780          0       1002      1294      1152     288207       6.694
  144    465490      1553          0       1002      1445      1123     280760       7.140
  145    466262       772          0       1002      2791      1078     269678       8.367
  146    468814      2551          0       1002       688       878     219667       7.816
  147    473601      4786          0       1002       375       898     224679       5.029
  148    475263      1662          0       1002       975       810     202613       5.367
  149    479399      4135          0       1002       400       827     206855       3.231
  150    481416      2017          0       1002       951       960     240000       3.214
