Seg_#  Arr_time  Del_Time  Stall_Dur  Rep_Level  Del_Rate  Act_Rate  Byte_Size  Buff_Level
    1      7430      7430          0       1002       274      1019     254750       2.000
    2      8729      1299          0       1002      1710      1111     277826       4.000
    3     16802      8073       4073       1002       234       945     236436       2.000
    4     18820      2017         17       1002      1109      1119     279808       2.000
    5     19191       370          0       1002      6225      1154     288654       3.629
    6     20172       981          0       1002      2071      1016     254082       4.648
    7     20721       549          0       1002      3396       932     233115       6.099
    8     21505       783          0       1002      2351       921     230404       7.315
    9     22018       512          0       1002      3042       779     194933       8.802
   10     22308       290          0       1002      5461       793     198266      10.512
   11     44017     21708      11197       1002        74       812     203169       2.000
   12     49931      5914       3914       1002       272       806     201716       2.000
   13     51903      1972          0       1002      1085      1070     267691       2.028
   14     63957     12053      10025       1002       156       946     236530       2.000
   15     67108      3151       1151       1002       515       811     202998       2.000
   16     72709      5600       3600       1002       331       927     231991       2.000
   17     86562     13852      11852       1002       151      1052     263035       2.000
   18     89945      3383       1383       1002       653      1106     276603       2.000
   19     92233      2288        288       1002       973      1113     278375       2.000
   20     94015      1781          0       1002      1372      1222     305651       2.219
   21     95563      1548          0       1002      1479      1145     286426       2.670
   22     96267       703          0       1002      3098      1090     272598       3.966
   23    103140      6872       2906       1002       292      1006     251612       2.000
   24    103871       730          0       1002      2329       850     212723       3.269
   25    109341      5469       2200       1002       335       917     229343       2.000
   26    116332      6991       4991       1002       229       801     200468       2.000
   27    124099      7766       5766       1002       211       819     204863       2.000
   28    130579      6479       4479       1002       290       940     235088       2.000
   29    136062      5483       3483       1002       385      1056     264170       2.000
   30    138032      1969          0       1002       891       877     219390       2.030
   31    145272      7239       5209       1002       237       860     215151       2.000
   32    159433     14161      12161       1002       145      1028     257050       2.000
   33    164199      4766       2766       1002       434      1034     258720       2.000
   34    167155      2956        956       1002       734      1086     271582       2.000
   35    171796      4640       2640       1002       529      1229     307361       2.000
   36    174530      2734        734       1002       878      1200     300176       2.000
   37    175973      1443          0       1002      1453      1049     262322       2.556
   38    182129      6155       3599       1002       310       954     238656       2.000
   39    187377      5247       3247       1002       351       922     230537       2.000
   40    191770      4392       2392       1002       411       903     225791       2.000
   41    194291      2521        521       1002       668       842     210560       2.000
   42    194917       625          0       1002      2472       773     193322       3.374
   43    196150      1233          0       1002      1413       871     217898       4.141
   44    200417      4267        126       1002       521      1112     278194       2.000
   45    204025      3607       1607       1002       486       877     219280       2.000
   46    208825      4800       2800       1002       358       860     215102       2.000
   47    217951      9125       7125       1002       220      1007     251815       2.000
   48    219467      1516          0       1002      1344      1019     254855       2.483
   49    238937     19469      16986       1002       115      1129     282290       2.000
   50    246675      7737       5737       1002       316      1226     306522       2.000
   51    257021     10346       8346       1002       221      1145     286359       2.000
   52    261993      4971       2971       1002       437      1087     271950       2.000
   53    277040     15046      13046       1002       134      1014     253536       2.000
   54    284879      7839       5839       1002       263      1032     258063       2.000
   55    290339      5459       3459       1002       317       866     216653       2.000
   56    294533      4194       2194       1002       401       841     210472       2.000
   57    299914      5381       3381       1002       300       808     202110       2.000
   58    302566      2651        651       1002       598       793     198453       2.000
   59    309406      6840       4840       1002       344      1178     294537       2.000
   60    311486      2080         80       1002       897       933     233429       2.000
   61    316182      4695       2695       1002       314       738     184579       2.000
   62    321432      5249       3249       1002       348       913     228462       2.000
   63    330562      9130       7130       1002       236      1078     269699       2.000
   64    334885      4323       2323       1002       471      1018     254745       2.000
   65    338534      3648       1648       1002       650      1187     296877       2.000
   66    343631      5096       3096       1002       448      1143     285901       2.000
   67    350504      6872       4872       1002       328      1127     281936       2.000
   68    353893      3389       1389       1002       619      1049     262483       2.000
   69    356583      2689        689       1002       779      1048     262019       2.000
   70    357980      1396          0       1002      1211       846     211534       2.603
   71    370048     12067       9464       1002       140       850     212505       2.000
   72    373993      3945       1945       1002       421       831     207755       2.000
   73    375611      1618          0       1002      1018       823     205946       2.382
   74    377640      2028          0       1002      1080      1095     273908       2.354
   75    377736        96          0       1002     19481       936     234233       4.258
   76    383015      5278       1021       6002      1805      4764    1191231       2.000
   77    390168      7153       5153       4002      1051      3761     940356       2.000
   78    391148       980          0       1002      2177      1067     266807       3.020
   79    392275      1126          0       1002      1826      1028     257247       3.893
   80    393213       938          0       1002      2393      1122     280708       4.955
   81    397591      4378          0       1002       563      1233     308258       2.577
   82    399080      1488          0       1002      1540      1146     286630       3.088
   83    400133      1053          0       1002      2095      1103     275824       4.035
   84    400959       825          0       1002      2545      1051     262827       5.209
   85    401683       724          0       1002      2315       838     209712       6.484
   86    402233       550          0       1002      3316       912     228045       7.934
   87    403053       819          0       1002      2041       836     209238       9.115
   88    404010       956          0       1002      1700       813     203406      10.158
   89    408058      4047          0       1002       473       957     239452       8.110
   90    409553      1495          0       1002      1387      1037     259385       8.615
   91    410907      1354          0       1002      1307       885     221335       9.260
   92    411603       695          0       1002      2354       818     204612      10.565
   93    413101      1498          0       1002      1296       971     242863      11.066
   94    418151      5049          0       1002       396      1001     250359       8.017
   95    423284      5132          0       1002       417      1070     267709       4.884
   96    425877      2593          0       1002       950      1232     308044       4.290
   97    428369      2491          0       1002       952      1186     296743       3.799
   98    431104      2734          0       1002       801      1095     273829       3.064
   99    434738      3633        569       1002       542       985     246352       2.000
New connection was opened
  100    436752      2014         14       1002       920       927     231867       2.000
  101    438250      1497          0       1002      1274       954     238675       2.502
  102    439088       838          0       1002      2021       847     211800       3.664
  103    440113      1025          0       1002      1519       779     194798       4.639
  104    447149      7035       2396       1002       252       889     222463       2.000
  105    448925      1775          0       1002      1241      1102     275691       2.224
  106    453138      4213       1989       1002       410       865     216312       2.000
  107    454526      1388          0       1002      1206       837     209296       2.612
  108    455944      1417          0       1002      1349       956     239197       3.194
  109    457386      1441          0       1002      1395      1005     251312       3.753
  110    460656      3270          0       1002       640      1047     261945       2.483
  111    462031      1375          0       1002      1801      1238     309607       3.107
  112    463803      1771          0       1002      1309      1159     289996       3.336
  113    466358      2554          0       1002       861      1100     275122       2.781
  114    468321      1963          0       1002      1063      1043     260948       2.817
  115    469478      1156          0       1002      1811      1047     261834       3.661
  116    470425       947          0       1002      1851       876     219248       4.714
  117    471086       660          0       1002      2539       839     209811       6.053
  118    472058       971          0       1002      1685       818     204739       7.081
  119    474457      2399          0       1002       666       799     199847       6.681
  120    481165      6708         26       1002       349      1170     292674       2.000
  121    483088      1923          0       1002       948       912     228003       2.077
  122    485407      2319        242       1002       652       756     189170       2.000
  123    488696      3288       1288       1002       530       871     217963       2.000
  124    492418      3721       1721       1002       566      1053     263410       2.000
  125    495363      2945        945       1002       706      1040     260016       2.000
  126    497151      1787          0       1002      1330      1189     297258       2.213
  127    499353      2202          0       1002      1017      1120     280031       2.011
  128    500733      1379          0       1002      1681      1160     290002       2.631
  129    507275      6541       3911       1002       325      1063     265919       2.000
  130    511292      4017       2017       1002       551      1108     277200       2.000
  131    512936      1643          0       1002      1089       895     223847       2.357
  132    514446      1510          0       1002      1101       832     208034       2.846
  133    515801      1355          0       1002      1208       818     204674       3.491
  134    516842      1040          0       1002      1577       820     205171       4.451
  135    518024      1181          0       1002      1842      1088     272093       5.269
  136    518986       962          0       1002      1963       944     236114       6.307
  137    519328       342          0       1002      4459       763     190885       7.964
  138    520096       768          0       1002      2224       854     213630       9.196
  139    520337       240          0       1002      8867      1066     266678      10.956
  140    522444      2106          0       4002      4201      4425    1106371      10.849
  141    525592      3148          0       4002      3068      4829    1207483       9.701
  142    526684      1092          0       1002      2204      1204     301019      10.609
  143    527824      1139          0       1002      2023      1152     288207      11.469
  144    528587       763          0       1002      2940      1123     280760      12.705
  145    529267       679          0       1002      3176      1078     269678      14.026
  146    530243       976          0       1002      1799       878     219667      15.050
  147    533450      3206          0       1002       560       898     224679      13.843
  148    534271       821          0       1002      1973       810     202613      15.021
  149    535215       943          0       1002      1754       827     206855      16.078
  150    536290      1075          0       1002      1784       960     240000      17.002
