Seg_#  Arr_time  Del_Time  Stall_Dur  Rep_Level  Del_Rate  Act_Rate  Byte_Size  Buff_Level
    1      9902      9902          0       1002       205      1019     254750       2.000
    2     13045      3142          0       1002       707      1111     277826       4.000
    3     19640      6594       2594       1002       286       945     236436       2.000
    4     28242      8602       6602       1002       260      1119     279808       2.000
    5     46506     18263      16263       1002       126      1154     288654       2.000
    6     59714     13208      11208       1002       153      1016     254082       2.000
    7     63997      4282       2282       1002       435       932     233115       2.000
    8     69852      5854       3854       1002       314       921     230404       2.000
    9     72001      2149        149       1002       725       779     194933       2.000
   10     73452      1450          0       1002      1093       793     198266       2.549
   11     74882      1430          0       1002      1136       812     203169       3.119
   12     91879     16997      13878       1002        94       806     201716       2.000
   13     95668      3788       1788       1002       565      1070     267691       2.000
   14     97405      1737          0       1002      1089       946     236530       2.263
   15     97981       575          0       1002      2819       811     202998       3.687
   16    101880      3898        211       1002       476       927     231991       2.000
   17    104387      2507        507       1002       839      1052     263035       2.000
   18    108457      4069       2069       1002       543      1106     276603       2.000
   19    131102     22644      20644       1002        98      1113     278375       2.000
   20    138654      7551       5551       1002       323      1222     305651       2.000
   21    142212      3558       1558       1002       643      1145     286426       2.000
   22    150675      8462       6462       1002       257      1090     272598       2.000
   23    160474      9798       7798       1002       205      1006     251612       2.000
   24    173948     13474      11474       1002       126       850     212723       2.000
   25    182667      8718       6718       1002       210       917     229343       2.000
   26    191643      8976       6976       1002       178       801     200468       2.000
   27    200000      8357       6357       1002       196       819     204863       2.000
   28    203817      3817       1817       1002       492       940     235088       2.000
   29    206570      2752        752       1002       767      1056     264170       2.000
   30    207573      1002          0       1002      1750       877     219390       2.997
   31    208821      1248          0       1002      1378       860     215151       3.749
   32    214583      5761       2012       1002       356      1028     257050       2.000
   33    220327      5744       3744       1002       360      1034     258720       2.000
   34    221638      1311          0       1002      1656      1086     271582       2.688
   35    225335      3696       1008       1002       665      1229     307361       2.000
   36    228804      3469       1469       1002       692      1200     300176       2.000
   37    233441      4636       2636       1002       452      1049     262322       2.000
   38    244570     11128       9128       1002       171       954     238656       2.000
   39    247179      2609        609       1002       706       922     230537       2.000
   40    248645      1466          0       1002      1232       903     225791       2.534
   41    257410      8765       6231       1002       192       842     210560       2.000
   42    265289      7878       5878       1002       196       773     193322       2.000
   43    270533      5243       3243       1002       332       871     217898       2.000
   44    280097      9563       7563       1002       232      1112     278194       2.000
   45    307170     27073      25073       1002        64       877     219280       2.000
   46    316960      9790       7790       1002       175       860     215102       2.000
   47    326281      9321       7321       1002       216      1007     251815       2.000
   48    335317      9035       7035       1002       225      1019     254855       2.000
   49    348775     13457      11457       1002       167      1129     282290       2.000
   50    368560     19785      17785       1002       123      1226     306522       2.000
   51    372229      3669       1669       1002       624      1145     286359       2.000
   52    377175      4946       2946       1002       439      1087     271950       2.000
   53    378424      1249          0       1002      1623      1014     253536       2.751
   54    387491      9066       6315       1002       227      1032     258063       2.000
   55    391069      3578       1578       1002       484       866     216653       2.000
   56    392878      1809          0       1002       930       841     210472       2.191
   57    400402      7523       5332       1002       214       808     202110       2.000
   58    407811      7409       5409       1002       214       793     198453       2.000
   59    410645      2833        833       1002       831      1178     294537       2.000
   60    412050      1404          0       1002      1329       933     233429       2.596
   61    412867       817          0       1002      1807       738     184579       3.778
   62    413509       642          0       1002      2845       913     228462       5.136
   63    414080       570          0       1002      3779      1078     269699       6.565
   64    414854       773          0       1002      2633      1018     254745       7.791
   65    415326       472          0       1002      5029      1187     296877       9.319
   66    415649       322          0       1002      7088      1143     285901      10.996
   67    416891      1242          0       4002      7087      4402    1100525      11.754
   68    418606      1714          0       4002      4601      3945     986322      12.039
   69    420226      1619          0       4002      4942      4002    1000732      12.419
   70    422841      2615          0       4002      2482      3245     811467      11.804
   71    423579       738          0       1002      2303       850     212505      13.066
   72    424198       619          0       1002      2684       831     207755      14.447
   73    425575      1376          0       1002      1197       823     205946      15.071
   74    426470       895          0       1002      2447      1095     273908      16.175
   75    426933       463          0       1002      4046       936     234233      17.712
   76    428046      1112          0       1002      1341       746     186629      18.599
   77    428802       755          0       1002      2390       903     225923      19.843
   78    429719       916          0       1002      2328      1067     266807      20.927
   79    430263       543          0       1002      3783      1028     257247      22.383
   80    431558      1295          0       1002      1733      1122     280708      23.087
   81    432712      1153          0       1002      2137      1233     308258      23.933
   82    433593       881          0       1002      2602      1146     286630      25.052
   83    434163       570          0       1002      3871      1103     275824      26.482
   84    434861       697          0       1002      3013      1051     262827      27.785
   85    435199       338          0       1002      4955       838     209712      29.446
   86    435479       279          0       1002      6520       912     228045      31.166
   87    437169      1689          0       4002      3887      3284     821014      31.477
   88    437920       751          0       1002      2165       813     203406      32.725
   89    438274       353          0       1002      5418       957     239452      34.372
   90    439009       735          0       1002      2823      1037     259385      35.637
   91    439180       171          0       1002     10316       885     221335      37.465
   92    440131       950          0       4002      7619      3621     905385      38.515
   93    441333      1202          0       4002      7126      4284    1071093      39.312
   94    445081      3747          0       4002      2290      4291    1072964      37.565
   95    467802     22720          0       4002       434      4930    1232703      16.844
   96    470258      2456          0       1002      1003      1232     308044      16.387
   97    479543      9285          0       1002       255      1186     296743       9.102
   98    480987      1443          0       1002      1517      1095     273829       9.659
   99    482198      1211          0       1002      1626       985     246352      10.447
New connection was opened
  100    484126      1927          0       1002       962       927     231867      10.520
  101    485967      1840          0       1002      1037       954     238675      10.679
  102    488022      2055          0       1002       824       847     211800      10.623
  103    490687      2664          0       1002       584       779     194798       9.959
  104    492689      2002          0       1002       888       889     222463       9.956
  105    494538      1849          0       1002      1192      1102     275691      10.107
  106    496038      1499          0       1002      1154       865     216312      10.608
  107    497287      1249          0       1002      1340       837     209296      11.359
  108    498608      1321          0       1002      1448       956     239197      12.038
  109    498844       235          0       1002      8528      1005     251312      13.802
  110    499230       385          0       1002      5429      1047     261945      15.416
  111    501902      2672          0       1002       926      1238     309607      14.744
  112    503546      1643          0       1002      1411      1159     289996      15.100
  113    511858      8312          0       1002       264      1100     275122       8.788
  114    515503      3644          0       1002       572      1043     260948       7.143
  115    517549      2046          0       1002      1023      1047     261834       7.097
  116    519224      1675          0       1002      1047       876     219248       7.422
  117    521064      1840          0       1002       912       839     209811       7.581
  118    522476      1411          0       1002      1160       818     204739       8.170
  119    524572      2096          0       1002       762       799     199847       8.074
  120    526798      2225          0       1002      1051      1170     292674       7.848
  121    530465      3666          0       1002       497       912     228003       6.181
  122    531993      1528          0       1002       990       756     189170       6.653
  123    533656      1662          0       1002      1048       871     217963       6.990
  124    535467      1811          0       1002      1163      1053     263410       7.179
  125    541138      5670          0       1002       366      1040     260016       3.508
  126    544435      3296          0       1002       721      1189     297258       2.211
  127    545656      1221          0       1002      1833      1120     280031       2.990
  128    546439       783          0       1002      2962      1160     290002       4.207
  129    547196       757          0       1002      2810      1063     265919       5.450
  130    547859       662          0       1002      3345      1108     277200       6.787
  131    548341       481          0       1002      3718       895     223847       8.305
  132    551615      3274          0       1002       508       832     208034       7.031
  133    551919       303          0       1002      5388       818     204674       8.727
  134    552323       403          0       1002      4064       820     205171      10.323
  135    553083       759          0       1002      2864      1088     272093      11.563
  136    553521       437          0       1002      4313       944     236114      13.125
  137    553912       390          0       1002      3910       763     190885      14.735
  138    554409       496          0       1002      3439       854     213630      16.238
  139    554852       443          0       1002      4808      1066     266678      17.794
  140    555145       292          0       1002      6695       978     244617      19.502
  141    557077      1932          0       4002      4997      4829    1207483      19.569
  142    558239      1161          0       4002      8319      4833    1208284      20.407
  143    560864      2624          0       4002      3454      4533    1133416      19.783
  144    563710      2846          0       4002      2911      4143    1035936      18.936
  145    564006       295          0       1002      7301      1078     269678      20.640
  146    565217      1211          0       4002      5175      3133     783487      21.429
  147    566496      1279          0       4002      5230      3345     836360      22.150
  148    567888      1392          0       4002      4855      3379     844886      22.758
  149    569190      1301          0       4002      5148      3351     837767      23.456
  150    570440      1249          0       4002      6300      3936     984150      24.207
