Seg_#  Arr_time  Del_Time  Stall_Dur  Rep_Level  Del_Rate  Act_Rate  Byte_Size  Buff_Level
    1     13382     13382          0       1002       152      1019     254750       2.000
    2     14811      1428          0       1002      1555      1111     277826       4.000
    3     17611      2800          0       1002       675       945     236436       3.199
    4     19443      1831          0       1002      1221      1119     279808       3.367
    5     26556      7112       3745       1002       324      1154     288654       2.000
    6     28516      1959          0       1002      1037      1016     254082       2.040
    7     31491      2975        935       1002       626       932     233115       2.000
    8     34756      3264       1264       1002       564       921     230404       2.000
    9     35983      1227          0       1002      1270       779     194933       2.773
   10     40303      4319       1546       1002       367       793     198266       2.000
   11     41401      1098          0       1002      1479       812     203169       2.901
   12     46371      4970       2068       1002       324       806     201716       2.000
   13     54083      7711       5711       1002       277      1070     267691       2.000
   14     59640      5556       3556       1002       340       946     236530       2.000
   15     66475      6834       4834       1002       237       811     202998       2.000
   16     73341      6866       4866       1002       270       927     231991       2.000
   17     77903      4562       2562       1002       461      1052     263035       2.000
   18     82827      4924       2924       1002       449      1106     276603       2.000
   19     86308      3481       1481       1002       639      1113     278375       2.000
   20     89057      2749        749       1002       889      1222     305651       2.000
   21     91577      2519        519       1002       909      1145     286426       2.000
   22     97380      5803       3803       1002       375      1090     272598       2.000
   23     99800      2419        419       1002       831      1006     251612       2.000
   24    101836      2036         36       1002       835       850     212723       2.000
   25    104158      2321        321       1002       790       917     229343       2.000
   26    108197      4039       2039       1002       397       801     200468       2.000
   27    115263      7065       5065       1002       231       819     204863       2.000
   28    116690      1427          0       1002      1317       940     235088       2.573
   29    118172      1481          0       1002      1426      1056     264170       3.091
   30    119518      1346          0       1002      1303       877     219390       3.745
   31    120688      1169          0       1002      1471       860     215151       4.575
   32    123790      3101          0       1002       662      1028     257050       3.473
   33    124641       851          0       1002      2431      1034     258720       4.622
   34    125959      1318          0       1002      1648      1086     271582       5.304
   35    133635      7675       2371       1002       320      1229     307361       2.000
   36    137295      3660       1660       1002       656      1200     300176       2.000
   37    139096      1800          0       1002      1165      1049     262322       2.199
   38    149937     10841       8642       1002       176       954     238656       2.000
   39    154545      4607       2607       1002       400       922     230537       2.000
   40    160131      5585       3585       1002       323       903     225791       2.000
   41    162080      1949          0       1002       864       842     210560       2.051
   42    175123     13042      10992       1002       118       773     193322       2.000
   43    188945     13821      11821       1002       126       871     217898       2.000
   44    199464     10518       8518       1002       211      1112     278194       2.000
   45    213996     14531      12531       1002       120       877     219280       2.000
   46    217943      3947       1947       1002       435       860     215102       2.000
   47    227941      9998       7998       1002       201      1007     251815       2.000
   48    233057      5115       3115       1002       398      1019     254855       2.000
   49    235541      2483        483       1002       909      1129     282290       2.000
   50    237265      1724          0       1002      1421      1226     306522       2.275
   51    238964      1698          0       1002      1348      1145     286359       2.577
   52    239773       809          0       1002      2688      1087     271950       3.767
   53    241179      1405          0       1002      1442      1014     253536       4.362
   54    241683       504          0       1002      4093      1032     258063       5.857
   55    248756      7072       1215       1002       245       866     216653       2.000
   56    250620      1863          0       1002       903       841     210472       2.136
   57    251932      1311          0       1002      1232       808     202110       2.824
   58    253787      1855          0       1002       855       793     198453       2.969
   59    260912      7124       4155       1002       330      1178     294537       2.000
   60    263281      2369        369       1002       788       933     233429       2.000
   61    269594      6313       4313       1002       233       738     184579       2.000
   62    275223      5628       3628       1002       324       913     228462       2.000
   63    283546      8322       6322       1002       259      1078     269699       2.000
   64    290334      6787       4787       1002       300      1018     254745       2.000
   65    299092      8758       6758       1002       271      1187     296877       2.000
   66    301276      2184        184       1002      1047      1143     285901       2.000
   67    307870      6594       4594       1002       342      1127     281936       2.000
   68    309709      1838          0       1002      1142      1049     262483       2.161
   69    310768      1058          0       1002      1980      1048     262019       3.103
   70    311232       464          0       1002      3642       846     211534       4.638
   71    312203       970          0       1002      1751       850     212505       5.668
   72    312602       399          0       1002      4162       831     207755       7.268
   73    313191       588          0       1002      2798       823     205946       8.680
   74    313356       164          0       1002     13280      1095     273908      10.515
   75    314874      1518          0       4002      5756      4369    1092260      10.996
   76    318017      3142          0       4002      2006      3152     788079       9.854
   77    319321      1304          0       4002      5767      3761     940356      10.550
   78    321935      2614          0       4002      3726      4870    1217666       9.936
   79    328332      6396          0       1002       321      1028     257247       5.539
   80    329246       914          0       1002      2455      1122     280708       6.624
   81    330335      1088          0       1002      2265      1233     308258       7.536
   82    331388      1053          0       1002      2177      1146     286630       8.483
   83    332180       792          0       1002      2785      1103     275824       9.691
   84    335585      3404          0       1002       617      1051     262827       8.286
   85    336430       844          0       1002      1985       838     209712       9.441
   86    337003       573          0       1002      3182       912     228045      10.868
   87    341263      4260          0       1002       392       836     209238       8.608
   88    344602      3338          0       1002       487       813     203406       7.269
   89    354775     10173       2904       1002       188       957     239452       2.000
   90    358116      3341       1341       1002       621      1037     259385       2.000
   91    360753      2636        636       1002       671       885     221335       2.000
   92    366574      5820       3820       1002       281       818     204612       2.000
   93    371195      4620       2620       1002       420       971     242863       2.000
   94    373975      2779        779       1002       720      1001     250359       2.000
   95    375498      1523          0       1002      1406      1070     267709       2.477
   96    379553      4054       1577       1002       607      1232     308044       2.000
   97    382747      3194       1194       1002       743      1186     296743       2.000
   98    387078      4330       2330       1002       505      1095     273829       2.000
   99    395021      7942       5942       1002       248       985     246352       2.000
New connection was opened
  100    398352      3331       1331       1002       556       927     231867       2.000
  101    400545      2192        192       1002       870       954     238675       2.000
  102    404191      3646       1646       1002       464       847     211800       2.000
  103    405215      1024          0       1002      1520       779     194798       2.975
  104    409709      4493       1517       1002       396       889     222463       2.000
  105    418001      8292       6292       1002       265      1102     275691       2.000
  106    425617      7615       5615       1002       227       865     216312       2.000
  107    429870      4253       2253       1002       393       837     209296       2.000
  108    436887      7017       5017       1002       272       956     239197       2.000
  109    439130      2242        242       1002       896      1005     251312       2.000
  110    440853      1722          0       1002      1216      1047     261945       2.277
  111    449375      8521       6244       1002       290      1238     309607       2.000
  112    454110      4735       2735       1002       489      1159     289996       2.000
  113    456554      2443        443       1002       900      1100     275122       2.000
  114    458491      1936          0       1002      1077      1043     260948       2.063
  115    460198      1706          0       1002      1227      1047     261834       2.356
  116    461664      1466          0       1002      1195       876     219248       2.890
  117    464240      2575          0       1002       651       839     209811       2.314
  118    466236      1995          0       1002       820       818     204739       2.319
  119    466845       609          0       1002      2624       799     199847       3.709
  120    472172      5327       1617       1002       439      1170     292674       2.000
  121    473558      1385          0       1002      1316       912     228003       2.614
  122    475042      1484          0       1002      1019       756     189170       3.130
  123    476752      1709          0       1002      1019       871     217963       3.420
  124    478377      1624          0       1002      1297      1053     263410       3.795
  125    480218      1841          0       1002      1129      1040     260016       3.954
  126    482256      2037          0       1002      1166      1189     297258       3.916
  127    484063      1807          0       1002      1239      1120     280031       4.109
  128    485138      1074          0       1002      2158      1160     290002       5.034
  129    486360      1222          0       1002      1740      1063     265919       5.812
  130    487858      1497          0       1002      1480      1108     277200       6.314
  131    488467       608          0       1002      2940       895     223847       7.705
  132    489554      1087          0       1002      1530       832     208034       8.618
  133    493038      3483          0       1002       470       818     204674       7.135
  134    493803       765          0       1002      2145       820     205171       8.369
  135    494971      1167          0       1002      1863      1088     272093       9.201
  136    495668       697          0       1002      2708       944     236114      10.504
  137    496251       583          0       1002      2619       763     190885      11.921
  138    497101       849          0       1002      2012       854     213630      13.072
  139    498020       919          0       1002      2319      1066     266678      14.152
  140    499064      1043          0       1002      1874       978     244617      15.108
  141    500309      1245          0       1002      1852      1153     288278      15.863
  142    500593       283          0       1002      8479      1204     301019      17.579
  143    501169       575          0       1002      4004      1152     288207      19.003
  144    502295      1126          0       1002      1994      1123     280760      19.877
  145    503081       785          0       1002      2746      1078     269678      21.092
  146    503672       591          0       1002      2971       878     219667      22.500
  147    504230       557          0       1002      3223       898     224679      23.943
  148    504926       696          0       1002      2328       810     202613      25.247
  149    505771       845          0       1002      1956       827     206855      26.401
  150    506356       584          0       1002      3286       960     240000      27.817
