Seg_#  Arr_time  Del_Time  Stall_Dur  Rep_Level  Del_Rate  Act_Rate  Byte_Size  Buff_Level
    1      1956      1956          0       1002      1041      1019     254750       2.000
    2      4050      2094          0       1002      1061      1111     277826       4.000
    3      5793      1742          0       1002      1085       945     236436       4.257
    4      8701      2907          0       1002       769      1119     279808       3.349
    5     11769      3068          0       1002       752      1154     288654       2.281
    6     26123     14353      12072       1002       141      1016     254082       2.000
    7     33401      7278       5278       1002       256       932     233115       2.000
    8     39474      6072       4072       1002       303       921     230404       2.000
    9     41365      1890          0       1002       824       779     194933       2.109
   10     43303      1937          0       1002       818       793     198266       2.171
   11     44210       907          0       1002      1791       812     203169       3.264
   12     44546       336          0       1002      4802       806     201716       4.928
   13     47437      2891          0       1002       740      1070     267691       4.037
   14     51659      4222        185       1002       448       946     236530       2.000
   15     54931      3271       1271       1002       496       811     202998       2.000
   16     56132      1200          0       1002      1545       927     231991       2.799
   17     59728      3596        797       1002       585      1052     263035       2.000
   18     61956      2227        227       1002       993      1106     276603       2.000
   19     68844      6888       4888       1002       323      1113     278375       2.000
   20     77019      8174       6174       1002       299      1222     305651       2.000
   21     97451     20431      18431       1002       112      1145     286426       2.000
   22    106021      8570       6570       1002       254      1090     272598       2.000
   23    124362     18340      16340       1002       109      1006     251612       2.000
   24    135814     11452       9452       1002       148       850     212723       2.000
   25    154492     18677      16677       1002        98       917     229343       2.000
   26    161701      7208       5208       1002       222       801     200468       2.000
   27    168144      6443       4443       1002       254       819     204863       2.000
   28    186257     18113      16113       1002       103       940     235088       2.000
   29    202189     15932      13932       1002       132      1056     264170       2.000
   30    212458     10268       8268       1002       170       877     219390       2.000
   31    218715      6257       4257       1002       275       860     215151       2.000
   32    231383     12667      10667       1002       162      1028     257050       2.000
   33    234406      3023       1023       1002       684      1034     258720       2.000
   34    246194     11787       9787       1002       184      1086     271582       2.000
   35    249750      3556       1556       1002       691      1229     307361       2.000
   36    267954     18203      16203       1002       131      1200     300176       2.000
   37    269704      1749          0       1002      1199      1049     262322       2.250
   38    274868      5164       2914       1002       369       954     238656       2.000
   39    276708      1839          0       1002      1002       922     230537       2.160
   40    287588     10879       8719       1002       166       903     225791       2.000
   41    293836      6248       4248       1002       269       842     210560       2.000
   42    296915      3078       1078       1002       502       773     193322       2.000
   43    299352      2437        437       1002       715       871     217898       2.000
   44    314144     14791      12791       1002       150      1112     278194       2.000
   45    328338     14194      12194       1002       123       877     219280       2.000
   46    336384      8045       6045       1002       213       860     215102       2.000
   47    343810      7425       5425       1002       271      1007     251815       2.000
   48    349178      5368       3368       1002       379      1019     254855       2.000
   49    363308     14129      12129       1002       159      1129     282290       2.000
   50    371372      8063       6063       1002       304      1226     306522       2.000
   51    375087      3715       1715       1002       616      1145     286359       2.000
   52    376122      1035          0       1002      2101      1087     271950       2.965
   53    377620      1497          0       1002      1354      1014     253536       3.467
   54    378362       742          0       1002      2781      1032     258063       4.725
   55    378846       483          0       1002      3585       866     216653       6.242
   56    380154      1308          0       1002      1287       841     210472       6.933
   57    381152       998          0       1002      1619       808     202110       7.935
   58    382854      1701          0       1002       933       793     198453       8.234
   59    385714      2860          0       1002       823      1178     294537       7.373
   60    387268      1553          0       1002      1202       933     233429       7.820
   61    388428      1159          0       1002      1273       738     184579       8.660
   62    389770      1342          0       1002      1361       913     228462       9.317
   63    390613       842          0       1002      2561      1078     269699      10.475
   64    391881      1268          0       1002      1606      1018     254745      11.207
   65    392743       862          0       1002      2754      1187     296877      12.344
   66    393625       881          0       1002      2593      1143     285901      13.462
   67    394466       841          0       1002      2681      1127     281936      14.621
   68    395117       651          0       1002      3223      1049     262483      15.970
   69    399515      4397          0       1002       476      1048     262019      13.572
   70    404316      4800          0       1002       352       846     211534      10.772
   71    406857      2541          0       1002       668       850     212505      10.231
   72    408159      1302          0       1002      1276       831     207755      10.929
   73    409481      1322          0       1002      1245       823     205946      11.606
   74    424196     14715       3108       1002       148      1095     273908       2.000
   75    429048      4851       2851       1002       386       936     234233       2.000
   76    432776      3727       1727       1002       400       746     186629       2.000
   77    435148      2371        371       1002       762       903     225923       2.000
   78    437049      1901          0       1002      1122      1067     266807       2.099
   79    441360      4310       2211       1002       477      1028     257247       2.000
   80    451986     10626       8626       1002       211      1122     280708       2.000
   81    462506     10520       8520       1002       234      1233     308258       2.000
   82    468721      6214       4214       1002       368      1146     286630       2.000
   83    471156      2435        435       1002       906      1103     275824       2.000
   84    472935      1779          0       1002      1181      1051     262827       2.220
   85    474172      1236          0       1002      1356       838     209712       2.984
   86    475368      1195          0       1002      1525       912     228045       3.788
   87    476281       912          0       1002      1833       836     209238       4.875
   88    477339      1058          0       1002      1537       813     203406       5.817
   89    489731     12391       6574       1002       154       957     239452       2.000
   90    496837      7106       5106       1002       292      1037     259385       2.000
   91    499088      2251        251       1002       786       885     221335       2.000
   92    499674       586          0       1002      2793       818     204612       3.414
   93    499885       210          0       1002      9228       971     242863       5.203
   94    500445       559          0       1002      3577      1001     250359       6.644
   95    501272       827          0       1002      2587      1070     267709       7.816
   96    502047       774          0       1002      3180      1232     308044       9.041
   97    502658       610          0       1002      3886      1186     296743      10.430
   98    503065       406          0       1002      5385      1095     273829      12.023
   99    503678       612          0       1002      3215       985     246352      13.410
New connection was opened
  100    507861      4183          0       1002       443       927     231867      11.227
  101    511872      4010          0       1002       476       954     238675       9.217
  102    514922      3050          0       1002       555       847     211800       8.166
  103    517107      2185          0       1002       713       779     194798       7.981
  104    520290      3183          0       1002       559       889     222463       6.798
  105    523629      3338          0       1002       660      1102     275691       5.460
  106    525639      2009          0       1002       860       865     216312       5.450
  107    527252      1613          0       1002      1037       837     209296       5.836
  108    529452      2199          0       1002       869       956     239197       5.636
  109    531531      2078          0       1002       967      1005     251312       5.557
  110    532856      1325          0       1002      1581      1047     261945       6.232
  111    534134      1277          0       1002      1939      1238     309607       6.955
  112    534721       587          0       1002      3946      1159     289996       8.367
  113    535573       851          0       1002      2584      1100     275122       9.515
  114    537629      2055          0       1002      1015      1043     260948       9.459
  115    538362       733          0       1002      2857      1047     261834      10.726
  116    538858       495          0       1002      3538       876     219248      12.231
  117    539378       520          0       1002      3227       839     209811      13.711
  118    540007       628          0       1002      2604       818     204739      15.082
  119    540655       648          0       1002      2465       799     199847      16.433
  120    540976       320          0       1002      7296      1170     292674      18.112
  121    541368       391          0       1002      4654       912     228003      19.720
  122    541972       604          0       1002      2504       756     189170      21.116
  123    542467       494          0       1002      3523       871     217963      22.621
  124    543086       618          0       1002      3405      1053     263410      24.002
  125    543620       533          0       1002      3898      1040     260016      25.469
  126    544552       932          0       1002      2550      1189     297258      26.536
  127    545784      1231          0       1002      1818      1120     280031      27.304
  128    546500       715          0       1002      3242      1160     290002      28.589
  129    548262      1762          0       1002      1207      1063     265919      28.827
  130    549087       825          0       1002      2686      1108     277200      30.001
  131    549793       705          0       1002      2537       895     223847      31.296
  132    550381       588          0       1002      2829       832     208034      32.707
  133    550729       347          0       1002      4707       818     204674      34.360
  134    551278       548          0       1002      2992       820     205171      35.811
  135    551881       602          0       1002      3611      1088     272093      37.208
  136    552663       782          0       1002      2413       944     236114      38.426
  137    553297       633          0       1002      2409       763     190885      39.792
  138    553970       672          0       1002      2540       854     213630      41.119
  139    554738       768          0       1002      2777      1066     266678      42.351
  140    555473       735          0       1002      2660       978     244617      43.615
  141    555919       445          0       1002      5179      1153     288278      45.170
  142    556698       778          0       1002      3092      1204     301019      46.391
  143    557395       697          0       1002      3306      1152     288207      47.694
  144    557959       564          0       1002      3978      1123     280760      49.130
  145    558461       501          0       1002      4298      1078     269678      50.628
  146    559239       777          0       1002      2259       878     219667      51.850
  147    559774       535          0       1002      3358       898     224679      53.315
  148    559830        55          0       1002     29086       810     202613      55.259
  149    564310      4479          0       6002      2300      5153    1288363      52.779
  150    566542      2231          0       6002      5154      5750    1437696      52.547
