Seg_#  Arr_time  Del_Time  Stall_Dur  Rep_Level  Del_Rate  Act_Rate  Byte_Size  Buff_Level
    1      5477      5477          0       1002       372      1019     254750       2.000
    2      7307      1830          0       1002      1214      1111     277826       4.000
    3      9265      1958          0       1002       965       945     236436       4.041
    4     10960      1694          0       1002      1321      1119     279808       4.347
    5     17701      6741       2394       1002       342      1154     288654       2.000
    6     20163      2461        461       1002       825      1016     254082       2.000
    7     26814      6651       4651       1002       280       932     233115       2.000
    8     28863      2048         48       1002       899       921     230404       2.000
    9     33668      4805       2805       1002       324       779     194933       2.000
   10     36455      2786        786       1002       569       793     198266       2.000
   11     37580      1125          0       1002      1443       812     203169       2.874
   12     41836      4255       1381       1002       379       806     201716       2.000
   13     51473      9637       7637       1002       222      1070     267691       2.000
   14     56765      5291       3291       1002       357       946     236530       2.000
   15     58173      1408          0       1002      1153       811     202998       2.592
   16     59972      1798          0       1002      1031       927     231991       2.793
   17     60666       694          0       1002      3031      1052     263035       4.099
   18     68871      8204       4105       1002       269      1106     276603       2.000
   19     75637      6766       4766       1002       329      1113     278375       2.000
   20     77826      2188        188       1002      1117      1222     305651       2.000
   21     80081      2254        254       1002      1016      1145     286426       2.000
   22     81896      1814          0       1002      1201      1090     272598       2.185
   23     83647      1751          0       1002      1149      1006     251612       2.434
   24     85541      1893          0       1002       898       850     212723       2.540
   25     94049      8507       5967       1002       215       917     229343       2.000
   26    100250      6201       4201       1002       258       801     200468       2.000
   27    102697      2447        447       1002       669       819     204863       2.000
   28    104460      1763          0       1002      1066       940     235088       2.237
   29    105201       740          0       1002      2854      1056     264170       3.496
   30    106942      1741          0       1002      1007       877     219390       3.755
   31    112323      5381       1626       1002       319       860     215151       2.000
   32    121718      9395       7395       1002       218      1028     257050       2.000
   33    130016      8297       6297       1002       249      1034     258720       2.000
   34    135987      5971       3971       1002       363      1086     271582       2.000
   35    138325      2337        337       1002      1051      1229     307361       2.000
   36    139502      1176          0       1002      2041      1200     300176       2.824
   37    139823       321          0       1002      6525      1049     262322       4.502
   38    140448       625          0       1002      3054       954     238656       5.877
   39    145366      4917          0       1002       375       922     230537       2.960
   40    147943      2576          0       1002       700       903     225791       2.383
   41    151118      3175        792       1002       530       842     210560       2.000
   42    151291       173          0       1002      8922       773     193322       3.827
   43    153957      2666          0       1002       653       871     217898       3.160
   44    156260      2302          0       1002       966      1112     278194       2.858
   45    163348      7088       4230       1002       247       877     219280       2.000
   46    163814       465          0       1002      3692       860     215102       3.534
   47    166829      3014          0       1002       668      1007     251815       2.519
   48    167221       391          0       1002      5204      1019     254855       4.128
   49    167637       416          0       1002      5421      1129     282290       5.711
   50    176462      8825       3114       1002       277      1226     306522       2.000
   51    178033      1570          0       1002      1458      1145     286359       2.429
   52    182448      4414       1985       1002       492      1087     271950       2.000
   53    183931      1483          0       1002      1367      1014     253536       2.517
   54    184784       853          0       1002      2419      1032     258063       3.664
   55    188631      3847        183       1002       450       866     216653       2.000
   56    191234      2603        603       1002       646       841     210472       2.000
   57    195600      4365       2365       1002       370       808     202110       2.000
   58    196487       886          0       1002      1790       793     198453       3.113
   59    202276      5789       2676       1002       407      1178     294537       2.000
   60    205821      3545       1545       1002       526       933     233429       2.000
   61    207840      2018         18       1002       731       738     184579       2.000
   62    209652      1811          0       1002      1008       913     228462       2.188
   63    212269      2617        429       1002       824      1078     269699       2.000
   64    219980      7711       5711       1002       264      1018     254745       2.000
   65    222941      2961        961       1002       802      1187     296877       2.000
   66    224037      1095          0       1002      2087      1143     285901       2.904
   67    227771      3733        829       1002       604      1127     281936       2.000
   68    229047      1275          0       1002      1645      1049     262483       2.724
   69    230158      1111          0       1002      1886      1048     262019       3.613
   70    230806       648          0       1002      2610       846     211534       4.965
   71    231914      1108          0       1002      1533       850     212505       5.856
   72    242862     10947       5091       1002       151       831     207755       2.000
   73    250300      7437       5437       1002       221       823     205946       2.000
   74    252354      2053         53       1002      1067      1095     273908       2.000
   75    255181      2827        827       1002       662       936     234233       2.000
   76    257131      1950          0       1002       765       746     186629       2.050
   77    258489      1358          0       1002      1330       903     225923       2.692
   78    259733      1243          0       1002      1716      1067     266807       3.448
   79    260787      1053          0       1002      1953      1028     257247       4.394
   80    261670       883          0       1002      2541      1122     280708       5.511
   81    261752        81          0       1002     30346      1233     308258       7.429
   82    265724      3972          0       6002      3359      6672    1668241       5.457
   83    270555      4830          0       6002      2519      6085    1521277       2.626
   84    274811      4256       1630       4002      1862      3964     991136       2.000
   85    275418       606          0       1002      2767       838     209712       3.394
   86    276801      1383          0       1002      1318       912     228045       4.010
   87    277183       382          0       1002      4380       836     209238       5.628
   88    277800       617          0       1002      2636       813     203406       7.011
   89    278101       300          0       1002      6378       957     239452       8.711
   90    278555       454          0       1002      4569      1037     259385      10.257
   91    279212       656          0       1002      2696       885     221335      11.600
   92    279556       344          0       1002      4751       818     204612      13.255
   93    280125       568          0       1002      3416       971     242863      14.687
   94    281254      1129          0       1002      1773      1001     250359      15.557
   95    281420       165          0       1002     12962      1070     267709      17.392
   96    283253      1833          0       4002      5303      4861    1215269      17.559
   97    285671      2417          0       4002      3915      4733    1183430      17.141
   98    291813      6142          0       4002      1304      4004    1001232      12.999
   99    292650       837          0       1002      2353       985     246352      14.162
New connection was opened
  100    296709      4059          0       1002       456       927     231867      12.102
  101    304786      8076          0       1002       236       954     238675       6.026
  102    307413      2627          0       1002       644       847     211800       5.398
  103    307811       397          0       1002      3919       779     194798       7.001
  104    308211       400          0       1002      4446       889     222463       8.601
  105    311040      2828          0       1002       779      1102     275691       7.772
  106    312549      1509          0       1002      1146       865     216312       8.262
  107    313151       602          0       1002      2780       837     209296       9.660
  108    314642      1490          0       1002      1283       956     239197      10.170
  109    314824       182          0       1002     11038      1005     251312      11.988
  110    325437     10612          0       4002       941      4995    1248843       3.375
  111    328899      3462         87       1002       715      1238     309607       2.000
  112    334309      5409       3409       1002       428      1159     289996       2.000
  113    335054       745          0       1002      2953      1100     275122       3.255
  114    338868      3813        559       1002       547      1043     260948       2.000
  115    339628       759          0       1002      2757      1047     261834       3.240
  116    340983      1354          0       1002      1294       876     219248       3.886
  117    341521       538          0       1002      3117       839     209811       5.347
  118    342864      1342          0       1002      1220       818     204739       6.005
  119    347070      4205          0       1002       380       799     199847       3.799
  120    355347      8277       4478       1002       282      1170     292674       2.000
  121    365802     10455       8455       1002       174       912     228003       2.000
  122    367142      1339          0       1002      1129       756     189170       2.660
  123    370067      2925        265       1002       596       871     217963       2.000
  124    371664      1596          0       1002      1319      1053     263410       2.403
  125    378590      6925       4522       1002       300      1040     260016       2.000
  126    380279      1689          0       1002      1407      1189     297258       2.311
  127    382338      2058          0       1002      1088      1120     280031       2.252
  128    383701      1363          0       1002      1702      1160     290002       2.889
  129    384385       684          0       1002      3109      1063     265919       4.205
  130    385362       977          0       1002      2269      1108     277200       5.228
  131    385687       324          0       1002      5514       895     223847       6.904
  132    385855       168          0       1002      9904       832     208034       8.735
  133    392304      6449          0       4002      1029      3320     830065       4.286
  134    393504      1200          0       1002      1367       820     205171       5.086
  135    394584      1080          0       1002      2015      1088     272093       6.006
  136    394826       241          0       1002      7816       944     236114       7.764
  137    394841        15          0       1002     99737       763     190885       9.749
  138    396639      1797          0       6002      6338      5698    1424552       9.951
  139    410280     13640       3689       6002       999      6817    1704349       2.000
  140    433662     23382      21382       6002       567      6635    1658858       2.000
  141    436945      3282       1282       6002      4212      6915    1728788       2.000
  142    444934      7988       5988       6002      1789      7148    1787128       2.000
  143    454549      9614       7614       4002       943      4533    1133416       2.000
  144    458965      4416       2416       1002       508      1123     280760       2.000
  145    461261      2296        296       1002       939      1078     269678       2.000
  146    462458      1196          0       1002      1468       878     219667       2.803
  147    463315       856          0       1002      2097       898     224679       3.946
  148    463535       220          0       1002      7352       810     202613       5.726
  149    464115       579          0       1002      2854       827     206855       7.146
  150    464827       711          0       1002      2697       960     240000       8.434
