Seg_#  Arr_time  Del_Time  Stall_Dur  Rep_Level  Del_Rate  Act_Rate  Byte_Size  Buff_Level
    1      1747      1747          0       1002      1166      1019     254750       2.000
    2      5286      3538          0       1002       628      1111     277826       4.000
    3      6443      1157          0       1002      1633       945     236436       4.842
    4      7676      1232          0       1002      1815      1119     279808       5.609
    5      8532       856          0       1002      2697      1154     288654       6.753
    6      9588      1055          0       1002      1925      1016     254082       7.697
    7     10426       837          0       1002      2226       932     233115       8.860
    8     11910      1484          0       1002      1241       921     230404       9.375
    9     12215       304          0       1002      5121       779     194933      11.071
   10     13427      1212          0       1002      1308       793     198266      11.858
   11     14491      1063          0       1002      1527       812     203169      12.795
   12     15299       808          0       1002      1996       806     201716      13.987
   13     16054       754          0       1002      2838      1070     267691      15.232
   14     16694       640          0       1002      2953       946     236530      16.591
   15     17655       960          0       1002      1690       811     202998      17.631
   16     18529       873          0       1002      2123       927     231991      18.757
   17     21179      2649          0       1002       794      1052     263035      18.107
   18     22197      1018          0       1002      2173      1106     276603      19.089
   19     23265      1068          0       1002      2084      1113     278375      20.021
   20     26639      3373          0       1002       724      1222     305651      18.647
   21     28013      1374          0       1002      1667      1145     286426      19.273
   22     29188      1175          0       1002      1855      1090     272598      20.098
   23     30231      1042          0       1002      1930      1006     251612      21.055
   24     31132       901          0       1002      1887       850     212723      22.154
   25     32405      1273          0       1002      1441       917     229343      22.881
   26     36714      4308          0       1002       372       801     200468      20.572
   27     42511      5796          0       1002       282       819     204863      16.775
   28     45955      3444          0       1002       545       940     235088      15.331
   29     48144      2189          0       1002       965      1056     264170      15.141
   30     49869      1724          0       1002      1017       877     219390      15.417
   31     51496      1627          0       1002      1057       860     215151      15.790
   32     52959      1463          0       1002      1405      1028     257050      16.327
   33     54376      1416          0       1002      1460      1034     258720      16.910
   34     55533      1157          0       1002      1876      1086     271582      17.753
   35     56341       807          0       1002      3044      1229     307361      18.945
   36     56875       533          0       1002      4501      1200     300176      20.411
   37     57507       632          0       1002      3317      1049     262322      21.779
   38     57939       431          0       1002      4422       954     238656      23.347
   39     58285       346          0       1002      5322       922     230537      25.001
   40     58995       710          0       1002      2543       903     225791      26.291
   41     59491       495          0       1002      3401       842     210560      27.795
   42     60105       614          0       1002      2517       773     193322      29.181
   43     60735       629          0       1002      2767       871     217898      30.551
   44     62980      2244          0       1002       991      1112     278194      30.306
   45     63759       779          0       1002      2250       877     219280      31.527
   46     64096       337          0       1002      5103       860     215102      33.190
   47     64777       680          0       1002      2960      1007     251815      34.509
   48     65163       386          0       1002      5280      1019     254855      36.123
   49     67438      2274          0       1002       992      1129     282290      35.848
   50     68175       737          0       1002      3326      1226     306522      37.111
   51     68976       801          0       1002      2859      1145     286359      38.310
   52     69481       504          0       1002      4313      1087     271950      39.805
   53     70043       561          0       1002      3610      1014     253536      41.244
   54     70539       496          0       1002      4154      1032     258063      42.747
   55     70999       459          0       1002      3775       866     216653      44.288
   56     71549       550          0       1002      3060       841     210472      45.738
   57     71835       286          0       1002      5641       808     202110      47.451
   58     71982       146          0       1002     10822       793     198453      49.304
   59     75878      3896          0       4002      2532      4932    1233158      47.408
   60     80034      4155          0       4002      1856      3858     964565      45.252
   61     80735       700          0       1002      2106       738     184579      46.552
   62     82865      2130          0       1002       857       913     228462      46.421
   63     87212      4346          0       1002       496      1078     269699      44.075
   64     88264      1052          0       1002      1936      1018     254745      45.022
   65     89261       997          0       1002      2381      1187     296877      46.025
   66     90393      1132          0       1002      2019      1143     285901      46.893
   67     92046      1652          0       1002      1364      1127     281936      47.240
   68     92826       779          0       1002      2693      1049     262483      48.461
   69     97880      5054          0       1002       414      1048     262019      45.407
   70     99062      1182          0       1002      1431       846     211534      46.224
   71    100172      1110          0       1002      1531       850     212505      47.114
   72    101124       951          0       1002      1746       831     207755      48.163
   73    101853       729          0       1002      2258       823     205946      49.433
   74    102707       853          0       1002      2567      1095     273908      50.580
   75    103335       628          0       1002      2982       936     234233      51.951
   76    103952       617          0       1002      2419       746     186629      53.334
   77    111879      7926          0       1002       228       903     225923      47.408
   78    123447     11568          0       1002       184      1067     266807      37.840
   79    126603      3155          0       1002       652      1028     257247      36.684
   80    130914      4311          0       1002       520      1122     280708      34.373
   81    133921      3007          0       1002       819      1233     308258      33.365
   82    135750      1828          0       1002      1254      1146     286630      33.537
   83    147322     11571          0       1002       190      1103     275824      23.965
   84    153624      6302          0       1002       333      1051     262827      19.663
   85    155545      1920          0       1002       873       838     209712      19.742
   86    158233      2688          0       1002       678       912     228045      19.054
   87    159202       969          0       1002      1726       836     209238      20.085
   88    160104       901          0       1002      1804       813     203406      21.183
   89    160795       690          0       1002      2773       957     239452      22.492
   90    162595      1800          0       1002      1152      1037     259385      22.692
   91    164016      1421          0       1002      1245       885     221335      23.271
   92    165114      1098          0       1002      1490       818     204612      24.173
   93    166189      1074          0       1002      1808       971     242863      25.098
   94    166930       741          0       1002      2700      1001     250359      26.357
   95    173173      6242          0       1002       343      1070     267709      22.114
   96    178097      4924          0       1002       500      1232     308044      19.190
   97    183866      5768          0       1002       411      1186     296743      15.421
   98    186312      2446          0       1002       895      1095     273829      14.975
   99    187873      1560          0       1002      1262       985     246352      15.414
New connection was opened
  100    191202      3328          0       1002       557       927     231867      14.085
  101    207282     16080       1994       1002       118       954     238675       2.000
  102    210402      3120       1120       1002       543       847     211800       2.000
  103    216787      6385       4385       1002       244       779     194798       2.000
  104    220023      3235       1235       1002       550       889     222463       2.000
  105    224777      4754       2754       1002       463      1102     275691       2.000
  106    228150      3373       1373       1002       513       865     216312       2.000
  107    230626      2475        475       1002       676       837     209296       2.000
  108    235599      4973       2973       1002       384       956     239197       2.000
  109    237843      2244        244       1002       895      1005     251312       2.000
  110    239222      1378          0       1002      1519      1047     261945       2.621
  111    240802      1580          0       1002      1567      1238     309607       3.041
  112    243081      2279          0       1002      1017      1159     289996       2.762
  113    244268      1186          0       1002      1854      1100     275122       3.575
  114    245241       972          0       1002      2146      1043     260948       4.602
  115    248818      3576          0       1002       585      1047     261834       3.025
  116    251330      2512          0       1002       698       876     219248       2.513
  117    254400      3069        556       1002       546       839     209811       2.000
  118    265589     11189       9189       1002       146       818     204739       2.000
  119    267592      2003          3       1002       797       799     199847       2.000
  120    269895      2302        302       1002      1017      1170     292674       2.000
  121    271129      1234          0       1002      1477       912     228003       2.765
  122    271910       780          0       1002      1938       756     189170       3.985
  123    273228      1317          0       1002      1323       871     217963       4.667
  124    274526      1298          0       1002      1622      1053     263410       5.368
  125    275545      1019          0       1002      2040      1040     260016       6.349
  126    276970      1424          0       1002      1668      1189     297258       6.924
  127    278152      1181          0       1002      1896      1120     280031       7.743
  128    279059       906          0       1002      2558      1160     290002       8.836
  129    280474      1415          0       1002      1502      1063     265919       9.420
  130    282329      1854          0       1002      1195      1108     277200       9.565
  131    283023       693          0       1002      2583       895     223847      10.872
  132    283523       500          0       1002      3324       832     208034      12.372
  133    284258       734          0       1002      2228       818     204674      13.637
  134    285003       745          0       1002      2203       820     205171      14.892
  135    285578       574          0       1002      3787      1088     272093      16.317
  136    288607      3029          0       1002       623       944     236114      15.288
  137    290124      1517          0       1002      1006       763     190885      15.771
  138    291329      1205          0       1002      1418       854     213630      16.565
  139    292743      1413          0       1002      1508      1066     266678      17.152
  140    293254       510          0       1002      3831       978     244617      18.641
  141    295185      1930          0       1002      1194      1153     288278      18.710
  142    306122     10936          0       1002       220      1204     301019       9.773
  143    308993      2871          0       1002       803      1152     288207       8.902
  144    310937      1944          0       1002      1155      1123     280760       8.958
  145    312581      1643          0       1002      1312      1078     269678       9.314
  146    315219      2638          0       1002       666       878     219667       8.676
  147    320399      5180          0       1002       346       898     224679       5.496
  148    327768      7368       1872       1002       219       810     202613       2.000
  149    332617      4849       2849       1002       341       827     206855       2.000
  150    340923      8305       6305       1002       231       960     240000       2.000
