Seg_#  Arr_time  Del_Time  Stall_Dur  Rep_Level  Del_Rate  Act_Rate  Byte_Size  Buff_Level
    1      1439      1439          0       1002      1415      1019     254750       2.000
    2      2133       693          0       1002      3203      1111     277826       4.000
    3      3466      1333          0       1002      1418       945     236436       4.667
    4      3998       531          0       1002      4211      1119     279808       6.135
    5     10823      6825        689       1002       338      1154     288654       2.000
    6     18439      7615       5615       1002       266      1016     254082       2.000
    7     20032      1592          0       1002      1170       932     233115       2.407
    8     21274      1241          0       1002      1484       921     230404       3.165
    9     22173       899          0       1002      1734       779     194933       4.266
   10     23307      1134          0       1002      1398       793     198266       5.132
   11     24049       741          0       1002      2191       812     203169       6.390
   12     24982       933          0       1002      1729       806     201716       7.457
   13     26119      1137          0       1002      1882      1070     267691       8.320
   14     26957       837          0       1002      2259       946     236530       9.482
   15     27148       190          0       1002      8524       811     202998      11.292
   16     27204        56          0       1002     32719       927     231991      13.235
   17     29606      2401          0       6002      5849      7023    1755827      12.833
   18     30937      1331          0       6002      9768      6503    1625893      13.502
   19     47185     16247       2745       6002       835      6785    1696486       2.000
   20     52194      5009       3009       4002      1831      4586    1146745       2.000
   21     58327      6132       4132       4002      1403      4303    1075965       2.000
   22     59345      1018          0       1002      2140      1090     272598       2.981
   23     60304       958          0       1002      2100      1006     251612       4.023
   24     61056       752          0       1002      2261       850     212723       5.271
   25     61872       815          0       1002      2249       917     229343       6.455
   26     62562       689          0       1002      2324       801     200468       7.765
   27     63406       843          0       1002      1941       819     204863       8.921
   28     64101       695          0       1002      2703       940     235088      10.225
   29     64865       763          0       1002      2766      1056     264170      11.462
   30     65764       898          0       1002      1953       877     219390      12.563
   31     66627       862          0       1002      1994       860     215151      13.700
   32     67309       682          0       1002      3012      1028     257050      15.018
   33     68544      1234          0       1002      1676      1034     258720      15.783
   34     69401       856          0       1002      2535      1086     271582      16.926
   35     70445      1044          0       1002      2354      1229     307361      17.882
   36     71050       604          0       1002      3970      1200     300176      19.277
   37     71851       800          0       1002      2620      1049     262322      20.476
   38     74769      2918          0       1002       654       954     238656      19.558
   39     75925      1155          0       1002      1595       922     230537      20.402
   40     76760       834          0       1002      2163       903     225791      21.567
   41     76998       237          0       1002      7085       842     210560      23.329
   42     77789       791          0       1002      1954       773     193322      24.538
   43     78408       618          0       1002      2818       871     217898      25.919
   44     79277       868          0       1002      2561      1112     278194      27.051
   45     80407      1130          0       1002      1552       877     219280      27.920
   46     90764     10356          0       1002       166       860     215102      19.564
   47     99329      8565          0       1002       235      1007     251815      12.998
   48    104935      5605          0       1002       363      1019     254855       9.393
   49    117615     12680       3287       1002       178      1129     282290       2.000
   50    121299      3684       1684       1002       665      1226     306522       2.000
   51    123071      1771          0       1002      1293      1145     286359       2.228
   52    124738      1667          0       1002      1304      1087     271950       2.561
   53    125778      1039          0       1002      1950      1014     253536       3.521
   54    126539       761          0       1002      2710      1032     258063       4.760
   55    126969       429          0       1002      4036       866     216653       6.330
   56    127400       431          0       1002      3903       841     210472       7.899
   57    127667       266          0       1002      6062       808     202110       9.632
   58    128490       822          0       1002      1930       793     198453      10.810
   59    129745      1255          0       1002      1877      1178     294537      11.555
   60    130370       624          0       1002      2988       933     233429      12.930
   61    131010       640          0       1002      2305       738     184579      14.289
   62    131639       628          0       1002      2906       913     228462      15.660
   63    139461      7822          0       1002       275      1078     269699       9.838
   64    144070      4608          0       1002       442      1018     254745       7.230
   65    155945     11874       4645       1002       200      1187     296877       2.000
   66    158289      2344        344       1002       975      1143     285901       2.000
   67    164793      6503       4503       1002       346      1127     281936       2.000
   68    169113      4320       2320       1002       486      1049     262483       2.000
   69    172225      3112       1112       1002       673      1048     262019       2.000
   70    179705      7480       5480       1002       226       846     211534       2.000
   71    185767      6062       4062       1002       280       850     212505       2.000
   72    201199     15432      13432       1002       107       831     207755       2.000
   73    215296     14096      12096       1002       116       823     205946       2.000
   74    224799      9502       7502       1002       230      1095     273908       2.000
   75    228152      3353       1353       1002       558       936     234233       2.000
   76    229392      1240          0       1002      1203       746     186629       2.760
   77    230261       868          0       1002      2081       903     225923       3.892
   78    231324      1063          0       1002      2006      1067     266807       4.828
   79    232230       905          0       1002      2273      1028     257247       5.923
   80    233409      1179          0       1002      1904      1122     280708       6.743
   81    236591      3182          0       1002       774      1233     308258       5.561
   82    238502      1910          0       1002      1200      1146     286630       5.650
   83    243544      5042          0       1002       437      1103     275824       2.608
   84    248153      4608       2000       1002       456      1051     262827       2.000
   85    252753      4600       2600       1002       364       838     209712       2.000
   86    258976      6223       4223       1002       293       912     228045       2.000
   87    260884      1907          0       1002       877       836     209238       2.092
   88    262673      1789          0       1002       909       813     203406       2.303
   89    266059      3385       1082       1002       565       957     239452       2.000
   90    273814      7755       5755       1002       267      1037     259385       2.000
   91    279068      5254       3254       1002       336       885     221335       2.000
   92    280257      1189          0       1002      1376       818     204612       2.811
   93    282699      2441          0       1002       795       971     242863       2.369
   94    286277      3577       1208       1002       559      1001     250359       2.000
   95    293087      6810       4810       1002       314      1070     267709       2.000
   96    301968      8880       6880       1002       277      1232     308044       2.000
   97    305028      3060       1060       1002       775      1186     296743       2.000
   98    307510      2481        481       1002       882      1095     273829       2.000
   99    308489       979          0       1002      2012       985     246352       3.021
New connection was opened
  100    312229      3740        719       1002       495       927     231867       2.000
  101    313989      1760          0       1002      1084       954     238675       2.240
  102    315644      1655          0       1002      1023       847     211800       2.585
  103    319974      4329       1745       1002       359       779     194798       2.000
  104    328540      8565       6565       1002       207       889     222463       2.000
  105    334188      5648       3648       1002       390      1102     275691       2.000
  106    343931      9743       7743       1002       177       865     216312       2.000
  107    349240      5308       3308       1002       315       837     209296       2.000
  108    351626      2385        385       1002       802       956     239197       2.000
  109    356172      4545       2545       1002       442      1005     251312       2.000
  110    357022       850          0       1002      2464      1047     261945       3.150
  111    362956      5933       2784       1002       417      1238     309607       2.000
  112    372627      9670       7670       1002       239      1159     289996       2.000
  113    374911      2284        284       1002       963      1100     275122       2.000
  114    376703      1791          0       1002      1164      1043     260948       2.208
  115    377733      1030          0       1002      2033      1047     261834       3.178
  116    378982      1248          0       1002      1404       876     219248       3.929
  117    383827      4844        915       1002       346       839     209811       2.000
  118    385551      1724          0       1002       950       818     204739       2.276
  119    387562      2011          0       1002       794       799     199847       2.265
  120    389793      2230          0       1002      1049      1170     292674       2.034
  121    391510      1717          0       1002      1062       912     228003       2.317
  122    392187       676          0       1002      2236       756     189170       3.640
  123    395670      3483          0       1002       500       871     217963       2.156
  124    400217      4546       2390       1002       463      1053     263410       2.000
  125    402103      1885          0       1002      1103      1040     260016       2.114
  126    404364      2260        146       1002      1051      1189     297258       2.000
  127    405489      1125          0       1002      1990      1120     280031       2.875
  128    409874      4385       1510       1002       529      1160     290002       2.000
  129    412156      2282        282       1002       932      1063     265919       2.000
  130    414079      1922          0       1002      1153      1108     277200       2.078
  131    415424      1345          0       1002      1331       895     223847       2.733
  132    416834      1410          0       1002      1180       832     208034       3.322
  133    417815       980          0       1002      1669       818     204674       4.342
  134    419005      1189          0       1002      1379       820     205171       5.152
  135    420152      1147          0       1002      1897      1088     272093       6.004
  136    421027       874          0       1002      2159       944     236114       7.129
  137    421711       684          0       1002      2231       763     190885       8.445
  138    424875      3163          0       1002       540       854     213630       7.281
  139    426289      1413          0       1002      1509      1066     266678       7.868
  140    427102       813          0       1002      2405       978     244617       9.054
  141    428534      1431          0       1002      1611      1153     288278       9.623
  142    429549      1015          0       1002      2371      1204     301019      10.607
  143    430648      1098          0       1002      2099      1152     288207      11.509
  144    436458      5810          0       1002       386      1123     280760       7.698
  145    440921      4462          0       1002       483      1078     269678       5.236
  146    442380      1459          0       1002      1203       878     219667       5.776
  147    442800       419          0       1002      4280       898     224679       7.356
  148    443173       372          0       1002      4351       810     202613       8.984
  149    444293      1119          0       1002      1477       827     206855       9.864
  150    449289      4996          0       1002       384       960     240000       6.868
