Seg_#  Arr_time  Del_Time  Stall_Dur  Rep_Level  Del_Rate  Act_Rate  Byte_Size  Buff_Level
    1      2130      2130          0       1002       956      1019     254750       2.000
    2      5596      3466          0       1002       641      1111     277826       4.000
    3      9857      4261        261       1002       443       945     236436       2.000
    4     11722      1865          0       1002      1199      1119     279808       2.134
    5     13614      1891          0       1002      1220      1154     288654       2.243
    6     16727      3112        869       1002       653      1016     254082       2.000
    7     18260      1533          0       1002      1216       932     233115       2.467
    8     19613      1353          0       1002      1362       921     230404       3.114
    9     22332      2719          0       1002       573       779     194933       2.394
   10     23689      1357          0       1002      1168       793     198266       3.037
   11     24948      1259          0       1002      1290       812     203169       3.778
   12     26360      1411          0       1002      1142       806     201716       4.366
   13     27960      1599          0       1002      1339      1070     267691       4.767
   14     29174      1214          0       1002      1558       946     236530       5.553
   15     32722      3547          0       1002       457       811     202998       4.005
   16     36079      3356          0       1002       552       927     231991       2.648
   17     40963      4884       2236       1002       430      1052     263035       2.000
   18     43543      2580        580       1002       857      1106     276603       2.000
   19     47896      4352       2352       1002       511      1113     278375       2.000
   20     50698      2801        801       1002       872      1222     305651       2.000
   21     54822      4123       2123       1002       555      1145     286426       2.000
   22     57366      2544        544       1002       857      1090     272598       2.000
   23     61510      4144       2144       1002       485      1006     251612       2.000
   24     70893      9382       7382       1002       181       850     212723       2.000
   25     80230      9336       7336       1002       196       917     229343       2.000
   26     86939      6709       4709       1002       239       801     200468       2.000
   27     92197      5257       3257       1002       311       819     204863       2.000
   28     99387      7190       5190       1002       261       940     235088       2.000
   29    107345      7957       5957       1002       265      1056     264170       2.000
   30    114120      6774       4774       1002       259       877     219390       2.000
   31    125323     11202       9202       1002       153       860     215151       2.000
   32    130121      4798       2798       1002       428      1028     257050       2.000
   33    135443      5321       3321       1002       388      1034     258720       2.000
   34    142867      7423       5423       1002       292      1086     271582       2.000
   35    147166      4299       2299       1002       571      1229     307361       2.000
   36    149871      2704        704       1002       887      1200     300176       2.000
   37    154482      4611       2611       1002       455      1049     262322       2.000
   38    158826      4343       2343       1002       439       954     238656       2.000
   39    162561      3734       1734       1002       493       922     230537       2.000
   40    173089     10528       8528       1002       171       903     225791       2.000
   41    187103     14014      12014       1002       120       842     210560       2.000
   42    192610      5506       3506       1002       280       773     193322       2.000
   43    195121      2511        511       1002       694       871     217898       2.000
   44    204896      9775       7775       1002       227      1112     278194       2.000
   45    210377      5481       3481       1002       320       877     219280       2.000
   46    215903      5525       3525       1002       311       860     215102       2.000
   47    219407      3504       1504       1002       574      1007     251815       2.000
   48    225585      6178       4178       1002       330      1019     254855       2.000
   49    229434      3848       1848       1002       586      1129     282290       2.000
   50    231363      1928          0       1002      1271      1226     306522       2.071
   51    237153      5789       3718       1002       395      1145     286359       2.000
   52    238516      1363          0       1002      1595      1087     271950       2.636
   53    239534      1018          0       1002      1992      1014     253536       3.618
   54    242791      3256          0       1002       633      1032     258063       2.361
   55    247445      4653       2292       1002       372       866     216653       2.000
   56    249695      2249        249       1002       748       841     210472       2.000
   57    251213      1517          0       1002      1065       808     202110       2.483
   58    252815      1601          0       1002       991       793     198453       2.881
   59    254554      1739          0       1002      1354      1178     294537       3.141
   60    255546       991          0       1002      1882       933     233429       4.149
   61    256333       787          0       1002      1875       738     184579       5.362
   62    259745      3411          0       1002       535       913     228462       3.950
   63    261540      1795          0       1002      1201      1078     269699       4.155
   64    265757      4216         61       1002       483      1018     254745       2.000
   65    267354      1597          0       1002      1486      1187     296877       2.403
   66    269050      1695          0       1002      1348      1143     285901       2.707
   67    288371     19320      16613       1002       116      1127     281936       2.000
   68    306827     18456      16456       1002       113      1049     262483       2.000
   69    315519      8692       6692       1002       241      1048     262019       2.000
   70    325907     10388       8388       1002       162       846     211534       2.000
   71    332867      6959       4959       1002       244       850     212505       2.000
   72    334346      1478          0       1002      1123       831     207755       2.521
   73    336159      1813          0       1002       908       823     205946       2.708
   74    339265      3105        398       1002       705      1095     273908       2.000
   75    341887      2621        621       1002       714       936     234233       2.000
   76    342971      1084          0       1002      1376       746     186629       2.915
   77    344657      1685          0       1002      1072       903     225923       3.230
   78    346260      1603          0       1002      1331      1067     266807       3.627
   79    347509      1248          0       1002      1647      1028     257247       4.378
   80    348790      1281          0       1002      1752      1122     280708       5.096
   81    351125      2334          0       1002      1056      1233     308258       4.762
   82    352661      1535          0       1002      1492      1146     286630       5.226
   83    353726      1065          0       1002      2071      1103     275824       6.161
   84    355327      1601          0       1002      1312      1051     262827       6.560
   85    356608      1280          0       1002      1309       838     209712       7.279
   86    359965      3356          0       1002       543       912     228045       5.922
   87    361313      1348          0       1002      1241       836     209238       6.573
   88    362323      1009          0       1002      1611       813     203406       7.564
   89    363072       748          0       1002      2557       957     239452       8.815
   90    363364       291          0       1002      7123      1037     259385      10.523
   91    364566      1202          0       1002      1472       885     221335      11.321
   92    365447       880          0       1002      1858       818     204612      12.440
   93    366354       906          0       1002      2142       971     242863      13.533
   94    367502      1147          0       1002      1744      1001     250359      14.385
   95    368187       684          0       1002      3127      1070     267709      15.700
   96    376737      8550          0       1002       288      1232     308044       9.150
   97    380280      3542          0       1002       670      1186     296743       7.607
   98    390049      9769       2162       1002       224      1095     273829       2.000
   99    391940      1891          0       1002      1042       985     246352       2.109
New connection was opened
  100    393542      1601          0       1002      1158       927     231867       2.507
  101    395397      1854          0       1002      1029       954     238675       2.652
  102    396907      1509          0       1002      1122       847     211800       3.143
  103    401197      4290       1148       1002       363       779     194798       2.000
  104    403149      1951          0       1002       911       889     222463       2.048
  105    406669      3520       1471       1002       626      1102     275691       2.000
  106    414715      8045       6045       1002       215       865     216312       2.000
  107    421159      6443       4443       1002       259       837     209296       2.000
  108    428092      6932       4932       1002       276       956     239197       2.000
  109    435191      7099       5099       1002       283      1005     251312       2.000
  110    442268      7077       5077       1002       296      1047     261945       2.000
  111    444777      2508        508       1002       987      1238     309607       2.000
  112    448756      3978       1978       1002       583      1159     289996       2.000
  113    451191      2435        435       1002       903      1100     275122       2.000
  114    452384      1193          0       1002      1749      1043     260948       2.807
  115    454058      1673          0       1002      1251      1047     261834       3.133
  116    457522      3463        330       1002       506       876     219248       2.000
  117    458835      1312          0       1002      1278       839     209811       2.687
  118    459765       929          0       1002      1762       818     204739       3.758
  119    460365       600          0       1002      2664       799     199847       5.158
  120    461231       866          0       1002      2701      1170     292674       6.291
  121    462123       891          0       1002      2046       912     228003       7.400
  122    462732       609          0       1002      2482       756     189170       8.790
  123    463451       718          0       1002      2427       871     217963      10.072
  124    466542      3091          0       1002       681      1053     263410       8.981
  125    469983      3440          0       1002       604      1040     260016       7.540
  126    470715       732          0       1002      3245      1189     297258       8.807
  127    473459      2743          0       1002       816      1120     280031       8.064
  128    477152      3692          0       1002       628      1160     290002       6.371
  129    479248      2096          0       1002      1014      1063     265919       6.274
  130    480756      1507          0       1002      1470      1108     277200       6.766
  131    484449      3693          0       1002       484       895     223847       5.073
  132    485548      1098          0       1002      1515       832     208034       5.975
  133    490793      5245          0       1002       312       818     204674       2.729
  134    491378       585          0       1002      2805       820     205171       4.144
  135    491973       594          0       1002      3662      1088     272093       5.550
  136    493960      1987          0       1002       950       944     236114       5.562
  137    498383      4422          0       1002       345       763     190885       3.140
  138    501862      3479        339       1002       491       854     213630       2.000
  139    504824      2961        961       1002       720      1066     266678       2.000
  140    509683      4859       2859       1002       402       978     244617       2.000
  141    512559      2876        876       1002       801      1153     288278       2.000
  142    514403      1843          0       1002      1305      1204     301019       2.156
  143    515928      1524          0       1002      1512      1152     288207       2.631
  144    517203      1275          0       1002      1761      1123     280760       3.356
  145    517355       151          0       1002     14238      1078     269678       5.205
  146    518923      1568          0       4002      3997      3133     783487       5.637
  147    521178      2255          0       4002      2966      3345     836360       5.381
  148    521661       482          0       1002      3359       810     202613       6.899
  149    521992       330          0       1002      5003       827     206855       8.568
  150    522291       299          0       1002      6410       960     240000      10.268
