Seg_#  Arr_time  Del_Time  Stall_Dur  Rep_Level  Del_Rate  Act_Rate  Byte_Size  Buff_Level
    1      5243      5243          0       1002       388      1019     254750       2.000
    2      7214      1971          0       1002      1127      1111     277826       4.000
    3      8337      1122          0       1002      1685       945     236436       4.877
    4      9795      1458          0       1002      1534      1119     279808       5.419
    5     10860      1064          0       1002      2169      1154     288654       6.354
    6     11780       920          0       1002      2209      1016     254082       7.434
    7     12612       832          0       1002      2240       932     233115       8.602
    8     13032       419          0       1002      4390       921     230404      10.182
    9     14434      1401          0       1002      1112       779     194933      10.781
   10     15295       861          0       1002      1841       793     198266      11.919
   11     15706       411          0       1002      3951       812     203169      13.508
   12     16317       611          0       1002      2640       806     201716      14.897
   13     16611       293          0       1002      7295      1070     267691      16.603
   14     17609       997          0       1002      1896       946     236530      17.606
   15     18146       537          0       1002      3021       811     202998      19.068
   16     18652       506          0       1002      3665       927     231991      20.562
   17     19051       398          0       1002      5286      1052     263035      22.164
   18     19796       745          0       1002      2966      1106     276603      23.418
   19     20990      1193          0       1002      1865      1113     278375      24.224
   20     21751       760          0       1002      3215      1222     305651      25.464
   21     22369       617          0       1002      3709      1145     286426      26.846
   22     23877      1508          0       1002      1445      1090     272598      27.337
   23     26228      2350          0       1002       856      1006     251612      26.986
   24     27137       908          0       1002      1872       850     212723      28.077
   25     28932      1794          0       1002      1022       917     229343      28.283
   26     30136      1204          0       1002      1331       801     200468      29.078
   27     35444      5307          0       1002       308       819     204863      25.771
   28     36999      1555          0       1002      1209       940     235088      26.216
   29     37609       609          0       1002      3467      1056     264170      27.606
   30     41374      3765          0       1002       466       877     219390      25.841
   31     42715      1341          0       1002      1283       860     215151      26.500
   32     44141      1426          0       1002      1441      1028     257050      27.073
   33     44964       822          0       1002      2515      1034     258720      28.251
   34     45970      1006          0       1002      2159      1086     271582      29.245
   35     50413      4442          0       1002       553      1229     307361      26.802
   36     52178      1764          0       1002      1360      1200     300176      27.037
   37     53211      1033          0       1002      2030      1049     262322      28.003
   38     57334      4122          0       1002       463       954     238656      25.881
   39     66517      9183          0       1002       200       922     230537      18.697
   40     73392      6874          0       1002       262       903     225791      13.823
   41     77278      3886          0       1002       433       842     210560      11.936
   42     81738      4459          0       1002       346       773     193322       9.477
   43     85390      3652          0       1002       477       871     217898       7.825
   44     88606      3215          0       1002       692      1112     278194       6.609
   45     90496      1890          0       1002       928       877     219280       6.719
   46     94054      3558          0       1002       483       860     215102       5.160
   47     96424      2369          0       1002       850      1007     251815       4.791
   48    103834      7409       2618       1002       275      1019     254855       2.000
   49    110923      7089       5089       1002       318      1129     282290       2.000
   50    125825     14901      12901       1002       164      1226     306522       2.000
   51    128442      2616        616       1002       875      1145     286359       2.000
   52    130763      2321        321       1002       937      1087     271950       2.000
   53    139435      8672       6672       1002       233      1014     253536       2.000
   54    143561      4126       2126       1002       500      1032     258063       2.000
   55    151112      7550       5550       1002       229       866     216653       2.000
   56    153571      2459        459       1002       684       841     210472       2.000
   57    153909       337          0       1002      4785       808     202110       3.662
   58    155206      1297          0       1002      1223       793     198453       4.365
   59    160168      4961        596       1002       474      1178     294537       2.000
   60    162351      2182        182       1002       855       933     233429       2.000
   61    163577      1226          0       1002      1203       738     184579       2.773
   62    164104       526          0       1002      3469       913     228462       4.247
   63    165569      1464          0       1002      1472      1078     269699       4.782
   64    167338      1769          0       1002      1151      1018     254745       5.012
   65    168843      1504          0       1002      1578      1187     296877       5.508
   66    170022      1178          0       1002      1940      1143     285901       6.329
   67    171597      1575          0       1002      1431      1127     281936       6.753
   68    186215     14617       7864       1002       143      1049     262483       2.000
   69    200946     14730      12730       1002       142      1048     262019       2.000
   70    207272      6325       4325       1002       267       846     211534       2.000
   71    212146      4874       2874       1002       348       850     212505       2.000
   72    220505      8358       6358       1002       198       831     207755       2.000
   73    221920      1415          0       1002      1163       823     205946       2.584
   74    229882      7961       5377       1002       275      1095     273908       2.000
   75    233228      3345       1345       1002       560       936     234233       2.000
   76    235403      2175        175       1002       686       746     186629       2.000
   77    240127      4723       2723       1002       382       903     225923       2.000
   78    244633      4506       2506       1002       473      1067     266807       2.000
   79    251000      6366       4366       1002       323      1028     257247       2.000
   80    258917      7917       5917       1002       283      1122     280708       2.000
   81    266756      7838       5838       1002       314      1233     308258       2.000
   82    274557      7801       5801       1002       293      1146     286630       2.000
   83    285894     11336       9336       1002       194      1103     275824       2.000
   84    288465      2571        571       1002       817      1051     262827       2.000
   85    290262      1796          0       1002       933       838     209712       2.203
   86    291582      1319          0       1002      1382       912     228045       2.884
   87    292414       832          0       1002      2010       836     209238       4.051
   88    293359       944          0       1002      1722       813     203406       5.106
   89    293762       403          0       1002      4750       957     239452       6.703
   90    294979      1216          0       1002      1705      1037     259385       7.486
   91    299404      4424          0       1002       400       885     221335       5.061
   92    303220      3815          0       1002       428       818     204612       3.245
   93    310749      7528       4283       1002       258       971     242863       2.000
   94    311669       919          0       1002      2177      1001     250359       3.080
   95    318461      6792       3711       1002       315      1070     267709       2.000
   96    324571      6110       4110       1002       403      1232     308044       2.000
   97    326440      1868          0       1002      1270      1186     296743       2.132
   98    328707      2267        135       1002       966      1095     273829       2.000
   99    330675      1967          0       1002      1001       985     246352       2.032
New connection was opened
  100    334511      3835       1803       1002       483       927     231867       2.000
  101    336793      2282        282       1002       836       954     238675       2.000
  102    340557      3764       1764       1002       450       847     211800       2.000
  103    343678      3120       1120       1002       499       779     194798       2.000
  104    349668      5989       3989       1002       297       889     222463       2.000
  105    369593     19925      17925       1002       110      1102     275691       2.000
  106    377552      7959       5959       1002       217       865     216312       2.000
  107    382664      5111       3111       1002       327       837     209296       2.000
  108    392853     10189       8189       1002       187       956     239197       2.000
  109    399725      6872       4872       1002       292      1005     251312       2.000
  110    405188      5462       3462       1002       383      1047     261945       2.000
  111    406926      1738          0       1002      1425      1238     309607       2.262
  112    410518      3591       1329       1002       645      1159     289996       2.000
  113    412870      2352        352       1002       935      1100     275122       2.000
  114    417700      4829       2829       1002       432      1043     260948       2.000
  115    419387      1687          0       1002      1241      1047     261834       2.313
  116    423918      4530       2217       1002       387       876     219248       2.000
  117    426355      2436        436       1002       688       839     209811       2.000
  118    427884      1529          0       1002      1071       818     204739       2.471
  119    431810      3926       1455       1002       407       799     199847       2.000
  120    434650      2840        840       1002       824      1170     292674       2.000
  121    435828      1177          0       1002      1549       912     228003       2.823
  122    438400      2572          0       1002       588       756     189170       2.250
  123    439880      1479          0       1002      1178       871     217963       2.771
  124    442069      2189          0       1002       962      1053     263410       2.581
  125    443619      1549          0       1002      1342      1040     260016       3.031
  126    445913      2294          0       1002      1036      1189     297258       2.737
  127    447121      1207          0       1002      1855      1120     280031       3.530
  128    451278      4157        627       1002       558      1160     290002       2.000
  129    465477     14198      12198       1002       149      1063     265919       2.000
  130    468444      2966        966       1002       747      1108     277200       2.000
  131    469660      1216          0       1002      1472       895     223847       2.784
  132    470837      1177          0       1002      1413       832     208034       3.607
  133    478305      7467       3860       1002       219       818     204674       2.000
  134    479816      1511          0       1002      1085       820     205171       2.488
  135    483503      3686       1198       1002       590      1088     272093       2.000
  136    486595      3092       1092       1002       610       944     236114       2.000
  137    488397      1801          0       1002       847       763     190885       2.198
  138    489557      1160          0       1002      1473       854     213630       3.038
  139    492021      2464          0       1002       865      1066     266678       2.574
  140    493641      1620          0       1002      1207       978     244617       2.954
  141    495311      1669          0       1002      1381      1153     288278       3.284
  142    501938      6627       3343       1002       363      1204     301019       2.000
  143    512389     10450       8450       1002       220      1152     288207       2.000
  144    520506      8116       6116       1002       276      1123     280760       2.000
  145    523119      2613        613       1002       825      1078     269678       2.000
  146    524279      1159          0       1002      1515       878     219667       2.840
  147    525886      1606          0       1002      1118       898     224679       3.234
  148    527146      1260          0       1002      1285       810     202613       3.973
  149    529960      2813          0       1002       588       827     206855       3.160
  150    532221      2261          0       1002       848       960     240000       2.898
