Seg_#  Arr_time  Del_Time  Stall_Dur  Rep_Level  Del_Rate  Act_Rate  Byte_Size  Buff_Level
    1      5315      5315          0       1002       383      1019     254750       2.000
    2     10715      5400          0       1002       411      1111     277826       4.000
    3     13382      2666          0       1002       709       945     236436       3.333
    4     16230      2847          0       1002       786      1119     279808       2.486
    5     18273      2042          0       1002      1130      1154     288654       2.443
    6     24084      5811       3368       1002       349      1016     254082       2.000
    7     32894      8809       6809       1002       211       932     233115       2.000
    8     34187      1293          0       1002      1425       921     230404       2.707
    9     35671      1483          0       1002      1050       779     194933       3.223
   10     45036      9364       6141       1002       169       793     198266       2.000
   11     50440      5404       3404       1002       300       812     203169       2.000
   12     54916      4476       2476       1002       360       806     201716       2.000
   13     67386     12469      10469       1002       171      1070     267691       2.000
   14     70326      2940        940       1002       643       946     236530       2.000
   15     79235      8908       6908       1002       182       811     202998       2.000
   16     82348      3112       1112       1002       596       927     231991       2.000
   17     95685     13337      11337       1002       157      1052     263035       2.000
   18    106722     11036       9036       1002       200      1106     276603       2.000
   19    116825     10102       8102       1002       220      1113     278375       2.000
   20    124518      7692       5692       1002       317      1222     305651       2.000
   21    127868      3350       1350       1002       683      1145     286426       2.000
   22    131740      3872       1872       1002       563      1090     272598       2.000
   23    132267       526          0       1002      3824      1006     251612       3.474
   24    137880      5613       2139       1002       303       850     212723       2.000
   25    146923      9042       7042       1002       202       917     229343       2.000
   26    151189      4266       2266       1002       375       801     200468       2.000
   27    153013      1823          0       1002       898       819     204863       2.176
   28    154340      1326          0       1002      1417       940     235088       2.849
   29    158227      3887       1037       1002       543      1056     264170       2.000
   30    159865      1638          0       1002      1071       877     219390       2.362
   31    161387      1521          0       1002      1131       860     215151       2.840
   32    162407      1020          0       1002      2015      1028     257050       3.820
   33    163524      1116          0       1002      1853      1034     258720       4.703
   34    164779      1254          0       1002      1731      1086     271582       5.448
   35    166233      1454          0       1002      1691      1229     307361       5.994
   36    169831      3597          0       1002       667      1200     300176       4.396
   37    171299      1468          0       1002      1429      1049     262322       4.928
   38    171653       353          0       1002      5404       954     238656       6.575
   39    172825      1171          0       1002      1573       922     230537       7.403
   40    174523      1698          0       1002      1063       903     225791       7.704
   41    175268       744          0       1002      2263       842     210560       8.960
   42    176094       826          0       1002      1871       773     193322      10.133
   43    177215      1121          0       1002      1554       871     217898      11.012
   44    182291      5075          0       1002       438      1112     278194       7.937
   45    183574      1282          0       1002      1367       877     219280       8.654
   46    186591      3017          0       1002       570       860     215102       7.636
   47    193915      7323          0       1002       275      1007     251815       2.313
   48    204598     10683       8370       1002       190      1019     254855       2.000
   49    207650      3052       1052       1002       739      1129     282290       2.000
   50    209289      1638          0       1002      1496      1226     306522       2.361
   51    209783       493          0       1002      4638      1145     286359       3.867
   52    209858        74          0       1002     29071      1087     271950       5.792
   53    231969     22111      16318       6002       517      5718    1429643       2.000
   54    246953     14984      12984       6002       730      5470    1367640       2.000
   55    267165     20211      18211       4002       319      3228     807181       2.000
   56    273961      6796       4796       1002       247       841     210472       2.000
   57    283486      9524       7524       1002       169       808     202110       2.000
   58    284844      1358          0       1002      1168       793     198453       2.641
   59    286686      1841          0       1002      1279      1178     294537       2.799
   60    298406     11719       8920       1002       159       933     233429       2.000
   61    303128      4721       2721       1002       312       738     184579       2.000
   62    306001      2872        872       1002       636       913     228462       2.000
   63    308741      2739        739       1002       787      1078     269699       2.000
   64    310132      1391          0       1002      1464      1018     254745       2.608
   65    315114      4981       2373       1002       476      1187     296877       2.000
   66    317542      2428        428       1002       941      1143     285901       2.000
   67    321042      3499       1499       1002       644      1127     281936       2.000
   68    326973      5931       3931       1002       353      1049     262483       2.000
   69    329051      2077         77       1002      1008      1048     262019       2.000
   70    332669      3617       1617       1002       467       846     211534       2.000
   71    336355      3686       1686       1002       461       850     212505       2.000
   72    338421      2065         65       1002       804       831     207755       2.000
   73    340257      1836          0       1002       897       823     205946       2.164
   74    342454      2197         33       1002       997      1095     273908       2.000
   75    344684      2230        230       1002       840       936     234233       2.000
   76    352665      7980       5980       1002       187       746     186629       2.000
   77    355425      2760        760       1002       654       903     225923       2.000
   78    357742      2317        317       1002       921      1067     266807       2.000
   79    359319      1576          0       1002      1305      1028     257247       2.423
   80    360580      1260          0       1002      1781      1122     280708       3.163
   81    366328      5748       2585       1002       428      1233     308258       2.000
   82    369513      3184       1184       1002       720      1146     286630       2.000
   83    371678      2164        164       1002      1019      1103     275824       2.000
   84    372742      1064          0       1002      1975      1051     262827       2.936
   85    374440      1698          0       1002       987       838     209712       3.237
   86    375839      1399          0       1002      1303       912     228045       3.838
   87    380099      4259        421       1002       392       836     209238       2.000
   88    381165      1065          0       1002      1527       813     203406       2.935
   89    384810      3645        710       1002       525       957     239452       2.000
   90    386453      1643          0       1002      1262      1037     259385       2.357
   91    388078      1625          0       1002      1089       885     221335       2.731
   92    389778      1699          0       1002       963       818     204612       3.032
   93    391243      1465          0       1002      1325       971     242863       3.566
   94    392446      1202          0       1002      1665      1001     250359       4.364
   95    394283      1836          0       1002      1166      1070     267709       4.527
   96    395828      1545          0       1002      1594      1232     308044       4.982
   97    400127      4299          0       1002       552      1186     296743       2.683
   98    400831       704          0       1002      3110      1095     273829       3.978
   99    402260      1428          0       1002      1379       985     246352       4.550
New connection was opened
  100    414780     12519       7969       1002       148       927     231867       2.000
  101    420980      6200       4200       1002       307       954     238675       2.000
  102    423656      2676        676       1002       633       847     211800       2.000
  103    426427      2771        771       1002       562       779     194798       2.000
  104    427696      1269          0       1002      1402       889     222463       2.731
  105    436658      8961       6230       1002       246      1102     275691       2.000
  106    438329      1671          0       1002      1035       865     216312       2.329
  107    439225       895          0       1002      1868       837     209296       3.433
  108    440754      1529          0       1002      1251       956     239197       3.904
  109    442423      1668          0       1002      1204      1005     251312       4.235
  110    444052      1628          0       1002      1286      1047     261945       4.606
  111    446257      2205          0       1002      1123      1238     309607       4.401
  112    449985      3728          0       1002       622      1159     289996       2.673
  113    451515      1529          0       1002      1438      1100     275122       3.143
  114    453198      1683          0       1002      1240      1043     260948       3.460
  115    454535      1337          0       1002      1566      1047     261834       4.122
  116    460634      6098       1976       1002       287       876     219248       2.000
  117    471930     11295       9295       1002       148       839     209811       2.000
  118    474620      2690        690       1002       608       818     204739       2.000
  119    475797      1176          0       1002      1358       799     199847       2.823
  120    477273      1475          0       1002      1586      1170     292674       3.348
  121    478226       953          0       1002      1912       912     228003       4.394
  122    482720      4493         99       1002       336       756     189170       2.000
  123    484049      1328          0       1002      1312       871     217963       2.671
  124    484971       922          0       1002      2284      1053     263410       3.749
  125    486151      1180          0       1002      1762      1040     260016       4.569
  126    493599      7447       2879       1002       319      1189     297258       2.000
  127    503526      9926       7926       1002       225      1120     280031       2.000
  128    508941      5414       3414       1002       428      1160     290002       2.000
  129    516598      7657       5657       1002       277      1063     265919       2.000
  130    522407      5809       3809       1002       381      1108     277200       2.000
  131    524133      1725          0       1002      1037       895     223847       2.275
  132    525613      1480          0       1002      1124       832     208034       2.795
  133    528752      3139        344       1002       521       818     204674       2.000
  134    530158      1405          0       1002      1167       820     205171       2.594
  135    532107      1948          0       1002      1117      1088     272093       2.646
  136    533249      1142          0       1002      1653       944     236114       3.503
  137    533948       698          0       1002      2186       763     190885       4.805
  138    534537       589          0       1002      2899       854     213630       6.216
  139    535323       786          0       1002      2714      1066     266678       7.429
  140    538842      3518          0       1002       556       978     244617       5.911
  141    539610       768          0       1002      3001      1153     288278       7.142
  142    540468       857          0       1002      2806      1204     301019       8.285
  143    541462       993          0       1002      2320      1152     288207       9.291
  144    542053       591          0       1002      3799      1123     280760      10.700
  145    542429       375          0       1002      5744      1078     269678      12.324
  146    542590       161          0       1002     10879       878     219667      14.163
  147    544648      2057          0       4002      3251      3345     836360      14.105
  148    547230      2582          0       4002      2617      3379     844886      13.522
  149    547297        66          0       1002     24953       827     206855      15.456
  150    548983      1685          0       6002      6822      5750    1437696      15.770
