Seg_#  Arr_time  Del_Time  Stall_Dur  Rep_Level  Del_Rate  Act_Rate  Byte_Size  Buff_Level
    1      6015      6015          0       1002       338      1019     254750       2.000
    2     11326      5311          0       1002       418      1111     277826       4.000
    3     13182      1855          0       1002      1019       945     236436       4.145
    4     14799      1617          0       1002      1384      1119     279808       4.527
    5     15913      1113          0       1002      2073      1154     288654       5.413
    6     17306      1393          0       1002      1459      1016     254082       6.020
    7     18047       741          0       1002      2515       932     233115       7.279
    8     22244      4196          0       1002       439       921     230404       5.083
    9     25708      3464          0       1002       450       779     194933       3.618
   10     30792      5084       1465       1002       311       793     198266       2.000
   11     40471      9678       7678       1002       167       812     203169       2.000
   12     46206      5735       3735       1002       281       806     201716       2.000
   13     49918      3711       1711       1002       577      1070     267691       2.000
   14     51963      2045         45       1002       925       946     236530       2.000
   15     56529      4566       2566       1002       355       811     202998       2.000
   16     57833      1304          0       1002      1423       927     231991       2.696
   17     58819       985          0       1002      2135      1052     263035       3.710
   18     60670      1850          0       1002      1195      1106     276603       3.860
   19     62228      1558          0       1002      1429      1113     278375       4.302
   20     64743      2515          0       1002       972      1222     305651       3.786
   21     71699      6955       3169       1002       329      1145     286426       2.000
   22     83986     12286      10286       1002       177      1090     272598       2.000
   23     91733      7747       5747       1002       259      1006     251612       2.000
   24     93863      2129        129       1002       799       850     212723       2.000
   25     94948      1085          0       1002      1690       917     229343       2.914
   26     96275      1326          0       1002      1208       801     200468       3.588
   27     97378      1102          0       1002      1486       819     204863       4.485
   28     98523      1145          0       1002      1641       940     235088       5.339
   29     99382       858          0       1002      2460      1056     264170       6.481
   30    100128       745          0       1002      2353       877     219390       7.735
   31    100672       544          0       1002      3161       860     215151       9.191
   32    102743      2070          0       1002       993      1028     257050       9.120
   33    103995      1252          0       1002      1652      1034     258720       9.868
   34    104462       466          0       1002      4656      1086     271582      11.401
   35    105542      1079          0       1002      2277      1229     307361      12.321
   36    107963      2421          0       1002       991      1200     300176      11.900
   37    113185      5221          0       1002       401      1049     262322       8.678
   38    117741      4555          0       1002       419       954     238656       6.122
   39    121439      3697          0       1002       498       922     230537       4.424
   40    123585      2146          0       1002       841       903     225791       4.278
   41    129412      5827       1548       1002       289       842     210560       2.000
   42    133367      3954       1954       1002       391       773     193322       2.000
   43    135863      2496        496       1002       698       871     217898       2.000
   44    142180      6317       4317       1002       352      1112     278194       2.000
   45    144469      2288        288       1002       766       877     219280       2.000
   46    153661      9191       7191       1002       187       860     215102       2.000
   47    157584      3923       1923       1002       513      1007     251815       2.000
   48    170002     12417      10417       1002       164      1019     254855       2.000
   49    174617      4615       2615       1002       489      1129     282290       2.000
   50    181499      6882       4882       1002       356      1226     306522       2.000
   51    184208      2708        708       1002       845      1145     286359       2.000
   52    185466      1257          0       1002      1729      1087     271950       2.742
   53    185673       206          0       1002      9803      1014     253536       4.536
   54    188722      3049          0       1002       677      1032     258063       3.486
   55    189561       839          0       1002      2064       866     216653       4.647
   56    192784      3223          0       1002       522       841     210472       3.424
   57    194259      1474          0       1002      1096       808     202110       3.949
   58    198233      3973         24       1002       399       793     198453       2.000
   59    206531      8298       6298       1002       283      1178     294537       2.000
   60    211534      5002       3002       1002       373       933     233429       2.000
   61    214019      2485        485       1002       594       738     184579       2.000
   62    216028      2009          9       1002       909       913     228462       2.000
   63    220183      4154       2154       1002       519      1078     269699       2.000
   64    226155      5972       3972       1002       341      1018     254745       2.000
   65    229047      2891        891       1002       821      1187     296877       2.000
   66    232145      3098       1098       1002       738      1143     285901       2.000
   67    243309     11163       9163       1002       202      1127     281936       2.000
   68    246839      3530       1530       1002       594      1049     262483       2.000
   69    256101      9261       7261       1002       226      1048     262019       2.000
   70    259803      3701       1701       1002       457       846     211534       2.000
   71    264910      5107       3107       1002       332       850     212505       2.000
   72    267053      2143        143       1002       775       831     207755       2.000
   73    268938      1884          0       1002       874       823     205946       2.115
   74    279395     10456       8341       1002       209      1095     273908       2.000
   75    285299      5903       3903       1002       317       936     234233       2.000
   76    292488      7188       5188       1002       207       746     186629       2.000
   77    295885      3397       1397       1002       532       903     225923       2.000
   78    300795      4909       2909       1002       434      1067     266807       2.000
   79    309986      9191       7191       1002       223      1028     257247       2.000
   80    313245      3259       1259       1002       689      1122     280708       2.000
   81    319190      5945       3945       1002       414      1233     308258       2.000
   82    333815     14625      12625       1002       156      1146     286630       2.000
   83    337516      3700       1700       1002       596      1103     275824       2.000
   84    340109      2593        593       1002       810      1051     262827       2.000
   85    342626      2517        517       1002       666       838     209712       2.000
   86    344372      1746          0       1002      1044       912     228045       2.254
   87    353946      9574       7320       1002       174       836     209238       2.000
   88    356924      2977        977       1002       546       813     203406       2.000
   89    358699      1775          0       1002      1079       957     239452       2.225
   90    360177      1477          0       1002      1404      1037     259385       2.747
   91    361237      1059          0       1002      1670       885     221335       3.687
   92    362229       992          0       1002      1649       818     204612       4.695
   93    363029       799          0       1002      2430       971     242863       5.895
   94    364105      1076          0       1002      1860      1001     250359       6.819
   95    364625       519          0       1002      4119      1070     267709       8.299
   96    368574      3949          0       1002       623      1232     308044       6.350
   97    369340       765          0       1002      3100      1186     296743       7.584
   98    369950       610          0       1002      3590      1095     273829       8.974
   99    370330       379          0       1002      5189       985     246352      10.594
New connection was opened
  100    375809      5479          0       1002       338       927     231867       7.115
  101    381615      5805          0       1002       328       954     238675       3.309
  102    384119      2504          0       1002       676       847     211800       2.805
  103    388934      4814       2009       1002       323       779     194798       2.000
  104    397275      8341       6341       1002       213       889     222463       2.000
  105    399834      2558        558       1002       862      1102     275691       2.000
  106    402749      2915        915       1002       593       865     216312       2.000
  107    404191      1441          0       1002      1161       837     209296       2.558
  108    405672      1480          0       1002      1292       956     239197       3.077
  109    406775      1102          0       1002      1822      1005     251312       3.975
  110    409363      2587          0       1002       809      1047     261945       3.387
  111    415982      6619       3232       1002       374      1238     309607       2.000
  112    420544      4561       2561       1002       508      1159     289996       2.000
  113    425746      5202       3202       1002       423      1100     275122       2.000
  114    429223      3476       1476       1002       600      1043     260948       2.000
  115    431243      2020         20       1002      1036      1047     261834       2.000
  116    433500      2256        256       1002       777       876     219248       2.000
  117    435646      2146        146       1002       782       839     209811       2.000
  118    438567      2920        920       1002       560       818     204739       2.000
  119    440289      1722          0       1002       928       799     199847       2.277
  120    442881      2591        314       1002       903      1170     292674       2.000
  121    445195      2313        313       1002       788       912     228003       2.000
  122    446393      1197          0       1002      1263       756     189170       2.802
  123    449861      3468        666       1002       502       871     217963       2.000
  124    451902      2040         40       1002      1032      1053     263410       2.000
  125    452802       899          0       1002      2312      1040     260016       3.101
  126    469643     16840      13740       1002       141      1189     297258       2.000
  127    477382      7739       5739       1002       289      1120     280031       2.000
  128    479803      2420        420       1002       958      1160     290002       2.000
  129    480887      1084          0       1002      1961      1063     265919       2.915
  130    481269       381          0       1002      5808      1108     277200       4.534
  131    481682       412          0       1002      4339       895     223847       6.121
  132    485261      3579          0       1002       464       832     208034       4.542
  133    486085       823          0       1002      1988       818     204674       5.718
  134    486570       485          0       1002      3383       820     205171       7.233
  135    494432      7861        628       1002       276      1088     272093       2.000
  136    503671      9239       7239       1002       204       944     236114       2.000
  137    512811      9140       7140       1002       167       763     190885       2.000
  138    514851      2040         40       1002       837       854     213630       2.000
  139    517077      2225        225       1002       958      1066     266678       2.000
  140    518804      1727          0       1002      1132       978     244617       2.273
  141    526586      7782       5509       1002       296      1153     288278       2.000
  142    530085      3498       1498       1002       688      1204     301019       2.000
  143    531473      1387          0       1002      1661      1152     288207       2.613
  144    534345      2872        259       1002       782      1123     280760       2.000
  145    536032      1687          0       1002      1278      1078     269678       2.313
  146    542582      6549       4236       1002       268       878     219667       2.000
  147    544314      1732          0       1002      1037       898     224679       2.268
  148    544525       211          0       1002      7680       810     202613       4.057
  149    546830      2304          0       1002       717       827     206855       3.752
  150    548611      1781          0       1002      1077       960     240000       3.971
