Seg_#  Arr_time  Del_Time  Stall_Dur  Rep_Level  Del_Rate  Act_Rate  Byte_Size  Buff_Level
    1      2043      2043          0       1002       997      1019     254750       2.000
    2      2687       644          0       1002      3450      1111     277826       4.000
    3      2881       194          0       1002      9744       945     236436       5.806
    4      5675      2793          0       6002      4400      6145    1536449       5.012
    5      8377      2702          0       6002      4324      5844    1461094       4.310
    6     15750      7372       3062       4002      1038      3829     957422       2.000
    7     16723       972          0       1002      1917       932     233115       3.027
    8     17557       834          0       1002      2209       921     230404       4.193
    9     17889       332          0       1002      4689       779     194933       5.861
   10     18560       671          0       1002      2363       793     198266       7.190
   11     18797       236          0       1002      6875       812     203169       8.953
   12     18834        36          0       1002     44074       806     201716      10.917
   13     23723      4889          0       6002      2805      6860    1715028       8.027
   14     43054     19330      11303       6002       709      6854    1713706       2.000
   15     55010     11956       9956       6002       839      5019    1254783       2.000
   16     62458      7448       5448       4002      1117      4160    1040233       2.000
   17     64347      1888          0       1002      1114      1052     263035       2.111
   18     66422      2074          0       1002      1066      1106     276603       2.036
   19     68203      1781          0       1002      1250      1113     278375       2.255
   20     75502      7298       5043       1002       335      1222     305651       2.000
   21     77468      1965          0       1002      1165      1145     286426       2.034
   22     81326      3858       1824       1002       565      1090     272598       2.000
   23     82222       896          0       1002      2245      1006     251612       3.104
   24     83516      1293          0       1002      1315       850     212723       3.810
   25     84743      1226          0       1002      1495       917     229343       4.583
   26     88793      4050          0       1002       395       801     200468       2.533
   27     89960      1166          0       1002      1404       819     204863       3.366
   28     91372      1411          0       1002      1332       940     235088       3.955
   29     92945      1573          0       1002      1342      1056     264170       4.381
   30     94312      1366          0       1002      1284       877     219390       5.014
   31     95439      1126          0       1002      1527       860     215151       5.888
   32    106358     10919       5032       1002       188      1028     257050       2.000
   33    111437      5078       3078       1002       407      1034     258720       2.000
   34    128560     17122      15122       1002       126      1086     271582       2.000
   35    134885      6324       4324       1002       388      1229     307361       2.000
   36    145172     10287       8287       1002       233      1200     300176       2.000
   37    148163      2991        991       1002       701      1049     262322       2.000
   38    150975      2811        811       1002       679       954     238656       2.000
   39    156022      5047       3047       1002       365       922     230537       2.000
   40    158446      2423        423       1002       745       903     225791       2.000
   41    158826       380          0       1002      4431       842     210560       3.620
   42    159413       586          0       1002      2635       773     193322       5.033
   43    161284      1871          0       1002       931       871     217898       5.161
   44    165553      4268          0       1002       521      1112     278194       2.892
   45    167592      2039          0       1002       860       877     219280       2.853
   46    169184      1591          0       1002      1081       860     215102       3.262
   47    171380      2195          0       1002       917      1007     251815       3.066
   48    175376      3996        930       1002       510      1019     254855       2.000
   49    177042      1665          0       1002      1355      1129     282290       2.334
   50    179986      2943        609       1002       833      1226     306522       2.000
   51    181497      1511          0       1002      1515      1145     286359       2.489
   52    186281      4784       2295       1002       454      1087     271950       2.000
   53    187823      1541          0       1002      1315      1014     253536       2.458
   54    194026      6203       3745       1002       332      1032     258063       2.000
   55    199213      5186       3186       1002       334       866     216653       2.000
   56    203347      4134       2134       1002       407       841     210472       2.000
   57    205784      2436        436       1002       663       808     202110       2.000
   58    218029     12244      10244       1002       129       793     198453       2.000
   59    221886      3857       1857       1002       610      1178     294537       2.000
   60    227835      5948       3948       1002       313       933     233429       2.000
   61    234828      6992       4992       1002       211       738     184579       2.000
   62    237496      2668        668       1002       684       913     228462       2.000
   63    245671      8175       6175       1002       263      1078     269699       2.000
   64    249576      3904       1904       1002       521      1018     254745       2.000
   65    255618      6041       4041       1002       393      1187     296877       2.000
   66    271026     15407      13407       1002       148      1143     285901       2.000
   67    273759      2733        733       1002       825      1127     281936       2.000
   68    284244     10485       8485       1002       200      1049     262483       2.000
   69    290157      5912       3912       1002       354      1048     262019       2.000
   70    292098      1941          0       1002       871       846     211534       2.059
   71    293511      1412          0       1002      1203       850     212505       2.646
   72    294817      1306          0       1002      1272       831     207755       3.340
   73    296454      1637          0       1002      1006       823     205946       3.703
   74    299286      2831          0       1002       773      1095     273908       2.871
   75    306512      7226       4355       1002       259       936     234233       2.000
   76    307662      1149          0       1002      1299       746     186629       2.851
   77    316524      8862       6011       1002       203       903     225923       2.000
   78    320998      4474       2474       1002       477      1067     266807       2.000
   79    326091      5093       3093       1002       404      1028     257247       2.000
   80    336875     10783       8783       1002       208      1122     280708       2.000
   81    347074     10198       8198       1002       241      1233     308258       2.000
   82    348622      1547          0       1002      1481      1146     286630       2.452
   83    349778      1156          0       1002      1908      1103     275824       3.296
   84    350485       706          0       1002      2977      1051     262827       4.590
   85    351041       556          0       1002      3016       838     209712       6.033
   86    351737       696          0       1002      2619       912     228045       7.337
   87    352289       551          0       1002      3034       836     209238       8.785
   88    352459       170          0       1002      9535       813     203406      10.615
   89    355360      2900          0       4002      2689      3899     974860       9.715
   90    357238      1877          0       1002      1105      1037     259385       9.837
   91    357702       464          0       1002      3808       885     221335      11.372
   92    358879      1176          0       1002      1390       818     204612      12.195
   93    359696       816          0       1002      2380       971     242863      13.379
   94    360229       533          0       1002      3756      1001     250359      14.846
   95    361549      1320          0       1002      1622      1070     267709      15.525
   96    362729      1180          0       1002      2088      1232     308044      16.345
   97    363985      1256          0       1002      1889      1186     296743      17.089
   98    364913       927          0       1002      2361      1095     273829      18.161
   99    369512      4599          0       1002       428       985     246352      15.562
New connection was opened
  100    372523      3011          0       1002       616       927     231867      14.551
  101    380214      7690          0       1002       248       954     238675       8.860
  102    381866      1651          0       1002      1025       847     211800       9.208
  103    382995      1129          0       1002      1380       779     194798      10.079
  104    386846      3850          0       1002       462       889     222463       8.229
  105    388677      1831          0       1002      1204      1102     275691       8.397
  106    390733      2055          0       1002       841       865     216312       8.342
  107    392358      1624          0       1002      1030       837     209296       8.717
  108    394245      1886          0       1002      1014       956     239197       8.830
  109    396360      2115          0       1002       950      1005     251312       8.714
  110    398158      1797          0       1002      1165      1047     261945       8.916
  111    404405      6247          0       1002       396      1238     309607       4.669
  112    409293      4887        218       1002       474      1159     289996       2.000
  113    410670      1377          0       1002      1598      1100     275122       2.623
  114    412263      1593          0       1002      1310      1043     260948       3.030
  115    413315      1051          0       1002      1992      1047     261834       3.978
  116    415736      2421          0       1002       724       876     219248       3.557
  117    417396      1659          0       1002      1011       839     209811       3.897
  118    418673      1277          0       1002      1281       818     204739       4.619
  119    421901      3227          0       1002       495       799     199847       3.392
  120    433108     11206       7814       1002       208      1170     292674       2.000
  121    435468      2360        360       1002       772       912     228003       2.000
  122    437102      1634          0       1002       926       756     189170       2.366
  123    439881      2778        412       1002       627       871     217963       2.000
  124    445959      6078       4078       1002       346      1053     263410       2.000
  125    449083      3124       1124       1002       665      1040     260016       2.000
  126    451885      2802        802       1002       848      1189     297258       2.000
  127    455880      3994       1994       1002       560      1120     280031       2.000
  128    465157      9276       7276       1002       250      1160     290002       2.000
  129    479243     14085      12085       1002       151      1063     265919       2.000
  130    481867      2624        624       1002       844      1108     277200       2.000
  131    483460      1593          0       1002      1124       895     223847       2.407
  132    489563      6102       3695       1002       272       832     208034       2.000
  133    491082      1519          0       1002      1077       818     204674       2.481
  134    492920      1838          0       1002       893       820     205171       2.643
  135    494340      1419          0       1002      1532      1088     272093       3.223
  136    494919       578          0       1002      3266       944     236114       4.645
  137    499197      4278          0       1002       356       763     190885       2.366
  138    503145      3947       1581       1002       432       854     213630       2.000
  139    505077      1932          0       1002      1104      1066     266678       2.068
  140    512125      7048       4980       1002       277       978     244617       2.000
  141    518935      6809       4809       1002       338      1153     288278       2.000
  142    520285      1349          0       1002      1783      1204     301019       2.650
  143    522646      2361          0       1002       976      1152     288207       2.289
  144    524872      2226          0       1002      1008      1123     280760       2.063
  145    528352      3480       1417       1002       619      1078     269678       2.000
  146    529848      1495          0       1002      1174       878     219667       2.504
  147    542944     13095      10591       1002       137       898     224679       2.000
  148    545841      2897        897       1002       559       810     202613       2.000
  149    546871      1030          0       1002      1606       827     206855       2.970
  150    548624      1752          0       1002      1095       960     240000       3.217
