Seg_#  Arr_time  Del_Time  Stall_Dur  Rep_Level  Del_Rate  Act_Rate  Byte_Size  Buff_Level
    1       523       523          0       1002      3894      1019     254750       2.000
    2       833       310          0       1002      7158      1111     277826       4.000
    3      1111       277          0       1002      6809       945     236436       5.722
    4      2107       996          0       4002      7919      3944     986166       6.726
    5      3146      1038          0       6002     11255      5844    1461094       7.687
    6      4029       883          0       6002     13013      5745    1436383       8.804
    7      4838       808          0       6002     13755      5562    1390576       9.996
    8      5648       810          0       6002     13863      5619    1404877      11.185
    9      6361       713          0       6002     13382      4771    1192822      12.472
   10      7065       703          0       6002     14715      5177    1294365      13.768
   11      7692       626          0       6002     17712      5549    1387313      15.142
   12      8575       883          0       6002     13142      5807    1451806      16.258
   13      9369       793          0       6002     17291      6860    1715028      17.464
   14     10358       989          0       6002     13859      6854    1713706      18.475
   15     10898       540          0       6002     18580      5019    1254783      19.935
   16     11873       974          0       6002     13023      6344    1586189      20.961
   17     12519       645          0       6002     21745      7023    1755827      22.315
   18     13289       770          0       6002     16883      6503    1625893      23.544
   19     14218       928          0       6002     14611      6785    1696486      24.615
   20     15342      1123          0       6002     11690      6568    1642011      25.492
   21     16405      1063          0       6002     11787      6268    1567136      26.428
   22     17290       884          0       6002     13095      5793    1448456      27.543
   23     17976       685          0       6002     16326      5598    1399698      28.857
   24     18554       577          0       6002     15421      4456    1114055      30.279
   25     19250       695          0       6002     15482      5382    1345748      31.584
   26     21796      2546          0       6002      3957      5039    1259781      31.038
   27     22654       858          0       6002     12483      5355    1338944      32.180
   28     23492       837          0       6002     14190      5945    1486411      33.342
   29     24272       779          0       6002     18092      7052    1763135      34.562
   30     24908       636          0       6002     18397      5854    1463505      35.926
   31     25458       550          0       6002     19649      5406    1351688      37.375
   32     26042       583          0       6002     22979      6703    1675950      38.792
   33     26780       737          0       6002     17950      6620    1655160      40.054
   34     28002      1222          0       6002     11664      7127    1781794      40.832
   35     29139      1137          0       6002     11814      6721    1680323      41.694
   36     30305      1165          0       6002     11484      6690    1672711      42.529
   37     30949       644          0       6002     17578      5664    1416184      43.885
   38     31710       760          0       6002     14174      5391    1347979      45.124
   39     32500       789          0       6002     12621      4983    1245777      46.334
   40     33249       749          0       6002     14484      5425    1356387      47.585
   41     33905       656          0       6002     14882      4885    1221256      48.928
   42     34616       710          0       6002     14999      5326    1331607      50.218
   43     35247       631          0       6002     16742      5286    1321641      51.587
   44     36233       985          0       6002     15434      7606    1901594      52.601
   45     36893       660          0       6002     17184      5677    1419250      53.940
   46     37515       621          0       6002     16712      5197    1299363      55.318
   47     38751      1235          0       6002     10885      6726    1681600      56.083
   48     39671       919          0       6002     14088      6479    1619761      57.163
   49     40620       949          0       6002     15083      7157    1789433      58.214
   50     44416      3495          0       6002      3980      6955    1738911      56.419
   51     45806      1390          0       6002      9130      6349    1587352      57.028
   52     47064      1257          0       6002     10013      6295    1573967      57.770
   53     48333      1268          0       6002      9013      5718    1429643      58.502
   54     52600      3666          0       6002      2983      5470    1367640      56.235
   55     53590       989          0       4002      6525      3228     807181      57.245
   56     55590      1999          0       4002      3117      3116     779054      57.246
   57     57986      2396          0       4002      2879      3450     862636      56.849
   58     58281       294          0       1002      5392       793     198453      58.554
   59     62206      3324          0       4002      2967      4932    1233158      56.630
   60     62817       611          0       1002      3054       933     233429      58.019
   61     65702      2784          0       1002       530       738     184579      57.135
   62     66362       660          0       1002      2766       913     228462      58.474
   63     71455      4591          0       1002       469      1078     269699      55.382
   64     73282      1826          0       1002      1115      1018     254745      55.555
   65     74894      1611          0       1002      1473      1187     296877      55.943
   66     81783      6888          0       1002       332      1143     285901      51.054
   67     86290      4507          0       1002       500      1127     281936      48.547
   68     88642      2352          0       1002       892      1049     262483      48.195
   69     90723      2081          0       1002      1007      1048     262019      48.113
   70     92144      1420          0       1002      1191       846     211534      48.693
   71     93408      1263          0       1002      1345       850     212505      49.429
   72     96435      3027          0       1002       548       831     207755      48.402
   73     98542      2106          0       1002       782       823     205946      48.295
   74    100378      1836          0       1002      1193      1095     273908      48.459
   75    103909      3530          0       1002       530       936     234233      46.928
   76    105490      1581          0       1002       944       746     186629      47.347
   77    106820      1329          0       1002      1359       903     225923      48.017
   78    110446      3626          0       1002       588      1067     266807      46.391
   79    111702      1256          0       1002      1638      1028     257247      47.135
   80    112375       673          0       1002      3336      1122     280708      48.462
   81    113967      1591          0       1002      1549      1233     308258      48.870
   82    115246      1279          0       1002      1792      1146     286630      49.591
   83    117032      1785          0       1002      1235      1103     275824      49.805
   84    118234      1201          0       1002      1749      1051     262827      50.604
   85    119853      1619          0       1002      1036       838     209712      50.984
   86    126751      6897          0       1002       264       912     228045      46.087
   87    129398      2647          0       1002       632       836     209238      45.439
   88    131470      2071          0       1002       785       813     203406      45.367
   89    133446      1976          0       1002       969       957     239452      45.391
   90    135298      1852          0       1002      1120      1037     259385      45.539
   91    139022      3724          0       1002       475       885     221335      43.815
   92    140796      1773          0       1002       923       818     204612      44.042
   93    142303      1507          0       1002      1289       971     242863      44.535
   94    146875      4572          0       1002       438      1001     250359      41.962
   95    148502      1627          0       1002      1315      1070     267709      42.335
   96    149846      1343          0       1002      1834      1232     308044      42.992
   97    155179      5333          0       1002       445      1186     296743      39.658
   98    161950      6770          0       1002       323      1095     273829      34.887
   99    163767      1817          0       1002      1084       985     246352      35.070
New connection was opened
  100    167265      3497          0       1002       530       927     231867      33.572
  101    175111      7845          0       1002       243       954     238675      27.726
  102    178067      2956          0       1002       573       847     211800      26.770
  103    181892      3824          0       1002       407       779     194798      24.946
  104    187892      6000          0       1002       296       889     222463      20.945
  105    193320      5427          0       1002       406      1102     275691      17.517
  106    197233      3913          0       1002       442       865     216312      15.604
  107    199133      1900          0       1002       881       837     209296      15.704
  108    200906      1772          0       1002      1079       956     239197      15.932
  109    202648      1741          0       1002      1154      1005     251312      16.190
  110    203915      1266          0       1002      1654      1047     261945      16.923
  111    205627      1712          0       1002      1446      1238     309607      17.210
  112    207124      1496          0       1002      1549      1159     289996      17.713
  113    208261      1136          0       1002      1936      1100     275122      18.577
  114    208906       644          0       1002      3236      1043     260948      19.932
  115    209718       811          0       1002      2580      1047     261834      21.120
  116    213701      3983          0       1002       440       876     219248      19.137
  117    215388      1686          0       1002       995       839     209811      19.450
  118    220189      4801          0       1002       341       818     204739      16.648
  119    222514      2324          0       1002       687       799     199847      16.324
  120    227385      4871          0       1002       480      1170     292674      13.452
  121    229019      1634          0       1002      1116       912     228003      13.818
  122    229639       619          0       1002      2442       756     189170      15.199
  123    230695      1056          0       1002      1650       871     217963      16.143
  124    231925      1229          0       1002      1714      1053     263410      16.913
  125    233067      1142          0       1002      1821      1040     260016      17.771
  126    234451      1384          0       1002      1717      1189     297258      18.387
  127    237097      2645          0       1002       846      1120     280031      17.741
  128    238012       914          0       1002      2536      1160     290002      18.826
  129    240648      2636          0       1002       806      1063     265919      18.190
  130    242353      1704          0       1002      1301      1108     277200      18.485
  131    243273       920          0       1002      1945       895     223847      19.565
  132    243874       600          0       1002      2770       832     208034      20.964
  133    244566       692          0       1002      2363       818     204674      22.272
  134    245419       852          0       1002      1925       820     205171      23.419
  135    249673      4254          0       1002       511      1088     272093      21.165
  136    251043      1370          0       1002      1378       944     236114      21.795
  137    252383      1339          0       1002      1139       763     190885      22.455
  138    253927      1543          0       1002      1106       854     213630      22.911
  139    255381      1453          0       1002      1467      1066     266678      23.457
  140    256674      1292          0       1002      1513       978     244617      24.164
  141    261608      4934          0       1002       467      1153     288278      21.230
  142    264188      2580          0       1002       933      1204     301019      20.650
  143    271075      6886          0       1002       334      1152     288207      15.763
  144    274021      2945          0       1002       762      1123     280760      14.817
  145    276272      2250          0       1002       958      1078     269678      14.566
  146    277611      1338          0       1002      1312       878     219667      15.227
  147    278997      1386          0       1002      1296       898     224679      15.841
  148    279848       850          0       1002      1905       810     202613      16.990
  149    280442       594          0       1002      2784       827     206855      18.396
  150    281185       742          0       1002      2584       960     240000      19.653
