Seg_#  Arr_time  Del_Time  Stall_Dur  Rep_Level  Del_Rate  Act_Rate  Byte_Size  Buff_Level
    1      1988      1988          0       1002      1024      1019     254750       2.000
    2     12247     10259          0       1002       216      1111     277826       4.000
    3     14226      1978          0       1002       955       945     236436       4.021
    4     23048      8821       4800       1002       253      1119     279808       2.000
    5     27892      4843       2843       1002       476      1154     288654       2.000
    6     30285      2393        393       1002       849      1016     254082       2.000
    7     34778      4492       2492       1002       415       932     233115       2.000
    8     36924      2145        145       1002       859       921     230404       2.000
    9     41014      4089       2089       1002       381       779     194933       2.000
   10     46008      4994       2994       1002       317       793     198266       2.000
   11     52150      6142       4142       1002       264       812     203169       2.000
   12     52989       839          0       1002      1923       806     201716       3.161
   13     53905       915          0       1002      2339      1070     267691       4.245
   14     54700       795          0       1002      2379       946     236530       5.450
   15     55098       397          0       1002      4082       811     202998       7.052
   16     55598       500          0       1002      3711       927     231991       8.552
   17     56146       548          0       1002      3839      1052     263035      10.004
   18     58729      2583          0       1002       856      1106     276603       9.421
   19     61315      2585          0       1002       861      1113     278375       8.836
   20     62575      1260          0       1002      1939      1222     305651       9.575
   21     68587      6011          0       1002       381      1145     286426       5.564
   22     70083      1496          0       1002      1457      1090     272598       6.067
   23     71331      1247          0       1002      1613      1006     251612       6.820
   24     72465      1134          0       1002      1500       850     212723       7.685
   25     73576      1110          0       1002      1651       917     229343       8.575
   26     75031      1455          0       1002      1101       801     200468       9.119
   27     76617      1585          0       1002      1033       819     204863       9.534
   28     86613      9995        462       1002       188       940     235088       2.000
   29     91076      4463       2463       1002       473      1056     264170       2.000
   30     91995       918          0       1002      1910       877     219390       3.082
   31     99020      7025       3943       1002       245       860     215151       2.000
   32    102402      3381       1381       1002       608      1028     257050       2.000
   33    113513     11111       9111       1002       186      1034     258720       2.000
   34    119917      6403       4403       1002       339      1086     271582       2.000
   35    126832      6915       4915       1002       355      1229     307361       2.000
   36    129325      2492        492       1002       963      1200     300176       2.000
   37    130509      1184          0       1002      1772      1049     262322       2.816
   38    131275       766          0       1002      2491       954     238656       4.050
   39    131720       445          0       1002      4144       922     230537       5.605
   40    132301       581          0       1002      3108       903     225791       7.023
   41    133069       767          0       1002      2194       842     210560       8.256
   42    133634       565          0       1002      2735       773     193322       9.690
   43    134152       517          0       1002      3368       871     217898      11.173
   44    134754       602          0       1002      3694      1112     278194      12.570
   45    134848        93          0       1002     18721       877     219280      14.477
   46    146508     11659          0       6002       891      5197    1299363       4.817
   47    167687     21179      16362       4002       437      4632    1158249       2.000
   48    173203      5516       3516       1002       369      1019     254855       2.000
   49    175638      2435        435       1002       927      1129     282290       2.000
   50    177148      1510          0       1002      1623      1226     306522       2.490
   51    178513      1364          0       1002      1678      1145     286359       3.125
   52    179271       758          0       1002      2869      1087     271950       4.367
   53    179979       707          0       1002      2867      1014     253536       5.660
   54    180290       311          0       1002      6636      1032     258063       7.349
   55    181233       943          0       1002      1837       866     216653       8.405
   56    181921       687          0       1002      2450       841     210472       9.718
   57    182578       657          0       1002      2458       808     202110      11.060
   58    182679       101          0       1002     15711       793     198453      12.959
   59    184442      1762          0       6002      8340      7348    1837200      13.197
   60    185542      1100          0       6002     11061      6086    1521656      14.097
   61    186709      1166          0       6002      8609      5021    1255466      14.930
   62    189985      3275          0       6002      3696      6054    1513652      13.654
   63    191713      1728          0       4002      5514      4766    1191548      13.925
   64    192680       966          0       4002      9442      4565    1141257      14.959
   65    227919     35238      20280       6002       387      6836    1709041       2.000
   66    239613     11694       9694       1002       195      1143     285901       2.000
   67    241849      2236        236       1002      1008      1127     281936       2.000
   68    243576      1726          0       1002      1216      1049     262483       2.273
   69    244153       576          0       1002      3635      1048     262019       3.697
   70    244573       420          0       1002      4025       846     211534       5.276
   71    247809      3235          0       1002       525       850     212505       4.041
   72    248856      1047          0       1002      1586       831     207755       4.993
   73    249775       918          0       1002      1793       823     205946       6.075
   74    250754       978          0       1002      2238      1095     273908       7.096
   75    254813      4059          0       1002       461       936     234233       5.036
   76    266102     11289       6252       1002       132       746     186629       2.000
   77    270959      4856       2856       1002       372       903     225923       2.000
   78    275570      4611       2611       1002       462      1067     266807       2.000
   79    284943      9372       7372       1002       219      1028     257247       2.000
   80    292784      7841       5841       1002       286      1122     280708       2.000
   81    301192      8407       6407       1002       293      1233     308258       2.000
   82    307407      6214       4214       1002       368      1146     286630       2.000
   83    308756      1348          0       1002      1635      1103     275824       2.651
   84    310102      1345          0       1002      1562      1051     262827       3.305
   85    312573      2471          0       1002       678       838     209712       2.834
   86    314202      1629          0       1002      1119       912     228045       3.205
   87    319951      5749       2544       1002       291       836     209238       2.000
   88    321515      1563          0       1002      1040       813     203406       2.436
   89    322388       873          0       1002      2193       957     239452       3.563
   90    323755      1367          0       1002      1517      1037     259385       4.196
   91    325669      1913          0       1002       925       885     221335       4.283
   92    328241      2572          0       1002       636       818     204612       3.710
   93    329923      1681          0       1002      1155       971     242863       4.028
   94    349915     19992      15964       1002       100      1001     250359       2.000
   95    354082      4166       2166       1002       513      1070     267709       2.000
   96    355951      1868          0       1002      1318      1232     308044       2.131
   97    357486      1534          0       1002      1546      1186     296743       2.596
   98    358842      1355          0       1002      1615      1095     273829       3.240
   99    359658       815          0       1002      2415       985     246352       4.425
New connection was opened
  100    361774      2116          0       1002       876       927     231867       4.308
  101    365854      4079          0       1002       468       954     238675       2.228
  102    367559      1704          0       1002       994       847     211800       2.524
  103    369510      1950          0       1002       798       779     194798       2.573
  104    370932      1422          0       1002      1250       889     222463       3.150
  105    373434      2501          0       1002       881      1102     275691       2.649
  106    374569      1135          0       1002      1524       865     216312       3.513
  107    375586      1016          0       1002      1646       837     209296       4.496
  108    376694      1107          0       1002      1727       956     239197       5.388
  109    377143       449          0       1002      4474      1005     251312       6.939
  110    377212        68          0       1002     30689      1047     261945       8.871
  111    392701     15489       6618       6002       905      7009    1752282       2.000
  112    415474     22772      20772       6002       577      6578    1644517       2.000
  113    421139      5665       3665       4002      1517      4297    1074443       2.000
  114    422778      1638          0       1002      1274      1043     260948       2.362
  115    423739       960          0       1002      2179      1047     261834       3.401
  116    424257       518          0       1002      3383       876     219248       4.882
  117    424994       737          0       1002      2276       839     209811       6.145
  118    425298       303          0       1002      5391       818     204739       7.841
  119    426216       917          0       1002      1742       799     199847       8.924
  120    426535       319          0       1002      7325      1170     292674      10.604
  121    426686       150          0       1002     12120       912     228003      12.454
  122    434421      7735          0       6002      1295      5011    1252813       6.719
  123    439680      5259          0       4002      1507      3964     991100       3.460
  124    440820      1140          0       1002      1848      1053     263410       4.319
  125    445715      4894        574       1002       425      1040     260016       2.000
  126    452565      6850       4850       1002       347      1189     297258       2.000
  127    456957      4391       2391       1002       510      1120     280031       2.000
  128    462759      5802       3802       1002       399      1160     290002       2.000
  129    470543      7784       5784       1002       273      1063     265919       2.000
  130    472827      2283        283       1002       971      1108     277200       2.000
  131    474503      1676          0       1002      1068       895     223847       2.324
  132    475584      1080          0       1002      1539       832     208034       3.243
  133    476798      1214          0       1002      1348       818     204674       4.028
  134    477359       560          0       1002      2930       820     205171       5.468
  135    478121       762          0       1002      2853      1088     272093       6.705
  136    479060       939          0       1002      2011       944     236114       7.766
  137    479565       504          0       1002      3023       763     190885       9.261
  138    480461       895          0       1002      1907       854     213630      10.365
  139    481215       753          0       1002      2830      1066     266678      11.612
  140    482009       793          0       1002      2465       978     244617      12.818
  141    484246      2237          0       1002      1030      1153     288278      12.581
  142    485188       941          0       1002      2556      1204     301019      13.639
  143    485662       474          0       1002      4859      1152     288207      15.165
  144    486460       798          0       1002      2814      1123     280760      16.367
  145    486993       532          0       1002      4048      1078     269678      17.834
  146    487186       192          0       1002      9110       878     219667      19.641
  147    489160      1973          0       4002      3389      3345     836360      19.667
  148    492872      3711          0       4002      1821      3379     844886      17.955
  149    495607      2735          0       1002       605       827     206855      17.220
  150    496459       852          0       1002      2252       960     240000      18.368
