Seg_#  Arr_time  Del_Time  Stall_Dur  Rep_Level  Del_Rate  Act_Rate  Byte_Size  Buff_Level
    1      8147      8147          0       1002       250      1019     254750       2.000
    2     10071      1923          0       1002      1155      1111     277826       4.000
    3     11539      1468          0       1002      1288       945     236436       4.532
    4     12522       983          0       1002      2276      1119     279808       5.548
    5     13268       745          0       1002      3097      1154     288654       6.803
    6     14378      1110          0       1002      1831      1016     254082       7.693
    7     15306       928          0       1002      2008       932     233115       8.764
    8     16429      1123          0       1002      1641       921     230404       9.641
    9     17217       787          0       1002      1979       779     194933      10.854
   10     17770       552          0       1002      2870       793     198266      12.301
   11     18650       880          0       1002      1845       812     203169      13.420
   12     22728      4077          0       1002       395       806     201716      11.343
   13     26479      3750          0       1002       570      1070     267691       9.592
   14     32355      5876          0       1002       322       946     236530       5.716
   15     40234      7879       2163       1002       206       811     202998       2.000
   16     42836      2601        601       1002       713       927     231991       2.000
   17     44515      1679          0       1002      1253      1052     263035       2.321
   18     45701      1185          0       1002      1866      1106     276603       3.135
   19     46563       862          0       1002      2583      1113     278375       4.273
   20     49649      3086          0       1002       792      1222     305651       3.187
   21     50310       660          0       1002      3467      1145     286426       4.526
   22     51655      1344          0       1002      1621      1090     272598       5.181
   23     52568       912          0       1002      2205      1006     251612       6.268
   24     56207      3639          0       1002       467       850     212723       4.629
   25     57442      1235          0       1002      1485       917     229343       5.394
   26     59884      2441          0       1002       656       801     200468       4.952
   27     61414      1529          0       1002      1071       819     204863       5.422
   28     62821      1406          0       1002      1337       940     235088       6.015
   29     64198      1377          0       1002      1534      1056     264170       6.638
   30     67893      3694          0       1002       475       877     219390       4.943
   31     76202      8309       3365       1002       207       860     215151       2.000
   32     77773      1571          0       1002      1308      1028     257050       2.429
   33     78935      1161          0       1002      1781      1034     258720       3.267
   34     81349      2413          0       1002       900      1086     271582       2.853
   35     82564      1214          0       1002      2023      1229     307361       3.638
   36     96396     13832      10194       1002       173      1200     300176       2.000
   37    100692      4295       2295       1002       488      1049     262322       2.000
   38    103341      2649        649       1002       720       954     238656       2.000
   39    106180      2838        838       1002       649       922     230537       2.000
   40    115379      9199       7199       1002       196       903     225791       2.000
   41    118270      2891        891       1002       582       842     210560       2.000
   42    119757      1487          0       1002      1039       773     193322       2.513
   43    125167      5409       2896       1002       322       871     217898       2.000
   44    128027      2859        859       1002       778      1112     278194       2.000
   45    129536      1508          0       1002      1162       877     219280       2.491
   46    131307      1770          0       1002       971       860     215102       2.720
   47    132148       840          0       1002      2395      1007     251815       3.879
   48    133054       906          0       1002      2250      1019     254855       4.973
   49    133292       238          0       1002      9470      1129     282290       6.735
   50    142467      9174       2440       4002      1018      4673    1168410       2.000
   51    148523      6055       4055       1002       378      1145     286359       2.000
   52    151383      2860        860       1002       760      1087     271950       2.000
   53    152905      1521          0       1002      1333      1014     253536       2.479
   54    153854       949          0       1002      2174      1032     258063       3.529
   55    154702       847          0       1002      2044       866     216653       4.681
   56    157890      3188          0       1002       528       841     210472       3.493
   57    164023      6132       2639       1002       263       808     202110       2.000
   58    165160      1137          0       1002      1395       793     198453       2.862
   59    171025      5864       3002       1002       401      1178     294537       2.000
   60    174384      3358       1358       1002       555       933     233429       2.000
   61    178562      4178       2178       1002       353       738     184579       2.000
   62    186497      7934       5934       1002       230       913     228462       2.000
   63    191488      4991       2991       1002       432      1078     269699       2.000
   64    204624     13135      11135       1002       155      1018     254745       2.000
   65    215141     10517       8517       1002       225      1187     296877       2.000
   66    218701      3559       1559       1002       642      1143     285901       2.000
   67    231349     12648      10648       1002       178      1127     281936       2.000
   68    244051     12702      10702       1002       165      1049     262483       2.000
   69    249843      5791       3791       1002       361      1048     262019       2.000
   70    252251      2408        408       1002       702       846     211534       2.000
   71    257596      5344       3344       1002       318       850     212505       2.000
   72    266438      8841       6841       1002       187       831     207755       2.000
   73    269514      3076       1076       1002       535       823     205946       2.000
   74    272808      3293       1293       1002       665      1095     273908       2.000
   75    274531      1723          0       1002      1087       936     234233       2.277
   76    283405      8874       6597       1002       168       746     186629       2.000
   77    285232      1826          0       1002       989       903     225923       2.173
   78    294882      9650       7476       1002       221      1067     266807       2.000
   79    299574      4692       2692       1002       438      1028     257247       2.000
   80    307720      8145       6145       1002       275      1122     280708       2.000
   81    309291      1571          0       1002      1568      1233     308258       2.428
   82    310791      1499          0       1002      1528      1146     286630       2.928
   83    311846      1054          0       1002      2092      1103     275824       3.874
   84    313730      1883          0       1002      1116      1051     262827       3.990
   85    318783      5053       1063       1002       332       838     209712       2.000
   86    319556       773          0       1002      2358       912     228045       3.226
   87    323093      3536        309       1002       473       836     209238       2.000
   88    324551      1458          0       1002      1115       813     203406       2.542
   89    326189      1637          0       1002      1169       957     239452       2.904
   90    340734     14544      11640       1002       142      1037     259385       2.000
   91    344756      4022       2022       1002       440       885     221335       2.000
   92    347814      3058       1058       1002       535       818     204612       2.000
   93    364977     17163      15163       1002       113       971     242863       2.000
   94    375359     10381       8381       1002       192      1001     250359       2.000
   95    385774     10414       8414       1002       205      1070     267709       2.000
   96    393903      8129       6129       1002       303      1232     308044       2.000
   97    402732      8828       6828       1002       268      1186     296743       2.000
   98    407683      4950       2950       1002       442      1095     273829       2.000
   99    410023      2340        340       1002       842       985     246352       2.000
New connection was opened
  100    418002      7979       5979       1002       232       927     231867       2.000
  101    421153      3150       1150       1002       606       954     238675       2.000
  102    422620      1467          0       1002      1154       847     211800       2.532
  103    423923      1302          0       1002      1196       779     194798       3.230
  104    425088      1165          0       1002      1527       889     222463       4.065
  105    434223      9135       5070       1002       241      1102     275691       2.000
  106    435133       909          0       1002      1901       865     216312       3.090
  107    440826      5693       2603       1002       294       837     209296       2.000
  108    450092      9265       7265       1002       206       956     239197       2.000
  109    454229      4136       2136       1002       485      1005     251312       2.000
  110    461601      7372       5372       1002       284      1047     261945       2.000
  111    470063      8461       6461       1002       292      1238     309607       2.000
  112    472657      2593        593       1002       894      1159     289996       2.000
  113    479165      6507       4507       1002       338      1100     275122       2.000
  114    481262      2097         97       1002       995      1043     260948       2.000
  115    485178      3915       1915       1002       534      1047     261834       2.000
  116    495632     10453       8453       1002       167       876     219248       2.000
  117    498462      2829        829       1002       593       839     209811       2.000
  118    500137      1675          0       1002       977       818     204739       2.324
  119    503192      3054        730       1002       523       799     199847       2.000
  120    504773      1580          0       1002      1481      1170     292674       2.419
  121    505574       801          0       1002      2276       912     228003       3.618
  122    506612      1038          0       1002      1457       756     189170       4.579
  123    507456       843          0       1002      2068       871     217963       5.736
  124    509202      1746          0       1002      1206      1053     263410       5.990
  125    510800      1597          0       1002      1301      1040     260016       6.392
  126    512247      1446          0       1002      1643      1189     297258       6.945
  127    515446      3199          0       1002       700      1120     280031       5.746
  128    516811      1365          0       1002      1699      1160     290002       6.381
  129    517642       830          0       1002      2562      1063     265919       7.550
  130    522898      5256          0       1002       421      1108     277200       4.294
  131    524230      1331          0       1002      1344       895     223847       4.962
  132    528514      4284          0       1002       388       832     208034       2.678
  133    530366      1851          0       1002       884       818     204674       2.826
  134    535190      4824       1998       1002       340       820     205171       2.000
  135    537454      2263        263       1002       961      1088     272093       2.000
  136    541306      3851       1851       1002       490       944     236114       2.000
  137    542666      1360          0       1002      1122       763     190885       2.639
  138    543862      1196          0       1002      1428       854     213630       3.443
  139    545343      1480          0       1002      1440      1066     266678       3.962
  140    547035      1691          0       1002      1156       978     244617       4.271
  141    548673      1638          0       1002      1407      1153     288278       4.632
  142    549755      1081          0       1002      2225      1204     301019       5.550
  143    557227      7471       1921       1002       308      1152     288207       2.000
  144    558972      1745          0       1002      1287      1123     280760       2.255
  145    560520      1548          0       1002      1393      1078     269678       2.707
  146    561795      1274          0       1002      1378       878     219667       3.432
  147    563216      1421          0       1002      1264       898     224679       4.011
  148    564232      1015          0       1002      1595       810     202613       4.995
  149    567338      3106          0       1002       532       827     206855       3.889
  150    568302       964          0       1002      1990       960     240000       4.925
