Seg_#  Arr_time  Del_Time  Stall_Dur  Rep_Level  Del_Rate  Act_Rate  Byte_Size  Buff_Level
    1      4723      4723          0       1002       431      1019     254750       2.000
    2      6278      1555          0       1002      1428      1111     277826       4.000
    3      7950      1671          0       1002      1131       945     236436       4.329
    4      9807      1857          0       1002      1205      1119     279808       4.472
    5     11015      1208          0       1002      1911      1154     288654       5.264
    6     20001      8985       3722       1002       226      1016     254082       2.000
    7     23617      3615       1615       1002       515       932     233115       2.000
    8     29368      5751       3751       1002       320       921     230404       2.000
    9     31686      2317        317       1002       672       779     194933       2.000
   10     33584      1898          0       1002       835       793     198266       2.102
   11     35105      1520          0       1002      1068       812     203169       2.581
   12     41304      6199       3617       1002       260       806     201716       2.000
   13     44364      3060       1060       1002       699      1070     267691       2.000
   14     46175      1811          0       1002      1044       946     236530       2.189
   15     47454      1278          0       1002      1269       811     202998       2.910
   16     51792      4338       1428       1002       427       927     231991       2.000
   17     55818      4025       2025       1002       522      1052     263035       2.000
   18     60168      4349       2349       1002       508      1106     276603       2.000
   19     63545      3377       1377       1002       659      1113     278375       2.000
   20     72997      9452       7452       1002       258      1222     305651       2.000
   21     75724      2726        726       1002       840      1145     286426       2.000
   22     77488      1763          0       1002      1236      1090     272598       2.236
   23     84316      6828       4592       1002       294      1006     251612       2.000
   24     86476      2160        160       1002       787       850     212723       2.000
   25     90126      3650       1650       1002       502       917     229343       2.000
   26     96986      6859       4859       1002       233       801     200468       2.000
   27     98682      1695          0       1002       966       819     204863       2.304
   28    100411      1728          0       1002      1087       940     235088       2.575
   29    102644      2233          0       1002       946      1056     264170       2.342
   30    103628       983          0       1002      1784       877     219390       3.358
   31    104485       857          0       1002      2008       860     215151       4.501
   32    108753      4267          0       1002       481      1028     257050       2.234
   33    109737       984          0       1002      2102      1034     258720       3.249
   34    127515     17777      14528       1002       122      1086     271582       2.000
   35    138296     10781       8781       1002       228      1229     307361       2.000
   36    141769      3472       1472       1002       691      1200     300176       2.000
   37    143869      2099         99       1002       999      1049     262322       2.000
   38    145547      1678          0       1002      1137       954     238656       2.321
   39    147503      1955          0       1002       943       922     230537       2.366
   40    148611      1108          0       1002      1629       903     225791       3.258
   41    149318       706          0       1002      2384       842     210560       4.551
   42    149682       364          0       1002      4241       773     193322       6.187
   43    150173       490          0       1002      3555       871     217898       7.696
   44    152315      2142          0       1002      1038      1112     278194       7.553
   45    156106      3790          0       1002       462       877     219280       5.763
   46    157152      1045          0       1002      1646       860     215102       6.717
   47    157975       823          0       1002      2446      1007     251815       7.894
   48    158711       735          0       1002      2770      1019     254855       9.158
   49    163649      4938          0       1002       457      1129     282290       6.220
   50    168052      4403          0       1002       556      1226     306522       3.816
   51    170815      2762          0       1002       829      1145     286359       3.054
   52    175698      4883       1828       1002       445      1087     271950       2.000
   53    182651      6952       4952       1002       291      1014     253536       2.000
   54    192496      9845       7845       1002       209      1032     258063       2.000
   55    203721     11224       9224       1002       154       866     216653       2.000
   56    207744      4022       2022       1002       418       841     210472       2.000
   57    213058      5314       3314       1002       304       808     202110       2.000
   58    220740      7681       5681       1002       206       793     198453       2.000
   59    231829     11088       9088       1002       212      1178     294537       2.000
   60    235173      3343       1343       1002       558       933     233429       2.000
   61    241364      6191       4191       1002       238       738     184579       2.000
   62    245647      4283       2283       1002       426       913     228462       2.000
   63    250290      4643       2643       1002       464      1078     269699       2.000
   64    260065      9775       7775       1002       208      1018     254745       2.000
   65    269328      9263       7263       1002       256      1187     296877       2.000
   66    275792      6463       4463       1002       353      1143     285901       2.000
   67    278052      2259        259       1002       998      1127     281936       2.000
   68    285023      6970       4970       1002       301      1049     262483       2.000
   69    294153      9130       7130       1002       229      1048     262019       2.000
   70    300546      6392       4392       1002       264       846     211534       2.000
   71    302770      2224        224       1002       764       850     212505       2.000
   72    303474       704          0       1002      2359       831     207755       3.296
   73    303747       272          0       1002      6050       823     205946       5.023
   74    304803      1056          0       1002      2074      1095     273908       5.967
   75    306350      1547          0       1002      1211       936     234233       6.420
   76    307580      1229          0       1002      1213       746     186629       7.190
   77    308998      1418          0       1002      1274       903     225923       7.772
   78    314223      5224          0       1002       408      1067     266807       4.547
   79    315868      1644          0       1002      1251      1028     257247       4.902
   80    322590      6722       1820       1002       334      1122     280708       2.000
   81    323946      1355          0       1002      1818      1233     308258       2.644
   82    328926      4980       2336       1002       460      1146     286630       2.000
   83    329947      1020          0       1002      2162      1103     275824       2.979
   84    331118      1170          0       1002      1796      1051     262827       3.809
   85    335490      4372        563       1002       383       838     209712       2.000
   86    336401       910          0       1002      2003       912     228045       3.089
   87    336994       593          0       1002      2820       836     209238       4.496
   88    337981       986          0       1002      1649       813     203406       5.509
   89    338720       738          0       1002      2594       957     239452       6.771
   90    339326       606          0       1002      3421      1037     259385       8.164
   91    340593      1267          0       1002      1397       885     221335       8.897
   92    341769      1175          0       1002      1392       818     204612       9.721
   93    343058      1289          0       1002      1507       971     242863      10.432
   94    343942       883          0       1002      2265      1001     250359      11.548
   95    344603       661          0       1002      3238      1070     267709      12.887
   96    345488       885          0       1002      2784      1232     308044      14.002
   97    346346       857          0       1002      2769      1186     296743      15.145
   98    347186       839          0       1002      2607      1095     273829      16.305
   99    348560      1374          0       1002      1434       985     246352      16.931
New connection was opened
  100    351215      2654          0       1002       698       927     231867      16.276
  101    353099      1884          0       1002      1013       954     238675      16.391
  102    354505      1406          0       1002      1204       847     211800      16.985
  103    355799      1293          0       1002      1204       779     194798      17.692
  104    356866      1067          0       1002      1667       889     222463      18.624
  105    358161      1294          0       1002      1703      1102     275691      19.329
  106    360264      2102          0       1002       822       865     216312      19.227
  107    361584      1319          0       1002      1268       837     209296      19.907
  108    363535      1950          0       1002       980       956     239197      19.956
  109    364392       857          0       1002      2345      1005     251312      21.099
  110    366412      2019          0       1002      1037      1047     261945      21.079
  111    368156      1744          0       1002      1419      1238     309607      21.334
  112    369103       946          0       1002      2450      1159     289996      22.387
  113    370421      1317          0       1002      1669      1100     275122      23.070
  114    371137       715          0       1002      2917      1043     260948      24.354
  115    373444      2306          0       1002       907      1047     261834      24.047
  116    373994       550          0       1002      3186       876     219248      25.497
  117    374940       946          0       1002      1773       839     209811      26.550
  118    375316       375          0       1002      4363       818     204739      28.175
  119    375630       314          0       1002      5083       799     199847      29.861
  120    376395       764          0       1002      3062      1170     292674      31.096
  121    376992       596          0       1002      3056       912     228003      32.499
  122    377513       521          0       1002      2902       756     189170      33.978
  123    378118       605          0       1002      2880       871     217963      35.372
  124    378677       558          0       1002      3774      1053     263410      36.814
  125    381355      2678          0       1002       776      1040     260016      36.136
  126    382263       908          0       1002      2617      1189     297258      37.228
  127    385242      2979          0       1002       751      1120     280031      36.249
  128    386183       940          0       1002      2466      1160     290002      37.308
  129    386543       359          0       1002      5916      1063     265919      38.948
  130    387122       579          0       1002      3827      1108     277200      40.369
  131    387574       451          0       1002      3962       895     223847      41.917
  132    388079       504          0       1002      3296       832     208034      43.412
  133    388667       588          0       1002      2782       818     204674      44.824
  134    389190       522          0       1002      3139       820     205171      46.301
  135    390329      1138          0       1002      1912      1088     272093      47.162
  136    391192       863          0       1002      2188       944     236114      48.299
  137    394023      2831          0       1002       539       763     190885      47.468
  138    394857       833          0       1002      2049       854     213630      48.634
  139    398240      3382          0       1002       630      1066     266678      47.251
  140    399273      1033          0       1002      1893       978     244617      48.218
  141    401000      1726          0       1002      1335      1153     288278      48.491
  142    402380      1379          0       1002      1745      1204     301019      49.111
  143    403958      1577          0       1002      1461      1152     288207      49.533
  144    406141      2182          0       1002      1028      1123     280760      49.350
  145    407507      1366          0       1002      1579      1078     269678      49.984
  146    408725      1218          0       1002      1442       878     219667      50.766
  147    409708       982          0       1002      1828       898     224679      51.783
  148    410805      1096          0       1002      1478       810     202613      52.686
  149    411764       959          0       1002      1724       827     206855      53.727
  150    413076      1312          0       1002      1463       960     240000      54.415
