Seg_#  Arr_time  Del_Time  Stall_Dur  Rep_Level  Del_Rate  Act_Rate  Byte_Size  Buff_Level
    1      2319      2319          0       1002       878      1019     254750       2.000
    2      8794      6474          0       1002       343      1111     277826       4.000
    3     14059      5264       1264       1002       359       945     236436       2.000
    4     17572      3513       1513       1002       637      1119     279808       2.000
    5     23837      6265       4265       1002       368      1154     288654       2.000
    6     28168      4330       2330       1002       469      1016     254082       2.000
    7     30330      2162        162       1002       862       932     233115       2.000
    8     34741      4410       2410       1002       417       921     230404       2.000
    9     36832      2091         91       1002       745       779     194933       2.000
   10     37892      1060          0       1002      1496       793     198266       2.940
   11     39807      1914          0       1002       849       812     203169       3.026
   12     41209      1402          0       1002      1150       806     201716       3.623
   13     44533      3324          0       1002       644      1070     267691       2.299
   14     50308      5774       3475       1002       327       946     236530       2.000
   15     51482      1174          0       1002      1383       811     202998       2.826
   16     53411      1929          0       1002       961       927     231991       2.896
   17     55203      1791          0       1002      1174      1052     263035       3.105
   18     58933      3730        625       1002       593      1106     276603       2.000
   19     70376     11443       9443       1002       194      1113     278375       2.000
   20     73075      2698        698       1002       906      1222     305651       2.000
   21     74476      1401          0       1002      1634      1145     286426       2.598
   22     77573      3096        498       1002       704      1090     272598       2.000
   23     79413      1840          0       1002      1093      1006     251612       2.160
   24     80971      1558          0       1002      1092       850     212723       2.602
   25     82451      1479          0       1002      1240       917     229343       3.122
   26     83542      1091          0       1002      1469       801     200468       4.031
   27     85159      1616          0       1002      1013       819     204863       4.414
   28     91125      5965       1551       1002       315       940     235088       2.000
   29     95435      4310       2310       1002       490      1056     264170       2.000
   30     97860      2425        425       1002       723       877     219390       2.000
   31    106065      8204       6204       1002       209       860     215151       2.000
   32    119020     12955      10955       1002       158      1028     257050       2.000
   33    128527      9507       7507       1002       217      1034     258720       2.000
   34    133043      4515       2515       1002       481      1086     271582       2.000
   35    141921      8878       6878       1002       276      1229     307361       2.000
   36    143645      1723          0       1002      1393      1200     300176       2.277
   37    144596       951          0       1002      2206      1049     262322       3.325
   38    154698     10101       6776       1002       188       954     238656       2.000
   39    164414      9716       7716       1002       189       922     230537       2.000
   40    167297      2882        882       1002       626       903     225791       2.000
   41    169297      2000          0       1002       842       842     210560       2.000
   42    174924      5626       3626       1002       274       773     193322       2.000
   43    186208     11283       9283       1002       154       871     217898       2.000
   44    197815     11607       9607       1002       191      1112     278194       2.000
   45    200416      2600        600       1002       674       877     219280       2.000
   46    207929      7512       5512       1002       229       860     215102       2.000
   47    231740     23810      21810       1002        84      1007     251815       2.000
   48    241759     10019       8019       1002       203      1019     254855       2.000
   49    245238      3479       1479       1002       649      1129     282290       2.000
   50    253333      8094       6094       1002       302      1226     306522       2.000
   51    263908     10574       8574       1002       216      1145     286359       2.000
   52    268358      4449       2449       1002       488      1087     271950       2.000
   53    270421      2063         63       1002       983      1014     253536       2.000
   54    271796      1375          0       1002      1501      1032     258063       2.625
   55    273375      1578          0       1002      1098       866     216653       3.046
   56    274403      1028          0       1002      1636       841     210472       4.018
   57    275073       669          0       1002      2415       808     202110       5.348
   58    275939       865          0       1002      1833       793     198453       6.482
   59    277230      1291          0       1002      1824      1178     294537       7.191
   60    278053       823          0       1002      2268       933     233429       8.368
   61    278737       683          0       1002      2160       738     184579       9.684
   62    279468       731          0       1002      2498       913     228462      10.953
   63    280845      1376          0       1002      1567      1078     269699      11.576
   64    281916      1070          0       1002      1903      1018     254745      12.506
   65    288461      6545          0       1002       362      1187     296877       7.960
   66    297207      8745        785       1002       261      1143     285901       2.000
   67    298509      1302          0       1002      1732      1127     281936       2.698
   68    299034       525          0       1002      3995      1049     262483       4.172
   69    309293     10258       6085       1002       204      1048     262019       2.000
   70    312814      3521       1521       1002       480       846     211534       2.000
   71    324303     11488       9488       1002       147       850     212505       2.000
   72    328266      3963       1963       1002       419       831     207755       2.000
   73    333989      5722       3722       1002       287       823     205946       2.000
   74    345955     11966       9966       1002       183      1095     273908       2.000
   75    348719      2764        764       1002       677       936     234233       2.000
   76    350833      2113        113       1002       706       746     186629       2.000
   77    353327      2494        494       1002       724       903     225923       2.000
   78    359156      5829       3829       1002       366      1067     266807       2.000
   79    366602      7446       5446       1002       276      1028     257247       2.000
   80    375056      8453       6453       1002       265      1122     280708       2.000
   81    384350      9293       7293       1002       265      1233     308258       2.000
   82    391708      7357       5357       1002       311      1146     286630       2.000
   83    395262      3554       1554       1002       620      1103     275824       2.000
   84    399201      3938       1938       1002       533      1051     262827       2.000
   85    403372      4171       2171       1002       402       838     209712       2.000
   86    408652      5279       3279       1002       345       912     228045       2.000
   87    410581      1929          0       1002       867       836     209238       2.071
   88    412527      1945          0       1002       836       813     203406       2.125
   89    416217      3689       1564       1002       519       957     239452       2.000
   90    418000      1783          0       1002      1163      1037     259385       2.216
   91    425090      7089       4873       1002       249       885     221335       2.000
   92    427556      2466        466       1002       663       818     204612       2.000
   93    429366      1809          0       1002      1073       971     242863       2.190
   94    431117      1750          0       1002      1143      1001     250359       2.439
   95    432651      1533          0       1002      1396      1070     267709       2.905
   96    444461     11809       8904       1002       208      1232     308044       2.000
   97    453425      8963       6963       1002       264      1186     296743       2.000
   98    458326      4901       2901       1002       446      1095     273829       2.000
   99    460917      2590        590       1002       760       985     246352       2.000
New connection was opened
  100    468311      7394       5394       1002       250       927     231867       2.000
  101    472803      4492       2492       1002       425       954     238675       2.000
  102    475707      2904        904       1002       583       847     211800       2.000
  103    478102      2394        394       1002       650       779     194798       2.000
  104    482840      4738       2738       1002       375       889     222463       2.000
  105    485294      2453        453       1002       898      1102     275691       2.000
  106    486545      1251          0       1002      1383       865     216312       2.749
  107    487521       976          0       1002      1714       837     209296       3.773
  108    488760      1239          0       1002      1544       956     239197       4.533
  109    491886      3125          0       1002       643      1005     251312       3.408
  110    495215      3329          0       1002       629      1047     261945       2.078
  111    496977      1761          0       1002      1406      1238     309607       2.317
  112    499056      2078          0       1002      1116      1159     289996       2.238
  113    501055      1999          0       1002      1100      1100     275122       2.239
  114    502625      1570          0       1002      1329      1043     260948       2.669
  115    503860      1235          0       1002      1695      1047     261834       3.434
  116    505065      1204          0       1002      1455       876     219248       4.229
  117    505934       868          0       1002      1932       839     209811       5.360
  118    508734      2800          0       1002       584       818     204739       4.559
  119    510859      2124          0       1002       752       799     199847       4.435
  120    512604      1744          0       1002      1341      1170     292674       4.690
  121    512859       255          0       1002      7147       912     228003       6.435
  122    513634       774          0       1002      1953       756     189170       7.660
  123    515008      1374          0       1002      1268       871     217963       8.285
  124    516181      1173          0       1002      1796      1053     263410       9.112
  125    518935      2753          0       1002       755      1040     260016       8.359
  126    520338      1402          0       1002      1695      1189     297258       8.956
  127    524961      4623          0       1002       484      1120     280031       6.333
  128    532038      7076        743       1002       327      1160     290002       2.000
  129    534340      2302        302       1002       924      1063     265919       2.000
  130    535684      1343          0       1002      1650      1108     277200       2.656
  131    536580       895          0       1002      1998       895     223847       3.760
  132    537169       589          0       1002      2824       832     208034       5.171
  133    537789       619          0       1002      2642       818     204674       6.551
  134    538532       743          0       1002      2207       820     205171       7.808
  135    543158      4625          0       1002       470      1088     272093       5.182
  136    544465      1306          0       1002      1445       944     236114       5.875
  137    545298       832          0       1002      1833       763     190885       7.042
  138    546311      1012          0       1002      1687       854     213630       8.029
  139    550879      4568          0       1002       466      1066     266678       5.461
  140    552563      1683          0       1002      1162       978     244617       5.777
  141    556053      3489          0       1002       660      1153     288278       4.287
  142    559343      3289          0       1002       732      1204     301019       2.997
  143    564464      5121       2124       1002       450      1152     288207       2.000
  144    565918      1453          0       1002      1544      1123     280760       2.546
  145    567100      1181          0       1002      1826      1078     269678       3.365
  146    567960       860          0       1002      2041       878     219667       4.504
  147    568198       237          0       1002      7567       898     224679       6.266
  148    568381       183          0       1002      8845       810     202613       8.083
  149    570184      1803          0       4002      3716      3351     837767       8.280
  150    571634      1449          0       4002      5431      3936     984150       8.830
